2018-09-06 19:11:07,902 - [INFO] - Starting OrdersystemApplication on DESKTOP-3IDJ6KU with PID 13880 (D:\Workspace\IJIDEA\ordersystem\target\classes started by PC in D:\Workspace\IJIDEA\ordersystem)
2018-09-06 19:11:07,908 - [INFO] - The following profiles are active: dev
2018-09-06 19:11:08,090 - [INFO] - Refreshing org.springframework.boot.web.servlet.context.AnnotationConfigServletWebServerApplicationContext@3d34d211: startup date [Thu Sep 06 19:11:08 EDT 2018]; root of context hierarchy
2018-09-06 19:11:09,601 - [INFO] - Multiple Spring Data modules found, entering strict repository configuration mode!
2018-09-06 19:11:09,902 - [INFO] - Multiple Spring Data modules found, entering strict repository configuration mode!
2018-09-06 19:11:09,968 - [INFO] - Spring Data Redis - Could not safely identify store assignment for repository candidate interface com.xxy.ordersystem.dao.AddressDao.
2018-09-06 19:11:09,971 - [INFO] - Spring Data Redis - Could not safely identify store assignment for repository candidate interface com.xxy.ordersystem.dao.BoothDao.
2018-09-06 19:11:09,972 - [INFO] - Spring Data Redis - Could not safely identify store assignment for repository candidate interface com.xxy.ordersystem.dao.CategoryDao.
2018-09-06 19:11:09,972 - [INFO] - Spring Data Redis - Could not safely identify store assignment for repository candidate interface com.xxy.ordersystem.dao.DelivererDao.
2018-09-06 19:11:09,973 - [INFO] - Spring Data Redis - Could not safely identify store assignment for repository candidate interface com.xxy.ordersystem.dao.FeedbackDao.
2018-09-06 19:11:09,974 - [INFO] - Spring Data Redis - Could not safely identify store assignment for repository candidate interface com.xxy.ordersystem.dao.FoodDao.
2018-09-06 19:11:09,974 - [INFO] - Spring Data Redis - Could not safely identify store assignment for repository candidate interface com.xxy.ordersystem.dao.ManagerDao.
2018-09-06 19:11:09,975 - [INFO] - Spring Data Redis - Could not safely identify store assignment for repository candidate interface com.xxy.ordersystem.dao.OrderPrimaryDao.
2018-09-06 19:11:09,976 - [INFO] - Spring Data Redis - Could not safely identify store assignment for repository candidate interface com.xxy.ordersystem.dao.OrdersDetailDao.
2018-09-06 19:11:09,977 - [INFO] - Spring Data Redis - Could not safely identify store assignment for repository candidate interface com.xxy.ordersystem.dao.StudentDao.
2018-09-06 19:11:10,620 - [INFO] - Bean 'org.springframework.transaction.annotation.ProxyTransactionManagementConfiguration' of type [org.springframework.transaction.annotation.ProxyTransactionManagementConfiguration$$EnhancerBySpringCGLIB$$12c1bb6f] is not eligible for getting processed by all BeanPostProcessors (for example: not eligible for auto-proxying)
2018-09-06 19:11:11,311 - [INFO] - Tomcat initialized with port(s): 8080 (http)
2018-09-06 19:11:11,328 - [INFO] - Initializing ProtocolHandler ["http-nio-8080"]
2018-09-06 19:11:11,342 - [INFO] - Starting service [Tomcat]
2018-09-06 19:11:11,343 - [INFO] - Starting Servlet Engine: Apache Tomcat/8.5.31
2018-09-06 19:11:11,351 - [INFO] - The APR based Apache Tomcat Native library which allows optimal performance in production environments was not found on the java.library.path: [C:\Program Files\Java\jdk1.8.0_171\bin;C:\WINDOWS\Sun\Java\bin;C:\WINDOWS\system32;C:\WINDOWS;C:\Program Files (x86)\Common Files\Oracle\Java\javapath;C:\Program Files (x86)\Intel\iCLS Client\;C:\ProgramData\Oracle\Java\javapath;C:\Program Files\Intel\iCLS Client\;C:\Windows\system32;C:\Windows;C:\Windows\System32\Wbem;C:\Windows\System32\WindowsPowerShell\v1.0\;C:\Program Files (x86)\NVIDIA Corporation\PhysX\Common;C:\WINDOWS\system32;C:\WINDOWS;C:\WINDOWS\System32\Wbem;C:\WINDOWS\System32\WindowsPowerShell\v1.0\;C:\Program Files\Java\jdk1.8.0_171\bin;D:\Software\Gwak\GnuWin32\bin;C:\WINDOWS\System32\OpenSSH\;C:\Program Files\Intel\WiFi\bin\;C:\Program Files\Common Files\Intel\WirelessCommon\;C:\Program Files (x86)\Intel\Intel(R) Management Engine Components\DAL;C:\Program Files\Intel\Intel(R) Management Engine Components\DAL;C:\Program Files (x86)\Intel\Intel(R) Management Engine Components\IPT;C:\Program Files\Intel\Intel(R) Management Engine Components\IPT;D:\Software\apache-maven-3.5.3-bin\bin;D:\Software\Git\cmd;D:\Software\Redis\;C:\Users\PC\AppData\Local\Microsoft\WindowsApps;C:\Users\PC\AppData\Local\Markdown Monster;D:\Software\MarkdownMonster\Markdown Monster\Markdown Monster;.]
2018-09-06 19:11:11,553 - [INFO] - Initializing Spring embedded WebApplicationContext
2018-09-06 19:11:11,553 - [INFO] - Root WebApplicationContext: initialization completed in 3463 ms
2018-09-06 19:11:12,001 - [INFO] - Servlet dispatcherServlet mapped to [/]
2018-09-06 19:11:12,008 - [INFO] - Mapping filter: 'characterEncodingFilter' to: [/*]
2018-09-06 19:11:12,008 - [INFO] - Mapping filter: 'hiddenHttpMethodFilter' to: [/*]
2018-09-06 19:11:12,008 - [INFO] - Mapping filter: 'httpPutFormContentFilter' to: [/*]
2018-09-06 19:11:12,008 - [INFO] - Mapping filter: 'requestContextFilter' to: [/*]
2018-09-06 19:11:12,566 - [INFO] - HikariPool-1 - Starting...
2018-09-06 19:11:13,079 - [INFO] - HikariPool-1 - Start completed.
2018-09-06 19:11:13,241 - [INFO] - Building JPA container EntityManagerFactory for persistence unit 'default'
2018-09-06 19:11:13,260 - [INFO] - HHH000204: Processing PersistenceUnitInfo [
	name: default
	...]
2018-09-06 19:11:13,417 - [INFO] - HHH000412: Hibernate Core {5.2.17.Final}
2018-09-06 19:11:13,419 - [INFO] - HHH000206: hibernate.properties not found
2018-09-06 19:11:13,579 - [INFO] - HCANN000001: Hibernate Commons Annotations {5.0.1.Final}
2018-09-06 19:11:14,508 - [INFO] - HHH000400: Using dialect: org.hibernate.dialect.MySQL5Dialect
2018-09-06 19:11:15,452 - [INFO] - Initialized JPA EntityManagerFactory for persistence unit 'default'
2018-09-06 19:11:17,384 - [INFO] - Mapped URL path [/**/favicon.ico] onto handler of type [class org.springframework.web.servlet.resource.ResourceHttpRequestHandler]
2018-09-06 19:11:17,886 - [INFO] - Looking for @ControllerAdvice: org.springframework.boot.web.servlet.context.AnnotationConfigServletWebServerApplicationContext@3d34d211: startup date [Thu Sep 06 19:11:08 EDT 2018]; root of context hierarchy
2018-09-06 19:11:17,948 - [INFO] - spring.jpa.open-in-view is enabled by default. Therefore, database queries may be performed during view rendering. Explicitly configure spring.jpa.open-in-view to disable this warning
2018-09-06 19:11:18,004 - [INFO] - Mapped "{[/deliver/order/confirmDelivered],methods=[GET]}" onto public com.xxy.ordersystem.viewmessage.ResultVO<java.lang.String> com.xxy.ordersystem.controller.deliverer.DelivererOrderController.confirmDelivered(java.lang.String,javax.servlet.http.HttpServletRequest)
2018-09-06 19:11:18,006 - [INFO] - Mapped "{[/deliver/order/startDeliver],methods=[GET]}" onto public com.xxy.ordersystem.viewmessage.ResultVO<java.lang.String> com.xxy.ordersystem.controller.deliverer.DelivererOrderController.startDeliver(java.lang.String,javax.servlet.http.HttpServletRequest)
2018-09-06 19:11:18,013 - [INFO] - Mapped "{[/manage/booth/add],methods=[POST]}" onto public org.springframework.web.servlet.ModelAndView com.xxy.ordersystem.controller.manager.ManageBoothController.add(com.xxy.ordersystem.form.BoothForm,org.springframework.validation.BindingResult,java.util.Map<java.lang.String, java.lang.Object>,java.lang.Integer,java.lang.String)
2018-09-06 19:11:18,014 - [INFO] - Mapped "{[/manage/booth/update],methods=[POST]}" onto public org.springframework.web.servlet.ModelAndView com.xxy.ordersystem.controller.manager.ManageBoothController.update(java.util.Map<java.lang.String, java.lang.Object>,com.xxy.ordersystem.form.BoothForm,org.springframework.validation.BindingResult)
2018-09-06 19:11:18,015 - [INFO] - Mapped "{[/manage/booth/delete],methods=[GET]}" onto public com.xxy.ordersystem.viewmessage.ResultVO com.xxy.ordersystem.controller.manager.ManageBoothController.delete(java.lang.String)
2018-09-06 19:11:18,015 - [INFO] - Mapped "{[/manage/booth/list],methods=[GET]}" onto public org.springframework.web.servlet.ModelAndView com.xxy.ordersystem.controller.manager.ManageBoothController.list(java.lang.Integer,java.lang.Integer,java.lang.Integer,java.util.Map<java.lang.String, java.lang.Object>)
2018-09-06 19:11:18,016 - [INFO] - Mapped "{[/manage/booth/detail],methods=[GET]}" onto public org.springframework.web.servlet.ModelAndView com.xxy.ordersystem.controller.manager.ManageBoothController.detail(java.lang.String,java.util.Map<java.lang.String, java.lang.Object>)
2018-09-06 19:11:18,017 - [INFO] - Mapped "{[/manage/booth/updateState],methods=[POST]}" onto public org.springframework.web.servlet.ModelAndView com.xxy.ordersystem.controller.manager.ManageBoothController.updateState(java.util.Map<java.lang.String, java.lang.Object>,java.lang.Integer,java.lang.String)
2018-09-06 19:11:18,017 - [INFO] - Mapped "{[/manage/booth/addReq],methods=[GET]}" onto public org.springframework.web.servlet.ModelAndView com.xxy.ordersystem.controller.manager.ManageBoothController.addReq(java.util.Map<java.lang.String, java.lang.Object>)
2018-09-06 19:11:18,018 - [INFO] - Mapped "{[/manage/booth/updatePassword],methods=[POST]}" onto public org.springframework.web.servlet.ModelAndView com.xxy.ordersystem.controller.manager.ManageBoothController.updatePassword(java.util.Map<java.lang.String, java.lang.Object>,java.lang.String,java.lang.String)
2018-09-06 19:11:18,019 - [INFO] - Mapped "{[/manage/booth/updateImg],methods=[POST]}" onto public org.springframework.web.servlet.ModelAndView com.xxy.ordersystem.controller.manager.ManageBoothController.updateImg(java.util.Map<java.lang.String, java.lang.Object>,java.lang.String,java.lang.String,org.springframework.web.multipart.MultipartFile)
2018-09-06 19:11:18,024 - [INFO] - Mapped "{[/manage/deliver/add],methods=[POST]}" onto public org.springframework.web.servlet.ModelAndView com.xxy.ordersystem.controller.manager.ManageDelivererController.add(com.xxy.ordersystem.form.DelivererForm,org.springframework.validation.BindingResult,java.util.Map<java.lang.String, java.lang.Object>,java.lang.Integer,java.lang.String)
2018-09-06 19:11:18,025 - [INFO] - Mapped "{[/manage/deliver/update],methods=[POST]}" onto public org.springframework.web.servlet.ModelAndView com.xxy.ordersystem.controller.manager.ManageDelivererController.update(java.util.Map<java.lang.String, java.lang.Object>,com.xxy.ordersystem.form.DelivererForm,org.springframework.validation.BindingResult,java.lang.Integer)
2018-09-06 19:11:18,026 - [INFO] - Mapped "{[/manage/deliver/delete],methods=[GET]}" onto public com.xxy.ordersystem.viewmessage.ResultVO com.xxy.ordersystem.controller.manager.ManageDelivererController.delete(java.lang.String)
2018-09-06 19:11:18,027 - [INFO] - Mapped "{[/manage/deliver/list],methods=[GET]}" onto public org.springframework.web.servlet.ModelAndView com.xxy.ordersystem.controller.manager.ManageDelivererController.list(java.lang.Integer,java.lang.Integer,java.lang.Integer,java.util.Map<java.lang.String, java.lang.Object>)
2018-09-06 19:11:18,027 - [INFO] - Mapped "{[/manage/deliver/detail],methods=[GET]}" onto public org.springframework.web.servlet.ModelAndView com.xxy.ordersystem.controller.manager.ManageDelivererController.detail(java.lang.String,java.util.Map<java.lang.String, java.lang.Object>)
2018-09-06 19:11:18,028 - [INFO] - Mapped "{[/manage/deliver/updateState],methods=[POST]}" onto public org.springframework.web.servlet.ModelAndView com.xxy.ordersystem.controller.manager.ManageDelivererController.updateState(java.util.Map<java.lang.String, java.lang.Object>,java.lang.Integer,java.lang.String)
2018-09-06 19:11:18,029 - [INFO] - Mapped "{[/manage/deliver/addReq],methods=[GET]}" onto public org.springframework.web.servlet.ModelAndView com.xxy.ordersystem.controller.manager.ManageDelivererController.addReq(java.util.Map<java.lang.String, java.lang.Object>)
2018-09-06 19:11:18,030 - [INFO] - Mapped "{[/manage/deliver/updatePassword],methods=[POST]}" onto public org.springframework.web.servlet.ModelAndView com.xxy.ordersystem.controller.manager.ManageDelivererController.updatePassword(java.util.Map<java.lang.String, java.lang.Object>,java.lang.String,java.lang.String)
2018-09-06 19:11:18,033 - [INFO] - Mapped "{[/manage/feedback/list],methods=[GET]}" onto public com.xxy.ordersystem.viewmessage.ResultVO com.xxy.ordersystem.controller.manager.ManageFeedbackController.list(java.lang.Integer,java.lang.Integer,java.lang.Integer)
2018-09-06 19:11:18,034 - [INFO] - Mapped "{[/manage/feedback/ignore],methods=[GET]}" onto public com.xxy.ordersystem.viewmessage.ResultVO com.xxy.ordersystem.controller.manager.ManageFeedbackController.ignore(java.lang.String,java.util.Map<java.lang.String, java.lang.Object>)
2018-09-06 19:11:18,034 - [INFO] - Mapped "{[/manage/feedback/listPage],methods=[GET]}" onto public org.springframework.web.servlet.ModelAndView com.xxy.ordersystem.controller.manager.ManageFeedbackController.listPage(java.lang.Integer,java.lang.Integer,java.lang.Integer,java.util.Map<java.lang.String, java.lang.Object>)
2018-09-06 19:11:18,035 - [INFO] - Mapped "{[/manage/feedback/countState],methods=[GET]}" onto public com.xxy.ordersystem.viewmessage.ResultVO com.xxy.ordersystem.controller.manager.ManageFeedbackController.countState(java.lang.Integer)
2018-09-06 19:11:18,036 - [INFO] - Mapped "{[/manage/feedback/solve],methods=[GET]}" onto public com.xxy.ordersystem.viewmessage.ResultVO com.xxy.ordersystem.controller.manager.ManageFeedbackController.solve(java.lang.String,java.util.Map<java.lang.String, java.lang.Object>)
2018-09-06 19:11:18,041 - [INFO] - Mapped "{[/manage/home/home],methods=[GET]}" onto public org.springframework.web.servlet.ModelAndView com.xxy.ordersystem.controller.manager.ManageHomeController.home(java.util.Map<java.lang.String, java.lang.Object>)
2018-09-06 19:11:18,042 - [INFO] - Mapped "{[/manage/order/list],methods=[GET]}" onto public org.springframework.web.servlet.ModelAndView com.xxy.ordersystem.controller.manager.ManageOrderController.getAllOrders(java.lang.Integer,java.lang.Integer,java.lang.Integer,java.util.Map<java.lang.String, java.lang.Object>)
2018-09-06 19:11:18,044 - [INFO] - Mapped "{[/manage/security/logout],methods=[GET]}" onto public org.springframework.web.servlet.ModelAndView com.xxy.ordersystem.controller.manager.ManageSecurityController.logout(javax.servlet.http.HttpServletRequest,javax.servlet.http.HttpServletResponse,java.util.Map<java.lang.String, java.lang.Object>)
2018-09-06 19:11:18,045 - [INFO] - Mapped "{[/manage/security/login],methods=[POST]}" onto public org.springframework.web.servlet.ModelAndView com.xxy.ordersystem.controller.manager.ManageSecurityController.login(java.lang.String,java.lang.String,java.util.Map<java.lang.String, java.lang.Object>,javax.servlet.http.HttpServletResponse,javax.servlet.http.HttpServletRequest)
2018-09-06 19:11:18,045 - [INFO] - Mapped "{[/manage/security/loginReq],methods=[GET]}" onto public org.springframework.web.servlet.ModelAndView com.xxy.ordersystem.controller.manager.ManageSecurityController.loginReq(java.util.Map<java.lang.String, java.lang.Object>)
2018-09-06 19:11:18,047 - [INFO] - Mapped "{[/manage/user/list],methods=[GET]}" onto public org.springframework.web.servlet.ModelAndView com.xxy.ordersystem.controller.manager.ManageUserController.list(java.lang.Integer,java.lang.Integer,java.lang.Integer,java.util.Map<java.lang.String, java.lang.Object>)
2018-09-06 19:11:18,049 - [INFO] - Mapped "{[/owner/booth/update],methods=[POST]}" onto public com.xxy.ordersystem.viewmessage.ResultVO com.xxy.ordersystem.controller.owner.OwnerBoothController.update(com.xxy.ordersystem.form.BoothForm,org.springframework.validation.BindingResult)
2018-09-06 19:11:18,049 - [INFO] - Mapped "{[/owner/booth/detail],methods=[GET]}" onto public com.xxy.ordersystem.viewmessage.ResultVO<com.xxy.ordersystem.viewmessage.viewobject.BoothVO> com.xxy.ordersystem.controller.owner.OwnerBoothController.detail(java.lang.String)
2018-09-06 19:11:18,050 - [INFO] - Mapped "{[/owner/booth/disable],methods=[GET]}" onto public com.xxy.ordersystem.viewmessage.ResultVO com.xxy.ordersystem.controller.owner.OwnerBoothController.disbale(java.lang.String)
2018-09-06 19:11:18,052 - [INFO] - Mapped "{[/owner/order/cancel],methods=[GET]}" onto public com.xxy.ordersystem.viewmessage.ResultVO com.xxy.ordersystem.controller.owner.OwnerOrderController.cancel(javax.servlet.http.HttpServletRequest,java.lang.String,java.lang.String)
2018-09-06 19:11:18,053 - [INFO] - Mapped "{[/owner/order/startPrepare],methods=[POST]}" onto public com.xxy.ordersystem.viewmessage.ResultVO<java.lang.String> com.xxy.ordersystem.controller.owner.OwnerOrderController.startPrepare(java.lang.String,javax.servlet.http.HttpServletRequest)
2018-09-06 19:11:18,054 - [INFO] - Mapped "{[/owner/order/finishPrepare],methods=[POST]}" onto public com.xxy.ordersystem.viewmessage.ResultVO<java.lang.String> com.xxy.ordersystem.controller.owner.OwnerOrderController.finishPrepare(java.lang.String,javax.servlet.http.HttpServletRequest)
2018-09-06 19:11:18,055 - [INFO] - Mapped "{[/owner/order/listAll],methods=[GET]}" onto public org.springframework.web.servlet.ModelAndView com.xxy.ordersystem.controller.owner.OwnerOrderController.listAll(java.lang.Integer,java.lang.Integer,java.lang.String,java.util.Map<java.lang.String, java.lang.Object>)
2018-09-06 19:11:18,057 - [INFO] - Mapped "{[/user/address/add],methods=[POST]}" onto public com.xxy.ordersystem.viewmessage.ResultVO com.xxy.ordersystem.controller.user.UserAddressController.add(com.xxy.ordersystem.form.AddressForm,org.springframework.validation.BindingResult)
2018-09-06 19:11:18,057 - [INFO] - Mapped "{[/user/address/update],methods=[POST]}" onto public com.xxy.ordersystem.viewmessage.ResultVO com.xxy.ordersystem.controller.user.UserAddressController.update(com.xxy.ordersystem.form.AddressForm,org.springframework.validation.BindingResult)
2018-09-06 19:11:18,058 - [INFO] - Mapped "{[/user/address/delete],methods=[GET]}" onto public com.xxy.ordersystem.viewmessage.ResultVO com.xxy.ordersystem.controller.user.UserAddressController.delete(java.lang.String,java.lang.String)
2018-09-06 19:11:18,059 - [INFO] - Mapped "{[/user/address/setDefault],methods=[GET]}" onto public com.xxy.ordersystem.viewmessage.ResultVO com.xxy.ordersystem.controller.user.UserAddressController.setDefault(java.lang.String,java.lang.String)
2018-09-06 19:11:18,059 - [INFO] - Mapped "{[/user/address/list],methods=[GET]}" onto public com.xxy.ordersystem.viewmessage.ResultVO<java.util.List<com.xxy.ordersystem.viewmessage.viewobject.AddressVO>> com.xxy.ordersystem.controller.user.UserAddressController.getAllAddress(java.lang.String)
2018-09-06 19:11:18,060 - [INFO] - Mapped "{[/user/booth/list],methods=[GET]}" onto public com.xxy.ordersystem.viewmessage.ResultVO<java.util.List<com.xxy.ordersystem.viewmessage.viewobject.BoothVO>> com.xxy.ordersystem.controller.user.UserBoothController.list(java.lang.Integer,java.lang.Integer,java.lang.Integer)
2018-09-06 19:11:18,061 - [INFO] - Mapped "{[/user/booth/detail],methods=[GET]}" onto public com.xxy.ordersystem.viewmessage.ResultVO<com.xxy.ordersystem.viewmessage.viewobject.BoothVO> com.xxy.ordersystem.controller.user.UserBoothController.detail(java.lang.String)
2018-09-06 19:11:18,061 - [INFO] - Mapped "{[/user/booth/detailByFid],methods=[GET]}" onto public com.xxy.ordersystem.viewmessage.ResultVO<com.xxy.ordersystem.viewmessage.viewobject.BoothVO> com.xxy.ordersystem.controller.user.UserBoothController.detailByFid(java.lang.String)
2018-09-06 19:11:18,062 - [INFO] - Mapped "{[/user/deliver/tracking]}" onto public com.xxy.ordersystem.viewmessage.ResultVO com.xxy.ordersystem.controller.user.UserDelivererController.tracking(java.lang.String)
2018-09-06 19:11:18,064 - [INFO] - Mapped "{[/user/food/list],methods=[GET]}" onto public com.xxy.ordersystem.viewmessage.ResultVO<java.util.List<com.xxy.ordersystem.viewmessage.viewobject.FoodVO>> com.xxy.ordersystem.controller.user.UserFoodController.list(java.lang.Integer,java.lang.Integer,java.lang.String)
2018-09-06 19:11:18,065 - [INFO] - Mapped "{[/user/food/listAllFood],methods=[GET]}" onto public com.xxy.ordersystem.viewmessage.ResultVO com.xxy.ordersystem.controller.user.UserFoodController.listAllFood()
2018-09-06 19:11:18,066 - [INFO] - Mapped "{[/user/info/adv],methods=[GET]}" onto public com.xxy.ordersystem.viewmessage.ResultVO<java.util.List<java.lang.String>> com.xxy.ordersystem.controller.user.UserInfoController.ads()
2018-09-06 19:11:18,066 - [INFO] - Mapped "{[/user/info/recommend],methods=[GET]}" onto public com.xxy.ordersystem.viewmessage.ResultVO<java.util.List<com.xxy.ordersystem.viewmessage.viewobject.BoothVO>> com.xxy.ordersystem.controller.user.UserInfoController.recommend()
2018-09-06 19:11:18,072 - [INFO] - Mapped "{[/user/order/create],methods=[POST]}" onto public com.xxy.ordersystem.viewmessage.ResultVO<java.lang.String> com.xxy.ordersystem.controller.user.UserOrderController.create(javax.servlet.http.HttpServletRequest,com.xxy.ordersystem.form.OrderForm,org.springframework.validation.BindingResult)
2018-09-06 19:11:18,073 - [INFO] - Mapped "{[/user/order/cancel],methods=[GET]}" onto public com.xxy.ordersystem.viewmessage.ResultVO com.xxy.ordersystem.controller.user.UserOrderController.cancel(javax.servlet.http.HttpServletRequest,java.lang.String,java.lang.String)
2018-09-06 19:11:18,073 - [INFO] - Mapped "{[/user/order/list],methods=[GET]}" onto public com.xxy.ordersystem.viewmessage.ResultVO<java.util.List<com.xxy.ordersystem.viewmessage.viewobject.OrderVO>> com.xxy.ordersystem.controller.user.UserOrderController.getAllOrders(java.lang.String,java.lang.Integer,java.lang.Integer,java.lang.Integer)
2018-09-06 19:11:18,074 - [INFO] - Mapped "{[/user/order/detail],methods=[GET]}" onto public com.xxy.ordersystem.viewmessage.ResultVO<com.xxy.ordersystem.dto.OrderDTO> com.xxy.ordersystem.controller.user.UserOrderController.getOrdersById(java.lang.String,java.lang.String)
2018-09-06 19:11:18,074 - [INFO] - Mapped "{[/user/order/confirmReceived],methods=[GET]}" onto public com.xxy.ordersystem.viewmessage.ResultVO<java.lang.String> com.xxy.ordersystem.controller.user.UserOrderController.confirmReceived(javax.servlet.http.HttpServletRequest,java.lang.String)
2018-09-06 19:11:18,075 - [INFO] - Mapped "{[/user/order/changeAddress],methods=[GET]}" onto public com.xxy.ordersystem.viewmessage.ResultVO com.xxy.ordersystem.controller.user.UserOrderController.changeAddress(javax.servlet.http.HttpServletRequest,java.lang.String,java.lang.String)
2018-09-06 19:11:18,075 - [INFO] - Mapped "{[/user/order/paymentConfirm],methods=[GET]}" onto public com.xxy.ordersystem.viewmessage.ResultVO com.xxy.ordersystem.controller.user.UserOrderController.paymentConfirm(java.lang.String)
2018-09-06 19:11:18,076 - [INFO] - Mapped "{[/user/order/applyRefund],methods=[GET]}" onto public com.xxy.ordersystem.viewmessage.ResultVO com.xxy.ordersystem.controller.user.UserOrderController.applyRefund(javax.servlet.http.HttpServletRequest,java.lang.String,java.lang.String)
2018-09-06 19:11:18,077 - [INFO] - Mapped "{[/user/res/addAdvImg],methods=[POST]}" onto public com.xxy.ordersystem.viewmessage.ResultVO<com.xxy.ordersystem.viewmessage.UploadFileResponse> com.xxy.ordersystem.controller.user.UserResourceController.addAdvImg(org.springframework.web.multipart.MultipartFile)
2018-09-06 19:11:18,077 - [INFO] - Mapped "{[/user/res/addBImg],methods=[POST]}" onto public com.xxy.ordersystem.viewmessage.ResultVO<com.xxy.ordersystem.viewmessage.UploadFileResponse> com.xxy.ordersystem.controller.user.UserResourceController.addBImg(org.springframework.web.multipart.MultipartFile,java.lang.String)
2018-09-06 19:11:18,078 - [INFO] - Mapped "{[/user/res/getQR],methods=[GET]}" onto public org.springframework.http.ResponseEntity<?> com.xxy.ordersystem.controller.user.UserResourceController.getQR()
2018-09-06 19:11:18,078 - [INFO] - Mapped "{[/user/res/addFImg],methods=[POST]}" onto public com.xxy.ordersystem.viewmessage.ResultVO<com.xxy.ordersystem.viewmessage.UploadFileResponse> com.xxy.ordersystem.controller.user.UserResourceController.addFImg(org.springframework.web.multipart.MultipartFile,java.lang.String,java.lang.String)
2018-09-06 19:11:18,079 - [INFO] - Mapped "{[/user/search/all],methods=[GET]}" onto public com.xxy.ordersystem.viewmessage.ResultVO<com.xxy.ordersystem.viewmessage.viewobject.SearchResultVO> com.xxy.ordersystem.controller.user.UserSearchController.searchAll(java.lang.String,java.lang.String,java.lang.Integer,java.lang.Integer)
2018-09-06 19:11:18,083 - [INFO] - Mapped "{[/error]}" onto public org.springframework.http.ResponseEntity<java.util.Map<java.lang.String, java.lang.Object>> org.springframework.boot.autoconfigure.web.servlet.error.BasicErrorController.error(javax.servlet.http.HttpServletRequest)
2018-09-06 19:11:18,085 - [INFO] - Mapped "{[/error],produces=[text/html]}" onto public org.springframework.web.servlet.ModelAndView org.springframework.boot.autoconfigure.web.servlet.error.BasicErrorController.errorHtml(javax.servlet.http.HttpServletRequest,javax.servlet.http.HttpServletResponse)
2018-09-06 19:11:18,153 - [INFO] - Mapped URL path [/webjars/**] onto handler of type [class org.springframework.web.servlet.resource.ResourceHttpRequestHandler]
2018-09-06 19:11:18,153 - [INFO] - Mapped URL path [/static/**] onto handler of type [class org.springframework.web.servlet.resource.ResourceHttpRequestHandler]
2018-09-06 19:11:18,189 - [INFO] - Detected @ExceptionHandler methods in saleExceptionHangler
2018-09-06 19:11:18,293 - [INFO] - Adding welcome page template: index
2018-09-06 19:11:19,183 - [INFO] - ClassTemplateLoader for Spring macros added to FreeMarker configuration
2018-09-06 19:11:19,458 - [INFO] - Registering @ServerEndpoint class: class com.xxy.ordersystem.service.UpperService.imp.WebSocket
2018-09-06 19:11:19,468 - [INFO] - Registering beans for JMX exposure on startup
2018-09-06 19:11:19,470 - [INFO] - Bean with name 'dataSource' has been autodetected for JMX exposure
2018-09-06 19:11:19,480 - [INFO] - Located MBean 'dataSource': registering with JMX server as MBean [com.zaxxer.hikari:name=dataSource,type=HikariDataSource]
2018-09-06 19:11:19,505 - [INFO] - Starting ProtocolHandler ["http-nio-8080"]
2018-09-06 19:11:19,522 - [INFO] - Using a shared selector for servlet write/read
2018-09-06 19:11:19,546 - [INFO] - Tomcat started on port(s): 8080 (http) with context path '/os'
2018-09-06 19:11:19,551 - [INFO] - Started OrdersystemApplication in 13.222 seconds (JVM running for 18.472)
2018-09-06 19:12:24,518 - [INFO] - Initializing Spring FrameworkServlet 'dispatcherServlet'
2018-09-06 19:12:24,518 - [INFO] - FrameworkServlet 'dispatcherServlet': initialization started
2018-09-06 19:12:24,554 - [INFO] - FrameworkServlet 'dispatcherServlet': initialization completed in 36 ms
2018-09-06 19:12:25,224 - [INFO] - 【登陆校验】class com.xxy.ordersystem.aspect.ManagerAuthorizeAspect - Session中查不到token, 用户未登录。
