2018-08-17 04:33:27,453 - [INFO] - Starting OrdersystemApplication on DESKTOP-3IDJ6KU with PID 25744 (D:\Workspace\IJIDEA\ordersystem\target\classes started by PC in D:\Workspace\IJIDEA\ordersystem)
2018-08-17 04:33:27,471 - [INFO] - No active profile set, falling back to default profiles: default
2018-08-17 04:33:27,874 - [INFO] - Refreshing org.springframework.boot.web.servlet.context.AnnotationConfigServletWebServerApplicationContext@1b765a2c: startup date [Fri Aug 17 04:33:27 EDT 2018]; root of context hierarchy
2018-08-17 04:33:32,234 - [INFO] - Multiple Spring Data modules found, entering strict repository configuration mode!
2018-08-17 04:33:32,429 - [INFO] - Multiple Spring Data modules found, entering strict repository configuration mode!
2018-08-17 04:33:32,485 - [INFO] - Spring Data Redis - Could not safely identify store assignment for repository candidate interface com.xxy.ordersystem.dao.AddressDao.
2018-08-17 04:33:32,487 - [INFO] - Spring Data Redis - Could not safely identify store assignment for repository candidate interface com.xxy.ordersystem.dao.BoothDao.
2018-08-17 04:33:32,488 - [INFO] - Spring Data Redis - Could not safely identify store assignment for repository candidate interface com.xxy.ordersystem.dao.CategoryDao.
2018-08-17 04:33:32,488 - [INFO] - Spring Data Redis - Could not safely identify store assignment for repository candidate interface com.xxy.ordersystem.dao.DelivererDao.
2018-08-17 04:33:32,489 - [INFO] - Spring Data Redis - Could not safely identify store assignment for repository candidate interface com.xxy.ordersystem.dao.FoodDao.
2018-08-17 04:33:32,490 - [INFO] - Spring Data Redis - Could not safely identify store assignment for repository candidate interface com.xxy.ordersystem.dao.OrderPrimaryDao.
2018-08-17 04:33:32,491 - [INFO] - Spring Data Redis - Could not safely identify store assignment for repository candidate interface com.xxy.ordersystem.dao.OrdersDetailDao.
2018-08-17 04:33:32,492 - [INFO] - Spring Data Redis - Could not safely identify store assignment for repository candidate interface com.xxy.ordersystem.dao.StudentDao.
2018-08-17 04:33:33,780 - [INFO] - Bean 'org.springframework.transaction.annotation.ProxyTransactionManagementConfiguration' of type [org.springframework.transaction.annotation.ProxyTransactionManagementConfiguration$$EnhancerBySpringCGLIB$$b33991dc] is not eligible for getting processed by all BeanPostProcessors (for example: not eligible for auto-proxying)
2018-08-17 04:33:35,491 - [INFO] - Tomcat initialized with port(s): 8080 (http)
2018-08-17 04:33:35,701 - [INFO] - Initializing ProtocolHandler ["http-nio-8080"]
2018-08-17 04:33:35,732 - [INFO] - Starting service [Tomcat]
2018-08-17 04:33:35,732 - [INFO] - Starting Servlet Engine: Apache Tomcat/8.5.31
2018-08-17 04:33:35,773 - [INFO] - The APR based Apache Tomcat Native library which allows optimal performance in production environments was not found on the java.library.path: [C:\Program Files\Java\jdk1.8.0_171\bin;C:\WINDOWS\Sun\Java\bin;C:\WINDOWS\system32;C:\WINDOWS;C:\Program Files (x86)\Common Files\Oracle\Java\javapath;C:\Program Files (x86)\Intel\iCLS Client\;C:\ProgramData\Oracle\Java\javapath;C:\Program Files\Intel\iCLS Client\;C:\Windows\system32;C:\Windows;C:\Windows\System32\Wbem;C:\Windows\System32\WindowsPowerShell\v1.0\;C:\Program Files (x86)\NVIDIA Corporation\PhysX\Common;C:\WINDOWS\system32;C:\WINDOWS;C:\WINDOWS\System32\Wbem;C:\WINDOWS\System32\WindowsPowerShell\v1.0\;C:\Program Files\Java\jdk1.8.0_171\bin;D:\Software\Gwak\GnuWin32\bin;C:\WINDOWS\System32\OpenSSH\;C:\Program Files\Intel\WiFi\bin\;C:\Program Files\Common Files\Intel\WirelessCommon\;C:\Program Files (x86)\Intel\Intel(R) Management Engine Components\DAL;C:\Program Files\Intel\Intel(R) Management Engine Components\DAL;C:\Program Files (x86)\Intel\Intel(R) Management Engine Components\IPT;C:\Program Files\Intel\Intel(R) Management Engine Components\IPT;D:\Software\apache-maven-3.5.3-bin\bin;D:\Software\Git\cmd;D:\Software\Redis\;C:\Users\PC\AppData\Local\Microsoft\WindowsApps;;.]
2018-08-17 04:33:36,179 - [INFO] - Initializing Spring embedded WebApplicationContext
2018-08-17 04:33:36,179 - [INFO] - Root WebApplicationContext: initialization completed in 8305 ms
2018-08-17 04:33:36,401 - [INFO] - Servlet dispatcherServlet mapped to [/]
2018-08-17 04:33:36,407 - [INFO] - Mapping filter: 'characterEncodingFilter' to: [/*]
2018-08-17 04:33:36,407 - [INFO] - Mapping filter: 'hiddenHttpMethodFilter' to: [/*]
2018-08-17 04:33:36,407 - [INFO] - Mapping filter: 'httpPutFormContentFilter' to: [/*]
2018-08-17 04:33:36,407 - [INFO] - Mapping filter: 'requestContextFilter' to: [/*]
2018-08-17 04:33:37,207 - [INFO] - HikariPool-1 - Starting...
2018-08-17 04:33:37,795 - [INFO] - HikariPool-1 - Start completed.
2018-08-17 04:33:38,054 - [INFO] - Building JPA container EntityManagerFactory for persistence unit 'default'
2018-08-17 04:33:38,330 - [INFO] - HHH000204: Processing PersistenceUnitInfo [
	name: default
	...]
2018-08-17 04:33:38,549 - [INFO] - HHH000412: Hibernate Core {5.2.17.Final}
2018-08-17 04:33:38,551 - [INFO] - HHH000206: hibernate.properties not found
2018-08-17 04:33:38,664 - [INFO] - HCANN000001: Hibernate Commons Annotations {5.0.1.Final}
2018-08-17 04:33:50,684 - [INFO] - HHH000400: Using dialect: org.hibernate.dialect.MySQL5Dialect
2018-08-17 04:33:51,829 - [INFO] - Initialized JPA EntityManagerFactory for persistence unit 'default'
2018-08-17 04:33:53,385 - [INFO] - Exception encountered during context initialization - cancelling refresh attempt: org.springframework.beans.factory.UnsatisfiedDependencyException: Error creating bean with name 'manageOrderController': Unsatisfied dependency expressed through field 'orderService'; nested exception is org.springframework.beans.factory.UnsatisfiedDependencyException: Error creating bean with name 'orderServiceImp': Unsatisfied dependency expressed through field 'orderPrimaryService'; nested exception is org.springframework.beans.factory.UnsatisfiedDependencyException: Error creating bean with name 'orderPrimaryServiceImp': Unsatisfied dependency expressed through field 'orderPrimaryDao'; nested exception is org.springframework.beans.factory.BeanCreationException: Error creating bean with name 'orderPrimaryDao': Invocation of init method failed; nested exception is java.lang.IllegalArgumentException: Failed to create query for method public abstract java.util.List com.xxy.ordersystem.dao.OrderPrimaryDao.findAllByAId(java.lang.String)! No property aId found for type OrdersPrimary! Did you mean 'OPId','bId','BId','dId','DId','oPId','sId','SId'?
2018-08-17 04:33:53,404 - [INFO] - Closing JPA EntityManagerFactory for persistence unit 'default'
2018-08-17 04:33:53,406 - [INFO] - HikariPool-1 - Shutdown initiated...
2018-08-17 04:33:53,413 - [INFO] - HikariPool-1 - Shutdown completed.
2018-08-17 04:33:53,415 - [INFO] - Stopping service [Tomcat]
2018-08-17 04:33:53,433 - [INFO] - 

Error starting ApplicationContext. To display the conditions report re-run your application with 'debug' enabled.
2018-08-17 04:41:14,231 - [INFO] - Starting OrdersystemApplication on DESKTOP-3IDJ6KU with PID 1996 (D:\Workspace\IJIDEA\ordersystem\target\classes started by PC in D:\Workspace\IJIDEA\ordersystem)
2018-08-17 04:41:14,236 - [INFO] - No active profile set, falling back to default profiles: default
2018-08-17 04:41:14,349 - [INFO] - Refreshing org.springframework.boot.web.servlet.context.AnnotationConfigServletWebServerApplicationContext@37052337: startup date [Fri Aug 17 04:41:14 EDT 2018]; root of context hierarchy
2018-08-17 04:41:15,171 - [INFO] - Multiple Spring Data modules found, entering strict repository configuration mode!
2018-08-17 04:41:15,294 - [INFO] - Multiple Spring Data modules found, entering strict repository configuration mode!
2018-08-17 04:41:15,330 - [INFO] - Spring Data Redis - Could not safely identify store assignment for repository candidate interface com.xxy.ordersystem.dao.AddressDao.
2018-08-17 04:41:15,333 - [INFO] - Spring Data Redis - Could not safely identify store assignment for repository candidate interface com.xxy.ordersystem.dao.BoothDao.
2018-08-17 04:41:15,333 - [INFO] - Spring Data Redis - Could not safely identify store assignment for repository candidate interface com.xxy.ordersystem.dao.CategoryDao.
2018-08-17 04:41:15,334 - [INFO] - Spring Data Redis - Could not safely identify store assignment for repository candidate interface com.xxy.ordersystem.dao.DelivererDao.
2018-08-17 04:41:15,334 - [INFO] - Spring Data Redis - Could not safely identify store assignment for repository candidate interface com.xxy.ordersystem.dao.FoodDao.
2018-08-17 04:41:15,336 - [INFO] - Spring Data Redis - Could not safely identify store assignment for repository candidate interface com.xxy.ordersystem.dao.OrderPrimaryDao.
2018-08-17 04:41:15,336 - [INFO] - Spring Data Redis - Could not safely identify store assignment for repository candidate interface com.xxy.ordersystem.dao.OrdersDetailDao.
2018-08-17 04:41:15,337 - [INFO] - Spring Data Redis - Could not safely identify store assignment for repository candidate interface com.xxy.ordersystem.dao.StudentDao.
2018-08-17 04:41:15,828 - [INFO] - Bean 'org.springframework.transaction.annotation.ProxyTransactionManagementConfiguration' of type [org.springframework.transaction.annotation.ProxyTransactionManagementConfiguration$$EnhancerBySpringCGLIB$$e3e18442] is not eligible for getting processed by all BeanPostProcessors (for example: not eligible for auto-proxying)
2018-08-17 04:41:16,233 - [INFO] - Tomcat initialized with port(s): 8080 (http)
2018-08-17 04:41:16,244 - [INFO] - Initializing ProtocolHandler ["http-nio-8080"]
2018-08-17 04:41:16,253 - [INFO] - Starting service [Tomcat]
2018-08-17 04:41:16,254 - [INFO] - Starting Servlet Engine: Apache Tomcat/8.5.31
2018-08-17 04:41:16,258 - [INFO] - The APR based Apache Tomcat Native library which allows optimal performance in production environments was not found on the java.library.path: [C:\Program Files\Java\jdk1.8.0_171\bin;C:\WINDOWS\Sun\Java\bin;C:\WINDOWS\system32;C:\WINDOWS;C:\Program Files (x86)\Common Files\Oracle\Java\javapath;C:\Program Files (x86)\Intel\iCLS Client\;C:\ProgramData\Oracle\Java\javapath;C:\Program Files\Intel\iCLS Client\;C:\Windows\system32;C:\Windows;C:\Windows\System32\Wbem;C:\Windows\System32\WindowsPowerShell\v1.0\;C:\Program Files (x86)\NVIDIA Corporation\PhysX\Common;C:\WINDOWS\system32;C:\WINDOWS;C:\WINDOWS\System32\Wbem;C:\WINDOWS\System32\WindowsPowerShell\v1.0\;C:\Program Files\Java\jdk1.8.0_171\bin;D:\Software\Gwak\GnuWin32\bin;C:\WINDOWS\System32\OpenSSH\;C:\Program Files\Intel\WiFi\bin\;C:\Program Files\Common Files\Intel\WirelessCommon\;C:\Program Files (x86)\Intel\Intel(R) Management Engine Components\DAL;C:\Program Files\Intel\Intel(R) Management Engine Components\DAL;C:\Program Files (x86)\Intel\Intel(R) Management Engine Components\IPT;C:\Program Files\Intel\Intel(R) Management Engine Components\IPT;D:\Software\apache-maven-3.5.3-bin\bin;D:\Software\Git\cmd;D:\Software\Redis\;C:\Users\PC\AppData\Local\Microsoft\WindowsApps;;.]
2018-08-17 04:41:16,366 - [INFO] - Initializing Spring embedded WebApplicationContext
2018-08-17 04:41:16,366 - [INFO] - Root WebApplicationContext: initialization completed in 2019 ms
2018-08-17 04:41:16,598 - [INFO] - Servlet dispatcherServlet mapped to [/]
2018-08-17 04:41:16,603 - [INFO] - Mapping filter: 'characterEncodingFilter' to: [/*]
2018-08-17 04:41:16,604 - [INFO] - Mapping filter: 'hiddenHttpMethodFilter' to: [/*]
2018-08-17 04:41:16,604 - [INFO] - Mapping filter: 'httpPutFormContentFilter' to: [/*]
2018-08-17 04:41:16,604 - [INFO] - Mapping filter: 'requestContextFilter' to: [/*]
2018-08-17 04:41:16,755 - [INFO] - HikariPool-1 - Starting...
2018-08-17 04:41:16,920 - [INFO] - HikariPool-1 - Start completed.
2018-08-17 04:41:16,984 - [INFO] - Building JPA container EntityManagerFactory for persistence unit 'default'
2018-08-17 04:41:16,996 - [INFO] - HHH000204: Processing PersistenceUnitInfo [
	name: default
	...]
2018-08-17 04:41:17,066 - [INFO] - HHH000412: Hibernate Core {5.2.17.Final}
2018-08-17 04:41:17,068 - [INFO] - HHH000206: hibernate.properties not found
2018-08-17 04:41:17,111 - [INFO] - HCANN000001: Hibernate Commons Annotations {5.0.1.Final}
2018-08-17 04:41:17,962 - [INFO] - HHH000400: Using dialect: org.hibernate.dialect.MySQL5Dialect
2018-08-17 04:41:18,519 - [INFO] - Initialized JPA EntityManagerFactory for persistence unit 'default'
2018-08-17 04:41:20,168 - [INFO] - Mapped URL path [/**/favicon.ico] onto handler of type [class org.springframework.web.servlet.resource.ResourceHttpRequestHandler]
2018-08-17 04:41:20,670 - [INFO] - Looking for @ControllerAdvice: org.springframework.boot.web.servlet.context.AnnotationConfigServletWebServerApplicationContext@37052337: startup date [Fri Aug 17 04:41:14 EDT 2018]; root of context hierarchy
2018-08-17 04:41:20,718 - [INFO] - spring.jpa.open-in-view is enabled by default. Therefore, database queries may be performed during view rendering. Explicitly configure spring.jpa.open-in-view to disable this warning
2018-08-17 04:41:20,768 - [INFO] - Mapped "{[/address/add],methods=[POST]}" onto public com.xxy.ordersystem.viewmessage.ResultVO com.xxy.ordersystem.controller.AddressController.add(com.xxy.ordersystem.form.AddressForm,org.springframework.validation.BindingResult)
2018-08-17 04:41:20,769 - [INFO] - Mapped "{[/address/update],methods=[POST]}" onto public com.xxy.ordersystem.viewmessage.ResultVO com.xxy.ordersystem.controller.AddressController.update(com.xxy.ordersystem.form.AddressForm,org.springframework.validation.BindingResult)
2018-08-17 04:41:20,769 - [INFO] - Mapped "{[/address/delete],methods=[GET]}" onto public com.xxy.ordersystem.viewmessage.ResultVO com.xxy.ordersystem.controller.AddressController.delete(java.lang.String,java.lang.String)
2018-08-17 04:41:20,769 - [INFO] - Mapped "{[/address/setDefault],methods=[GET]}" onto public com.xxy.ordersystem.viewmessage.ResultVO com.xxy.ordersystem.controller.AddressController.setDefault(java.lang.String,java.lang.String)
2018-08-17 04:41:20,770 - [INFO] - Mapped "{[/address/list],methods=[GET]}" onto public com.xxy.ordersystem.viewmessage.ResultVO<java.util.List<com.xxy.ordersystem.viewmessage.viewobject.AddressVO>> com.xxy.ordersystem.controller.AddressController.getAllAddress(java.lang.String)
2018-08-17 04:41:20,771 - [INFO] - Mapped "{[/booth/update],methods=[POST]}" onto public com.xxy.ordersystem.viewmessage.ResultVO com.xxy.ordersystem.controller.BoothController.update(com.xxy.ordersystem.form.BoothForm,org.springframework.validation.BindingResult)
2018-08-17 04:41:20,771 - [INFO] - Mapped "{[/booth/list],methods=[GET]}" onto public com.xxy.ordersystem.viewmessage.ResultVO<java.util.List<com.xxy.ordersystem.viewmessage.viewobject.BoothVO>> com.xxy.ordersystem.controller.BoothController.list(java.lang.Integer,java.lang.Integer,java.lang.Integer)
2018-08-17 04:41:20,771 - [INFO] - Mapped "{[/booth/detail],methods=[GET]}" onto public com.xxy.ordersystem.viewmessage.ResultVO<com.xxy.ordersystem.viewmessage.viewobject.BoothVO> com.xxy.ordersystem.controller.BoothController.detail(java.lang.String)
2018-08-17 04:41:20,772 - [INFO] - Mapped "{[/booth/detailByFid],methods=[GET]}" onto public com.xxy.ordersystem.viewmessage.ResultVO<com.xxy.ordersystem.viewmessage.viewobject.BoothVO> com.xxy.ordersystem.controller.BoothController.detailByFid(java.lang.String)
2018-08-17 04:41:20,772 - [INFO] - Mapped "{[/food/list],methods=[GET]}" onto public com.xxy.ordersystem.viewmessage.ResultVO<java.util.List<com.xxy.ordersystem.viewmessage.viewobject.FoodVO>> com.xxy.ordersystem.controller.FoodConttroller.list(java.lang.Integer,java.lang.Integer,java.lang.String)
2018-08-17 04:41:20,773 - [INFO] - Mapped "{[/food/listAllFood],methods=[GET]}" onto public com.xxy.ordersystem.viewmessage.ResultVO com.xxy.ordersystem.controller.FoodConttroller.listAllFood()
2018-08-17 04:41:20,773 - [INFO] - Mapped "{[/info/recommend],methods=[GET]}" onto public com.xxy.ordersystem.viewmessage.ResultVO<java.util.List<com.xxy.ordersystem.viewmessage.viewobject.BoothVO>> com.xxy.ordersystem.controller.InfoController.recommend()
2018-08-17 04:41:20,774 - [INFO] - Mapped "{[/info/adv],methods=[GET]}" onto public com.xxy.ordersystem.viewmessage.ResultVO<java.util.List<java.lang.String>> com.xxy.ordersystem.controller.InfoController.ads()
2018-08-17 04:41:20,776 - [INFO] - Mapped "{[/manage/booth/add],methods=[POST]}" onto public org.springframework.web.servlet.ModelAndView com.xxy.ordersystem.controller.manager.ManageBoothController.add(com.xxy.ordersystem.form.BoothForm,org.springframework.validation.BindingResult,java.util.Map<java.lang.String, java.lang.Object>,java.lang.Integer,java.lang.String)
2018-08-17 04:41:20,776 - [INFO] - Mapped "{[/manage/booth/update],methods=[POST]}" onto public org.springframework.web.servlet.ModelAndView com.xxy.ordersystem.controller.manager.ManageBoothController.update(java.util.Map<java.lang.String, java.lang.Object>,com.xxy.ordersystem.form.BoothForm,org.springframework.validation.BindingResult)
2018-08-17 04:41:20,776 - [INFO] - Mapped "{[/manage/booth/delete],methods=[GET]}" onto public com.xxy.ordersystem.viewmessage.ResultVO com.xxy.ordersystem.controller.manager.ManageBoothController.delete(java.lang.String)
2018-08-17 04:41:20,777 - [INFO] - Mapped "{[/manage/booth/list],methods=[GET]}" onto public org.springframework.web.servlet.ModelAndView com.xxy.ordersystem.controller.manager.ManageBoothController.list(java.lang.Integer,java.lang.Integer,java.lang.Integer,java.util.Map<java.lang.String, java.lang.Object>)
2018-08-17 04:41:20,777 - [INFO] - Mapped "{[/manage/booth/detail],methods=[GET]}" onto public org.springframework.web.servlet.ModelAndView com.xxy.ordersystem.controller.manager.ManageBoothController.detail(java.lang.String,java.util.Map<java.lang.String, java.lang.Object>)
2018-08-17 04:41:20,777 - [INFO] - Mapped "{[/manage/booth/updateState],methods=[POST]}" onto public org.springframework.web.servlet.ModelAndView com.xxy.ordersystem.controller.manager.ManageBoothController.updateState(java.util.Map<java.lang.String, java.lang.Object>,java.lang.Integer,java.lang.String)
2018-08-17 04:41:20,778 - [INFO] - Mapped "{[/manage/booth/updatePassword],methods=[POST]}" onto public org.springframework.web.servlet.ModelAndView com.xxy.ordersystem.controller.manager.ManageBoothController.updatePassword(java.util.Map<java.lang.String, java.lang.Object>,java.lang.String,java.lang.String)
2018-08-17 04:41:20,778 - [INFO] - Mapped "{[/manage/booth/updateImg],methods=[POST]}" onto public org.springframework.web.servlet.ModelAndView com.xxy.ordersystem.controller.manager.ManageBoothController.updateImg(java.util.Map<java.lang.String, java.lang.Object>,java.lang.String,java.lang.String,org.springframework.web.multipart.MultipartFile)
2018-08-17 04:41:20,778 - [INFO] - Mapped "{[/manage/booth/addReq],methods=[GET]}" onto public org.springframework.web.servlet.ModelAndView com.xxy.ordersystem.controller.manager.ManageBoothController.addReq(java.util.Map<java.lang.String, java.lang.Object>)
2018-08-17 04:41:20,783 - [INFO] - Mapped "{[/manage/deliver/add],methods=[POST]}" onto public org.springframework.web.servlet.ModelAndView com.xxy.ordersystem.controller.manager.ManageDelivererController.add(com.xxy.ordersystem.form.DelivererForm,org.springframework.validation.BindingResult,java.util.Map<java.lang.String, java.lang.Object>,java.lang.Integer,java.lang.String)
2018-08-17 04:41:20,783 - [INFO] - Mapped "{[/manage/deliver/update],methods=[POST]}" onto public org.springframework.web.servlet.ModelAndView com.xxy.ordersystem.controller.manager.ManageDelivererController.update(java.util.Map<java.lang.String, java.lang.Object>,com.xxy.ordersystem.form.DelivererForm,org.springframework.validation.BindingResult,java.lang.Integer)
2018-08-17 04:41:20,783 - [INFO] - Mapped "{[/manage/deliver/delete],methods=[GET]}" onto public com.xxy.ordersystem.viewmessage.ResultVO com.xxy.ordersystem.controller.manager.ManageDelivererController.delete(java.lang.String)
2018-08-17 04:41:20,784 - [INFO] - Mapped "{[/manage/deliver/list],methods=[GET]}" onto public org.springframework.web.servlet.ModelAndView com.xxy.ordersystem.controller.manager.ManageDelivererController.list(java.lang.Integer,java.lang.Integer,java.lang.Integer,java.util.Map<java.lang.String, java.lang.Object>)
2018-08-17 04:41:20,784 - [INFO] - Mapped "{[/manage/deliver/detail],methods=[GET]}" onto public org.springframework.web.servlet.ModelAndView com.xxy.ordersystem.controller.manager.ManageDelivererController.detail(java.lang.String,java.util.Map<java.lang.String, java.lang.Object>)
2018-08-17 04:41:20,784 - [INFO] - Mapped "{[/manage/deliver/updateState],methods=[POST]}" onto public org.springframework.web.servlet.ModelAndView com.xxy.ordersystem.controller.manager.ManageDelivererController.updateState(java.util.Map<java.lang.String, java.lang.Object>,java.lang.Integer,java.lang.String)
2018-08-17 04:41:20,784 - [INFO] - Mapped "{[/manage/deliver/updatePassword],methods=[POST]}" onto public org.springframework.web.servlet.ModelAndView com.xxy.ordersystem.controller.manager.ManageDelivererController.updatePassword(java.util.Map<java.lang.String, java.lang.Object>,java.lang.String,java.lang.String)
2018-08-17 04:41:20,785 - [INFO] - Mapped "{[/manage/deliver/addReq],methods=[GET]}" onto public org.springframework.web.servlet.ModelAndView com.xxy.ordersystem.controller.manager.ManageDelivererController.addReq(java.util.Map<java.lang.String, java.lang.Object>)
2018-08-17 04:41:20,785 - [INFO] - Mapped "{[/manage/order/list],methods=[GET]}" onto public org.springframework.web.servlet.ModelAndView com.xxy.ordersystem.controller.manager.ManageOrderController.getAllOrders(java.lang.Integer,java.lang.Integer,java.lang.Integer,java.util.Map<java.lang.String, java.lang.Object>)
2018-08-17 04:41:20,786 - [INFO] - Mapped "{[/manage/security/logout],methods=[GET]}" onto public org.springframework.web.servlet.ModelAndView com.xxy.ordersystem.controller.manager.ManageSecurity.logout(javax.servlet.http.HttpServletRequest,javax.servlet.http.HttpServletResponse,java.util.Map<java.lang.String, java.lang.Object>)
2018-08-17 04:41:20,786 - [INFO] - Mapped "{[/manage/security/loginReq],methods=[GET]}" onto public org.springframework.web.servlet.ModelAndView com.xxy.ordersystem.controller.manager.ManageSecurity.loginReq(java.util.Map<java.lang.String, java.lang.Object>)
2018-08-17 04:41:20,786 - [INFO] - Mapped "{[/manage/security/login],methods=[GET]}" onto public org.springframework.web.servlet.ModelAndView com.xxy.ordersystem.controller.manager.ManageSecurity.login(java.lang.String,java.lang.String,java.util.Map<java.lang.String, java.lang.Object>,javax.servlet.http.HttpServletResponse,javax.servlet.http.HttpServletRequest)
2018-08-17 04:41:20,787 - [INFO] - Mapped "{[/manage/user/list],methods=[GET]}" onto public org.springframework.web.servlet.ModelAndView com.xxy.ordersystem.controller.manager.ManageUserController.list(java.lang.Integer,java.lang.Integer,java.lang.Integer,java.util.Map<java.lang.String, java.lang.Object>)
2018-08-17 04:41:20,791 - [INFO] - Mapped "{[/order/create],methods=[POST]}" onto public com.xxy.ordersystem.viewmessage.ResultVO<java.lang.String> com.xxy.ordersystem.controller.OrderController.create(com.xxy.ordersystem.form.OrderForm,org.springframework.validation.BindingResult)
2018-08-17 04:41:20,791 - [INFO] - Mapped "{[/order/cancel],methods=[POST]}" onto public com.xxy.ordersystem.viewmessage.ResultVO<java.lang.String> com.xxy.ordersystem.controller.OrderController.cancel(java.lang.String,java.lang.String,java.lang.String)
2018-08-17 04:41:20,791 - [INFO] - Mapped "{[/order/detail],methods=[GET]}" onto public com.xxy.ordersystem.viewmessage.ResultVO<com.xxy.ordersystem.dto.OrderDTO> com.xxy.ordersystem.controller.OrderController.getOrdersById(java.lang.String,java.lang.String)
2018-08-17 04:41:20,792 - [INFO] - Mapped "{[/order/list],methods=[GET]}" onto public com.xxy.ordersystem.viewmessage.ResultVO<java.util.List<com.xxy.ordersystem.viewmessage.viewobject.OrderVO>> com.xxy.ordersystem.controller.OrderController.getAllOrders(java.lang.String,java.lang.Integer,java.lang.Integer,java.lang.Integer)
2018-08-17 04:41:20,792 - [INFO] - Mapped "{[/order/finishPrepare],methods=[POST]}" onto public com.xxy.ordersystem.viewmessage.ResultVO<java.lang.String> com.xxy.ordersystem.controller.OrderController.finishPrepare(java.lang.String,java.lang.String)
2018-08-17 04:41:20,792 - [INFO] - Mapped "{[/order/confirmDelivered],methods=[POST]}" onto public com.xxy.ordersystem.viewmessage.ResultVO<java.lang.String> com.xxy.ordersystem.controller.OrderController.confirmDelivered(java.lang.String,java.lang.String)
2018-08-17 04:41:20,792 - [INFO] - Mapped "{[/order/startDeliver],methods=[POST]}" onto public com.xxy.ordersystem.viewmessage.ResultVO<java.lang.String> com.xxy.ordersystem.controller.OrderController.startDeliver(java.lang.String,java.lang.String)
2018-08-17 04:41:20,793 - [INFO] - Mapped "{[/order/startPrepare],methods=[POST]}" onto public com.xxy.ordersystem.viewmessage.ResultVO<java.lang.String> com.xxy.ordersystem.controller.OrderController.startPrepare(java.lang.String,java.lang.String)
2018-08-17 04:41:20,793 - [INFO] - Mapped "{[/order/confirmReceived],methods=[POST]}" onto public com.xxy.ordersystem.viewmessage.ResultVO<java.lang.String> com.xxy.ordersystem.controller.OrderController.confirmReceived(java.lang.String,java.lang.String)
2018-08-17 04:41:20,794 - [INFO] - Mapped "{[/owner/order/listAll],methods=[GET]}" onto public org.springframework.web.servlet.ModelAndView com.xxy.ordersystem.controller.owner.OwnerOrderController.listAll(java.lang.Integer,java.lang.Integer,java.lang.String,java.util.Map<java.lang.String, java.lang.Object>)
2018-08-17 04:41:20,795 - [INFO] - Mapped "{[/res/addAdvImg],methods=[POST]}" onto public com.xxy.ordersystem.viewmessage.ResultVO<com.xxy.ordersystem.viewmessage.UploadFileResponse> com.xxy.ordersystem.controller.ResourceController.addAdvImg(org.springframework.web.multipart.MultipartFile)
2018-08-17 04:41:20,796 - [INFO] - Mapped "{[/res/addBImg],methods=[POST]}" onto public com.xxy.ordersystem.viewmessage.ResultVO<com.xxy.ordersystem.viewmessage.UploadFileResponse> com.xxy.ordersystem.controller.ResourceController.addBImg(org.springframework.web.multipart.MultipartFile,java.lang.String)
2018-08-17 04:41:20,796 - [INFO] - Mapped "{[/res/addFImg],methods=[POST]}" onto public com.xxy.ordersystem.viewmessage.ResultVO<com.xxy.ordersystem.viewmessage.UploadFileResponse> com.xxy.ordersystem.controller.ResourceController.addFImg(org.springframework.web.multipart.MultipartFile,java.lang.String,java.lang.String)
2018-08-17 04:41:20,796 - [INFO] - Mapped "{[/res/getQR],methods=[GET]}" onto public org.springframework.http.ResponseEntity<?> com.xxy.ordersystem.controller.ResourceController.getQR()
2018-08-17 04:41:20,797 - [INFO] - Mapped "{[/search/all],methods=[GET]}" onto public com.xxy.ordersystem.viewmessage.ResultVO<com.xxy.ordersystem.viewmessage.viewobject.SearchResultVO> com.xxy.ordersystem.controller.SearchController.searchAll(java.lang.String,java.lang.String,java.lang.Integer,java.lang.Integer)
2018-08-17 04:41:20,798 - [INFO] - Mapped "{[/user/address/add],methods=[POST]}" onto public com.xxy.ordersystem.viewmessage.ResultVO com.xxy.ordersystem.controller.user.UserAddressController.add(com.xxy.ordersystem.form.AddressForm,org.springframework.validation.BindingResult)
2018-08-17 04:41:20,798 - [INFO] - Mapped "{[/user/address/update],methods=[POST]}" onto public com.xxy.ordersystem.viewmessage.ResultVO com.xxy.ordersystem.controller.user.UserAddressController.update(com.xxy.ordersystem.form.AddressForm,org.springframework.validation.BindingResult)
2018-08-17 04:41:20,798 - [INFO] - Mapped "{[/user/address/delete],methods=[GET]}" onto public com.xxy.ordersystem.viewmessage.ResultVO com.xxy.ordersystem.controller.user.UserAddressController.delete(java.lang.String,java.lang.String)
2018-08-17 04:41:20,798 - [INFO] - Mapped "{[/user/address/setDefault],methods=[GET]}" onto public com.xxy.ordersystem.viewmessage.ResultVO com.xxy.ordersystem.controller.user.UserAddressController.setDefault(java.lang.String,java.lang.String)
2018-08-17 04:41:20,798 - [INFO] - Mapped "{[/user/address/list],methods=[GET]}" onto public com.xxy.ordersystem.viewmessage.ResultVO<java.util.List<com.xxy.ordersystem.viewmessage.viewobject.AddressVO>> com.xxy.ordersystem.controller.user.UserAddressController.getAllAddress(java.lang.String)
2018-08-17 04:41:20,799 - [INFO] - Mapped "{[/user/booth/update],methods=[POST]}" onto public com.xxy.ordersystem.viewmessage.ResultVO com.xxy.ordersystem.controller.user.UserBoothController.update(com.xxy.ordersystem.form.BoothForm,org.springframework.validation.BindingResult)
2018-08-17 04:41:20,799 - [INFO] - Mapped "{[/user/booth/list],methods=[GET]}" onto public com.xxy.ordersystem.viewmessage.ResultVO<java.util.List<com.xxy.ordersystem.viewmessage.viewobject.BoothVO>> com.xxy.ordersystem.controller.user.UserBoothController.list(java.lang.Integer,java.lang.Integer,java.lang.Integer)
2018-08-17 04:41:20,800 - [INFO] - Mapped "{[/user/booth/detail],methods=[GET]}" onto public com.xxy.ordersystem.viewmessage.ResultVO<com.xxy.ordersystem.viewmessage.viewobject.BoothVO> com.xxy.ordersystem.controller.user.UserBoothController.detail(java.lang.String)
2018-08-17 04:41:20,800 - [INFO] - Mapped "{[/user/booth/detailByFid],methods=[GET]}" onto public com.xxy.ordersystem.viewmessage.ResultVO<com.xxy.ordersystem.viewmessage.viewobject.BoothVO> com.xxy.ordersystem.controller.user.UserBoothController.detailByFid(java.lang.String)
2018-08-17 04:41:20,800 - [INFO] - Mapped "{[/user/food/list],methods=[GET]}" onto public com.xxy.ordersystem.viewmessage.ResultVO<java.util.List<com.xxy.ordersystem.viewmessage.viewobject.FoodVO>> com.xxy.ordersystem.controller.user.UserFoodController.list(java.lang.Integer,java.lang.Integer,java.lang.String)
2018-08-17 04:41:20,801 - [INFO] - Mapped "{[/user/food/listAllFood],methods=[GET]}" onto public com.xxy.ordersystem.viewmessage.ResultVO com.xxy.ordersystem.controller.user.UserFoodController.listAllFood()
2018-08-17 04:41:20,801 - [INFO] - Mapped "{[/user/info/recommend],methods=[GET]}" onto public com.xxy.ordersystem.viewmessage.ResultVO<java.util.List<com.xxy.ordersystem.viewmessage.viewobject.BoothVO>> com.xxy.ordersystem.controller.user.UserInfoController.recommend()
2018-08-17 04:41:20,801 - [INFO] - Mapped "{[/user/info/adv],methods=[GET]}" onto public com.xxy.ordersystem.viewmessage.ResultVO<java.util.List<java.lang.String>> com.xxy.ordersystem.controller.user.UserInfoController.ads()
2018-08-17 04:41:20,803 - [INFO] - Mapped "{[/user/order/create],methods=[POST]}" onto public com.xxy.ordersystem.viewmessage.ResultVO<java.lang.String> com.xxy.ordersystem.controller.user.UserOrderController.create(com.xxy.ordersystem.form.OrderForm,org.springframework.validation.BindingResult)
2018-08-17 04:41:20,803 - [INFO] - Mapped "{[/user/order/cancel],methods=[POST]}" onto public com.xxy.ordersystem.viewmessage.ResultVO<java.lang.String> com.xxy.ordersystem.controller.user.UserOrderController.cancel(java.lang.String,java.lang.String,java.lang.String)
2018-08-17 04:41:20,803 - [INFO] - Mapped "{[/user/order/detail],methods=[GET]}" onto public com.xxy.ordersystem.viewmessage.ResultVO<com.xxy.ordersystem.dto.OrderDTO> com.xxy.ordersystem.controller.user.UserOrderController.getOrdersById(java.lang.String,java.lang.String)
2018-08-17 04:41:20,803 - [INFO] - Mapped "{[/user/order/list],methods=[GET]}" onto public com.xxy.ordersystem.viewmessage.ResultVO<java.util.List<com.xxy.ordersystem.viewmessage.viewobject.OrderVO>> com.xxy.ordersystem.controller.user.UserOrderController.getAllOrders(java.lang.String,java.lang.Integer,java.lang.Integer,java.lang.Integer)
2018-08-17 04:41:20,803 - [INFO] - Mapped "{[/user/order/finishPrepare],methods=[POST]}" onto public com.xxy.ordersystem.viewmessage.ResultVO<java.lang.String> com.xxy.ordersystem.controller.user.UserOrderController.finishPrepare(java.lang.String,java.lang.String)
2018-08-17 04:41:20,804 - [INFO] - Mapped "{[/user/order/confirmDelivered],methods=[POST]}" onto public com.xxy.ordersystem.viewmessage.ResultVO<java.lang.String> com.xxy.ordersystem.controller.user.UserOrderController.confirmDelivered(java.lang.String,java.lang.String)
2018-08-17 04:41:20,804 - [INFO] - Mapped "{[/user/order/startDeliver],methods=[POST]}" onto public com.xxy.ordersystem.viewmessage.ResultVO<java.lang.String> com.xxy.ordersystem.controller.user.UserOrderController.startDeliver(java.lang.String,java.lang.String)
2018-08-17 04:41:20,804 - [INFO] - Mapped "{[/user/order/startPrepare],methods=[POST]}" onto public com.xxy.ordersystem.viewmessage.ResultVO<java.lang.String> com.xxy.ordersystem.controller.user.UserOrderController.startPrepare(java.lang.String,java.lang.String)
2018-08-17 04:41:20,804 - [INFO] - Mapped "{[/user/order/confirmReceived],methods=[POST]}" onto public com.xxy.ordersystem.viewmessage.ResultVO<java.lang.String> com.xxy.ordersystem.controller.user.UserOrderController.confirmReceived(java.lang.String,java.lang.String)
2018-08-17 04:41:20,805 - [INFO] - Mapped "{[/user/res/addAdvImg],methods=[POST]}" onto public com.xxy.ordersystem.viewmessage.ResultVO<com.xxy.ordersystem.viewmessage.UploadFileResponse> com.xxy.ordersystem.controller.user.UserResourceController.addAdvImg(org.springframework.web.multipart.MultipartFile)
2018-08-17 04:41:20,805 - [INFO] - Mapped "{[/user/res/addBImg],methods=[POST]}" onto public com.xxy.ordersystem.viewmessage.ResultVO<com.xxy.ordersystem.viewmessage.UploadFileResponse> com.xxy.ordersystem.controller.user.UserResourceController.addBImg(org.springframework.web.multipart.MultipartFile,java.lang.String)
2018-08-17 04:41:20,806 - [INFO] - Mapped "{[/user/res/addFImg],methods=[POST]}" onto public com.xxy.ordersystem.viewmessage.ResultVO<com.xxy.ordersystem.viewmessage.UploadFileResponse> com.xxy.ordersystem.controller.user.UserResourceController.addFImg(org.springframework.web.multipart.MultipartFile,java.lang.String,java.lang.String)
2018-08-17 04:41:20,806 - [INFO] - Mapped "{[/user/res/getQR],methods=[GET]}" onto public org.springframework.http.ResponseEntity<?> com.xxy.ordersystem.controller.user.UserResourceController.getQR()
2018-08-17 04:41:20,806 - [INFO] - Mapped "{[/user/search/all],methods=[GET]}" onto public com.xxy.ordersystem.viewmessage.ResultVO<com.xxy.ordersystem.viewmessage.viewobject.SearchResultVO> com.xxy.ordersystem.controller.user.UserSearchController.searchAll(java.lang.String,java.lang.String,java.lang.Integer,java.lang.Integer)
2018-08-17 04:41:20,808 - [INFO] - Mapped "{[/error]}" onto public org.springframework.http.ResponseEntity<java.util.Map<java.lang.String, java.lang.Object>> org.springframework.boot.autoconfigure.web.servlet.error.BasicErrorController.error(javax.servlet.http.HttpServletRequest)
2018-08-17 04:41:20,808 - [INFO] - Mapped "{[/error],produces=[text/html]}" onto public org.springframework.web.servlet.ModelAndView org.springframework.boot.autoconfigure.web.servlet.error.BasicErrorController.errorHtml(javax.servlet.http.HttpServletRequest,javax.servlet.http.HttpServletResponse)
2018-08-17 04:41:20,846 - [INFO] - Mapped URL path [/webjars/**] onto handler of type [class org.springframework.web.servlet.resource.ResourceHttpRequestHandler]
2018-08-17 04:41:20,846 - [INFO] - Mapped URL path [/static/**] onto handler of type [class org.springframework.web.servlet.resource.ResourceHttpRequestHandler]
2018-08-17 04:41:20,865 - [INFO] - Detected @ExceptionHandler methods in saleExceptionHangler
2018-08-17 04:41:20,940 - [INFO] - Adding welcome page template: index
2018-08-17 04:41:22,378 - [INFO] - ClassTemplateLoader for Spring macros added to FreeMarker configuration
2018-08-17 04:41:22,974 - [INFO] - Registering beans for JMX exposure on startup
2018-08-17 04:41:22,981 - [INFO] - Bean with name 'dataSource' has been autodetected for JMX exposure
2018-08-17 04:41:22,994 - [INFO] - Located MBean 'dataSource': registering with JMX server as MBean [com.zaxxer.hikari:name=dataSource,type=HikariDataSource]
2018-08-17 04:41:23,019 - [INFO] - Starting ProtocolHandler ["http-nio-8080"]
2018-08-17 04:41:23,065 - [INFO] - Using a shared selector for servlet write/read
2018-08-17 04:41:23,151 - [INFO] - Tomcat started on port(s): 8080 (http) with context path '/os'
2018-08-17 04:41:23,158 - [INFO] - Started OrdersystemApplication in 9.646 seconds (JVM running for 11.426)
2018-08-17 04:48:51,013 - [INFO] - Initializing Spring FrameworkServlet 'dispatcherServlet'
2018-08-17 04:48:51,014 - [INFO] - FrameworkServlet 'dispatcherServlet': initialization started
2018-08-17 04:48:51,058 - [INFO] - FrameworkServlet 'dispatcherServlet': initialization completed in 44 ms
