2018-07-26 00:00:37,734 - [INFO] - boothVOList.size: 3
2018-07-26 00:01:05,211 - [INFO] - boothVOList.size: 3
2018-07-26 00:06:27,486 - [INFO] - boothVOList.size: 3
2018-07-26 00:06:41,694 - [INFO] - boothVOList.size: 3
2018-07-26 00:06:44,328 - [INFO] - boothVOList.size: 3
2018-07-26 00:09:36,756 - [INFO] - boothVOList.size: 3
2018-07-26 00:10:47,380 - [INFO] - boothVOList.size: 3
2018-07-26 00:12:32,215 - [INFO] - boothVOList.size: 3
2018-07-26 00:13:31,156 - [INFO] - boothVOList.size: 3
2018-07-26 00:40:25,154 - [INFO] - boothVOList.size: 3
2018-07-26 00:40:33,477 - [INFO] - boothVOList.size: 3
2018-07-26 00:41:59,073 - [INFO] - boothVOList.size: 3
2018-07-26 00:42:31,190 - [INFO] - boothVOList.size: 3
2018-07-26 00:44:08,482 - [INFO] - boothVOList.size: 3
2018-07-26 00:44:33,778 - [INFO] - boothVOList.size: 3
2018-07-26 00:46:11,321 - [INFO] - boothVOList.size: 3
2018-07-26 00:46:46,690 - [INFO] - boothVOList.size: 3
2018-07-26 00:56:20,763 - [INFO] - boothVOList.size: 3
2018-07-26 00:56:41,516 - [INFO] - boothVOList.size: 3
2018-07-26 00:57:04,155 - [INFO] - boothVOList.size: 3
2018-07-26 00:58:42,372 - [INFO] - boothVOList.size: 3
2018-07-26 00:59:20,279 - [INFO] - boothVOList.size: 3
2018-07-26 01:31:30,933 - [INFO] - boothVOList.size: 3
2018-07-26 01:39:25,776 - [INFO] - boothVOList.size: 3
2018-07-26 01:39:48,283 - [INFO] - boothVOList.size: 3
2018-07-26 01:46:01,892 - [INFO] - boothVOList.size: 3
2018-07-26 01:46:07,927 - [INFO] - boothVOList.size: 3
2018-07-26 01:47:57,396 - [INFO] - boothVOList.size: 3
2018-07-26 02:02:02,141 - [INFO] - boothVOList.size: 3
2018-07-26 02:05:13,529 - [INFO] - boothVOList.size: 3
2018-07-26 02:09:25,932 - [INFO] - boothVOList.size: 3
2018-07-26 02:12:02,845 - [INFO] - boothVOList.size: 3
2018-07-26 02:13:20,358 - [INFO] - boothVOList.size: 3
2018-07-26 02:13:53,286 - [INFO] - boothVOList.size: 3
2018-07-26 02:15:34,536 - [INFO] - boothVOList.size: 3
2018-07-26 02:18:30,116 - [INFO] - boothVOList.size: 3
2018-07-26 02:20:58,160 - [INFO] - boothVOList.size: 3
2018-07-26 02:25:45,258 - [INFO] - boothVOList.size: 3
2018-07-26 02:26:43,813 - [INFO] - boothVOList.size: 3
2018-07-26 02:28:57,844 - [INFO] - boothVOList.size: 3
2018-07-26 02:41:36,763 - [INFO] - boothVOList.size: 3
2018-07-26 02:44:50,490 - [INFO] - boothVOList.size: 3
2018-07-26 02:46:41,363 - [INFO] - boothVOList.size: 3
2018-07-26 02:51:17,824 - [INFO] - boothVOList.size: 3
2018-07-26 02:51:51,161 - [INFO] - boothVOList.size: 3
2018-07-26 02:51:58,558 - [INFO] - boothVOList.size: 3
2018-07-26 02:52:04,166 - [INFO] - boothVOList.size: 3
2018-07-26 02:52:18,323 - [INFO] - boothVOList.size: 3
2018-07-26 02:54:02,823 - [INFO] - boothVOList.size: 3
2018-07-26 02:54:11,915 - [INFO] - boothVOList.size: 3
2018-07-26 02:54:23,444 - [INFO] - boothVOList.size: 3
2018-07-26 02:56:16,861 - [INFO] - boothVOList.size: 3
2018-07-26 02:57:14,082 - [INFO] - boothVOList.size: 3
2018-07-26 02:58:46,034 - [INFO] - boothVOList.size: 3
2018-07-26 03:16:18,534 - [INFO] - boothVOList.size: 3
2018-07-26 03:17:04,644 - [INFO] - boothVOList.size: 3
2018-07-26 03:17:57,662 - [INFO] - boothVOList.size: 3
2018-07-26 03:18:23,548 - [INFO] - boothVOList.size: 3
2018-07-26 03:22:16,833 - [INFO] - boothVOList.size: 3
2018-07-26 03:22:25,424 - [INFO] - boothVOList.size: 3
2018-07-26 03:24:09,045 - [INFO] - boothVOList.size: 3
2018-07-26 03:24:24,267 - [INFO] - boothVOList.size: 3
2018-07-26 03:26:51,346 - [INFO] - boothVOList.size: 3
2018-07-26 03:27:51,277 - [INFO] - boothVOList.size: 3
2018-07-26 03:28:33,523 - [INFO] - boothVOList.size: 3
2018-07-26 03:28:37,059 - [INFO] - boothVOList.size: 3
2018-07-26 03:28:42,940 - [INFO] - boothVOList.size: 3
2018-07-26 03:29:13,062 - [INFO] - boothVOList.size: 3
2018-07-26 03:31:41,481 - [INFO] - boothVOList.size: 3
2018-07-26 17:13:43,498 - [INFO] - boothVOList.size: 3
2018-07-26 17:27:39,572 - [INFO] - boothVOList.size: 3
2018-07-26 17:28:18,385 - [INFO] - boothVOList.size: 3
2018-07-26 17:29:50,433 - [INFO] - boothVOList.size: 3
2018-07-26 17:37:53,765 - [INFO] - boothVOList.size: 3
2018-07-26 17:42:31,190 - [INFO] - boothVOList.size: 3
2018-07-26 17:44:19,912 - [INFO] - boothVOList.size: 3
2018-07-26 17:45:10,056 - [INFO] - boothVOList.size: 3
2018-07-26 17:52:10,872 - [INFO] - boothVOList.size: 3
2018-07-26 17:52:33,108 - [INFO] - boothVOList.size: 3
2018-07-26 17:53:28,496 - [INFO] - boothVOList.size: 3
2018-07-26 17:54:07,254 - [INFO] - boothVOList.size: 3
2018-07-26 18:00:36,185 - [INFO] - boothVOList.size: 3
2018-07-26 18:01:01,822 - [INFO] - boothVOList.size: 3
2018-07-26 18:01:21,065 - [INFO] - boothVOList.size: 3
2018-07-26 18:01:39,550 - [INFO] - boothVOList.size: 3
2018-07-26 18:02:08,975 - [INFO] - boothVOList.size: 3
2018-07-26 18:04:47,765 - [INFO] - boothVOList.size: 3
2018-07-26 18:05:11,285 - [INFO] - boothVOList.size: 3
2018-07-26 18:06:20,655 - [INFO] - boothVOList.size: 3
2018-07-26 18:06:46,320 - [INFO] - boothVOList.size: 3
2018-07-26 18:07:34,210 - [INFO] - boothVOList.size: 3
2018-07-26 18:07:36,623 - [INFO] - boothVOList.size: 3
2018-07-26 18:08:52,512 - [INFO] - boothVOList.size: 3
2018-07-26 18:09:08,668 - [INFO] - boothVOList.size: 3
2018-07-26 18:09:28,599 - [INFO] - boothVOList.size: 3
2018-07-26 18:12:12,894 - [INFO] - boothVOList.size: 3
2018-07-26 18:12:48,166 - [INFO] - boothVOList.size: 3
2018-07-26 18:13:27,634 - [INFO] - boothVOList.size: 3
2018-07-26 18:57:44,826 - [INFO] - Starting OrdersystemApplication on DESKTOP-3IDJ6KU with PID 37544 (D:\Workspace\IJIDEA\ordersystem\target\classes started by PC in D:\Workspace\IJIDEA\ordersystem)
2018-07-26 18:57:44,946 - [INFO] - No active profile set, falling back to default profiles: default
2018-07-26 18:57:45,232 - [INFO] - Refreshing org.springframework.boot.web.servlet.context.AnnotationConfigServletWebServerApplicationContext@292b08d6: startup date [Thu Jul 26 18:57:45 EDT 2018]; root of context hierarchy
2018-07-26 18:57:48,988 - [INFO] - Bean 'org.springframework.transaction.annotation.ProxyTransactionManagementConfiguration' of type [org.springframework.transaction.annotation.ProxyTransactionManagementConfiguration$$EnhancerBySpringCGLIB$$56a3e15f] is not eligible for getting processed by all BeanPostProcessors (for example: not eligible for auto-proxying)
2018-07-26 18:57:49,570 - [INFO] - Tomcat initialized with port(s): 8080 (http)
2018-07-26 18:57:49,625 - [INFO] - Initializing ProtocolHandler ["http-nio-8080"]
2018-07-26 18:57:49,647 - [INFO] - Starting service [Tomcat]
2018-07-26 18:57:49,648 - [INFO] - Starting Servlet Engine: Apache Tomcat/8.5.31
2018-07-26 18:57:49,653 - [INFO] - The APR based Apache Tomcat Native library which allows optimal performance in production environments was not found on the java.library.path: [C:\Program Files\Java\jdk1.8.0_171\bin;C:\WINDOWS\Sun\Java\bin;C:\WINDOWS\system32;C:\WINDOWS;C:\Program Files (x86)\Common Files\Oracle\Java\javapath;C:\Program Files (x86)\Intel\iCLS Client\;C:\ProgramData\Oracle\Java\javapath;C:\Program Files\Intel\iCLS Client\;C:\Windows\system32;C:\Windows;C:\Windows\System32\Wbem;C:\Windows\System32\WindowsPowerShell\v1.0\;C:\Program Files (x86)\NVIDIA Corporation\PhysX\Common;C:\WINDOWS\system32;C:\WINDOWS;C:\WINDOWS\System32\Wbem;C:\WINDOWS\System32\WindowsPowerShell\v1.0\;C:\Program Files\Java\jdk1.8.0_171\bin;D:\Software\Gwak\GnuWin32\bin;C:\WINDOWS\System32\OpenSSH\;C:\Program Files\Intel\WiFi\bin\;C:\Program Files\Common Files\Intel\WirelessCommon\;C:\Program Files (x86)\Intel\Intel(R) Management Engine Components\DAL;C:\Program Files\Intel\Intel(R) Management Engine Components\DAL;C:\Program Files (x86)\Intel\Intel(R) Management Engine Components\IPT;C:\Program Files\Intel\Intel(R) Management Engine Components\IPT;D:\Software\apache-maven-3.5.3-bin\bin;D:\Software\Git\cmd;C:\Users\PC\AppData\Local\Microsoft\WindowsApps;;.]
2018-07-26 18:57:50,042 - [INFO] - Initializing Spring embedded WebApplicationContext
2018-07-26 18:57:50,042 - [INFO] - Root WebApplicationContext: initialization completed in 4810 ms
2018-07-26 18:57:50,164 - [INFO] - Servlet dispatcherServlet mapped to [/]
2018-07-26 18:57:50,194 - [INFO] - Mapping filter: 'characterEncodingFilter' to: [/*]
2018-07-26 18:57:50,194 - [INFO] - Mapping filter: 'hiddenHttpMethodFilter' to: [/*]
2018-07-26 18:57:50,194 - [INFO] - Mapping filter: 'httpPutFormContentFilter' to: [/*]
2018-07-26 18:57:50,194 - [INFO] - Mapping filter: 'requestContextFilter' to: [/*]
2018-07-26 18:57:50,615 - [INFO] - HikariPool-1 - Starting...
2018-07-26 18:57:51,156 - [INFO] - HikariPool-1 - Start completed.
2018-07-26 18:57:51,434 - [INFO] - Building JPA container EntityManagerFactory for persistence unit 'default'
2018-07-26 18:57:51,454 - [INFO] - HHH000204: Processing PersistenceUnitInfo [
	name: default
	...]
2018-07-26 18:57:51,666 - [INFO] - HHH000412: Hibernate Core {5.2.17.Final}
2018-07-26 18:57:51,668 - [INFO] - HHH000206: hibernate.properties not found
2018-07-26 18:57:51,757 - [INFO] - HCANN000001: Hibernate Commons Annotations {5.0.1.Final}
2018-07-26 18:57:52,110 - [INFO] - HHH000400: Using dialect: org.hibernate.dialect.MySQL5Dialect
2018-07-26 18:57:52,789 - [INFO] - Initialized JPA EntityManagerFactory for persistence unit 'default'
2018-07-26 18:57:53,585 - [INFO] - Mapped URL path [/**/favicon.ico] onto handler of type [class org.springframework.web.servlet.resource.ResourceHttpRequestHandler]
2018-07-26 18:57:53,982 - [INFO] - Looking for @ControllerAdvice: org.springframework.boot.web.servlet.context.AnnotationConfigServletWebServerApplicationContext@292b08d6: startup date [Thu Jul 26 18:57:45 EDT 2018]; root of context hierarchy
2018-07-26 18:57:54,039 - [INFO] - spring.jpa.open-in-view is enabled by default. Therefore, database queries may be performed during view rendering. Explicitly configure spring.jpa.open-in-view to disable this warning
2018-07-26 18:57:54,075 - [INFO] - Mapped "{[/booth/list],methods=[GET]}" onto public com.xxy.ordersystem.viewmessage.ResultVO<java.util.List<com.xxy.ordersystem.viewmessage.viewobject.BoothVO>> com.xxy.ordersystem.controller.BoothController.list(java.lang.Integer,java.lang.Integer,java.lang.Integer)
2018-07-26 18:57:54,076 - [INFO] - Mapped "{[/booth/detail],methods=[GET]}" onto public com.xxy.ordersystem.viewmessage.ResultVO<com.xxy.ordersystem.viewmessage.viewobject.BoothVO> com.xxy.ordersystem.controller.BoothController.detail(java.lang.String)
2018-07-26 18:57:54,076 - [INFO] - Mapped "{[/booth/detailByFid],methods=[GET]}" onto public com.xxy.ordersystem.viewmessage.ResultVO<com.xxy.ordersystem.viewmessage.viewobject.BoothVO> com.xxy.ordersystem.controller.BoothController.detailByFid(java.lang.String)
2018-07-26 18:57:54,077 - [INFO] - Mapped "{[/food/list],methods=[GET]}" onto public com.xxy.ordersystem.viewmessage.ResultVO<java.util.List<com.xxy.ordersystem.viewmessage.viewobject.FoodVO>> com.xxy.ordersystem.controller.FoodConttroller.list(java.lang.Integer,java.lang.Integer,java.lang.String)
2018-07-26 18:57:54,078 - [INFO] - Mapped "{[/food/listAllFood],methods=[GET]}" onto public com.xxy.ordersystem.viewmessage.ResultVO com.xxy.ordersystem.controller.FoodConttroller.listAllFood()
2018-07-26 18:57:54,079 - [INFO] - Mapped "{[/info/recommend],methods=[GET]}" onto public com.xxy.ordersystem.viewmessage.ResultVO<java.util.List<com.xxy.ordersystem.viewmessage.viewobject.BoothVO>> com.xxy.ordersystem.controller.InfoController.recommend()
2018-07-26 18:57:54,079 - [INFO] - Mapped "{[/info/adv],methods=[GET]}" onto public com.xxy.ordersystem.viewmessage.ResultVO<java.util.List<java.lang.String>> com.xxy.ordersystem.controller.InfoController.ads()
2018-07-26 18:57:54,081 - [INFO] - Mapped "{[/order/create],methods=[POST]}" onto public com.xxy.ordersystem.viewmessage.ResultVO<java.lang.String> com.xxy.ordersystem.controller.OrderController.create(com.xxy.ordersystem.form.OrderForm,org.springframework.validation.BindingResult)
2018-07-26 18:57:54,081 - [INFO] - Mapped "{[/order/cancel],methods=[POST]}" onto public com.xxy.ordersystem.viewmessage.ResultVO<java.lang.String> com.xxy.ordersystem.controller.OrderController.cancel(java.lang.String,java.lang.String,java.lang.String)
2018-07-26 18:57:54,081 - [INFO] - Mapped "{[/order/detail],methods=[GET]}" onto public com.xxy.ordersystem.viewmessage.ResultVO<com.xxy.ordersystem.dto.OrderDTO> com.xxy.ordersystem.controller.OrderController.getOrdersById(java.lang.String,java.lang.String)
2018-07-26 18:57:54,081 - [INFO] - Mapped "{[/order/startPrepare],methods=[POST]}" onto public com.xxy.ordersystem.viewmessage.ResultVO<java.lang.String> com.xxy.ordersystem.controller.OrderController.startPrepare(java.lang.String,java.lang.String)
2018-07-26 18:57:54,081 - [INFO] - Mapped "{[/order/finishPrepare],methods=[POST]}" onto public com.xxy.ordersystem.viewmessage.ResultVO<java.lang.String> com.xxy.ordersystem.controller.OrderController.finishPrepare(java.lang.String,java.lang.String)
2018-07-26 18:57:54,081 - [INFO] - Mapped "{[/order/list],methods=[GET]}" onto public com.xxy.ordersystem.viewmessage.ResultVO<java.util.List<com.xxy.ordersystem.viewmessage.viewobject.OrderVO>> com.xxy.ordersystem.controller.OrderController.getAllOrders(java.lang.String,java.lang.Integer,java.lang.Integer,java.lang.Integer)
2018-07-26 18:57:54,081 - [INFO] - Mapped "{[/order/startDeliver],methods=[POST]}" onto public com.xxy.ordersystem.viewmessage.ResultVO<java.lang.String> com.xxy.ordersystem.controller.OrderController.startDeliver(java.lang.String,java.lang.String)
2018-07-26 18:57:54,082 - [INFO] - Mapped "{[/order/confirmDelivered],methods=[POST]}" onto public com.xxy.ordersystem.viewmessage.ResultVO<java.lang.String> com.xxy.ordersystem.controller.OrderController.confirmDelivered(java.lang.String,java.lang.String)
2018-07-26 18:57:54,082 - [INFO] - Mapped "{[/order/confirmReceived],methods=[POST]}" onto public com.xxy.ordersystem.viewmessage.ResultVO<java.lang.String> com.xxy.ordersystem.controller.OrderController.confirmReceived(java.lang.String,java.lang.String)
2018-07-26 18:57:54,083 - [INFO] - Mapped "{[/res/img/{filename:.+}],methods=[GET]}" onto public org.springframework.http.ResponseEntity<?> com.xxy.ordersystem.controller.ResourceController.getFile(java.lang.String)
2018-07-26 18:57:54,083 - [INFO] - Mapped "{[/res/adv/{filename:.+}],methods=[GET]}" onto public org.springframework.http.ResponseEntity<?> com.xxy.ordersystem.controller.ResourceController.getAdv(java.lang.String)
2018-07-26 18:57:54,083 - [INFO] - Mapped "{[/res/addBImg],methods=[POST]}" onto public com.xxy.ordersystem.viewmessage.ResultVO<com.xxy.ordersystem.viewmessage.UploadFileResponse> com.xxy.ordersystem.controller.ResourceController.addBImg(org.springframework.web.multipart.MultipartFile,java.lang.String)
2018-07-26 18:57:54,083 - [INFO] - Mapped "{[/res/addAdvImg],methods=[POST]}" onto public com.xxy.ordersystem.viewmessage.ResultVO<com.xxy.ordersystem.viewmessage.UploadFileResponse> com.xxy.ordersystem.controller.ResourceController.addAdvImg(org.springframework.web.multipart.MultipartFile)
2018-07-26 18:57:54,084 - [INFO] - Mapped "{[/res/addFImg],methods=[POST]}" onto public com.xxy.ordersystem.viewmessage.ResultVO<com.xxy.ordersystem.viewmessage.UploadFileResponse> com.xxy.ordersystem.controller.ResourceController.addFImg(org.springframework.web.multipart.MultipartFile,java.lang.String,java.lang.String)
2018-07-26 18:57:54,084 - [INFO] - Mapped "{[/res/getQR],methods=[GET]}" onto public org.springframework.http.ResponseEntity<?> com.xxy.ordersystem.controller.ResourceController.getQR()
2018-07-26 18:57:54,086 - [INFO] - Mapped "{[/search/all],methods=[GET]}" onto public com.xxy.ordersystem.viewmessage.ResultVO<com.xxy.ordersystem.viewmessage.viewobject.SearchResultVO> com.xxy.ordersystem.controller.SearchController.searchAll(java.lang.String,java.lang.String,java.lang.Integer,java.lang.Integer)
2018-07-26 18:57:54,087 - [INFO] - Mapped "{[/error]}" onto public org.springframework.http.ResponseEntity<java.util.Map<java.lang.String, java.lang.Object>> org.springframework.boot.autoconfigure.web.servlet.error.BasicErrorController.error(javax.servlet.http.HttpServletRequest)
2018-07-26 18:57:54,087 - [INFO] - Mapped "{[/error],produces=[text/html]}" onto public org.springframework.web.servlet.ModelAndView org.springframework.boot.autoconfigure.web.servlet.error.BasicErrorController.errorHtml(javax.servlet.http.HttpServletRequest,javax.servlet.http.HttpServletResponse)
2018-07-26 18:57:54,106 - [INFO] - Mapped URL path [/webjars/**] onto handler of type [class org.springframework.web.servlet.resource.ResourceHttpRequestHandler]
2018-07-26 18:57:54,106 - [INFO] - Mapped URL path [/**] onto handler of type [class org.springframework.web.servlet.resource.ResourceHttpRequestHandler]
2018-07-26 18:57:54,408 - [INFO] - Registering beans for JMX exposure on startup
2018-07-26 18:57:54,410 - [INFO] - Bean with name 'dataSource' has been autodetected for JMX exposure
2018-07-26 18:57:54,415 - [INFO] - Located MBean 'dataSource': registering with JMX server as MBean [com.zaxxer.hikari:name=dataSource,type=HikariDataSource]
2018-07-26 18:57:54,468 - [INFO] - Starting ProtocolHandler ["http-nio-8080"]
2018-07-26 18:57:54,482 - [INFO] - Using a shared selector for servlet write/read
2018-07-26 18:57:54,537 - [INFO] - Tomcat started on port(s): 8080 (http) with context path '/os'
2018-07-26 18:57:54,593 - [INFO] - Started OrdersystemApplication in 11.557 seconds (JVM running for 21.227)
2018-07-26 18:58:08,892 - [INFO] - Initializing Spring FrameworkServlet 'dispatcherServlet'
2018-07-26 18:58:08,892 - [INFO] - FrameworkServlet 'dispatcherServlet': initialization started
2018-07-26 18:58:08,909 - [INFO] - FrameworkServlet 'dispatcherServlet': initialization completed in 17 ms
2018-07-26 18:58:09,262 - [INFO] - HHH000397: Using ASTQueryTranslatorFactory
2018-07-26 18:58:10,333 - [INFO] - boothVOList.size: 3
2018-07-26 18:59:26,524 - [INFO] - boothVOList.size: 3
2018-07-26 18:59:33,646 - [INFO] - boothVOList.size: 3
2018-07-26 18:59:48,490 - [INFO] - boothVOList.size: 3
2018-07-26 19:00:10,852 - [INFO] - boothVOList.size: 3
2018-07-26 19:00:22,500 - [INFO] - boothVOList.size: 3
2018-07-26 19:00:37,431 - [INFO] - boothVOList.size: 3
2018-07-26 19:00:45,194 - [INFO] - boothVOList.size: 3
2018-07-26 19:02:58,833 - [INFO] - boothVOList.size: 3
2018-07-26 19:05:08,434 - [INFO] - boothVOList.size: 3
2018-07-26 19:05:39,399 - [INFO] - boothVOList.size: 3
2018-07-26 20:05:20,688 - [INFO] - boothVOList.size: 3
2018-07-26 20:06:17,870 - [INFO] - boothVOList.size: 3
2018-07-26 20:18:47,680 - [INFO] - boothVOList.size: 3
2018-07-26 20:19:56,609 - [INFO] - boothVOList.size: 3
2018-07-26 20:20:38,555 - [INFO] - boothVOList.size: 3
2018-07-26 20:25:57,736 - [INFO] - boothVOList.size: 3
2018-07-26 20:28:21,270 - [INFO] - boothVOList.size: 3
2018-07-26 20:34:32,218 - [INFO] - boothVOList.size: 3
2018-07-26 20:34:46,313 - [INFO] - boothVOList.size: 3
2018-07-26 20:35:22,423 - [INFO] - boothVOList.size: 3
2018-07-26 20:35:33,974 - [INFO] - boothVOList.size: 3
2018-07-26 20:43:01,747 - [INFO] - boothVOList.size: 3
2018-07-26 20:47:23,682 - [INFO] - boothVOList.size: 3
2018-07-26 20:48:58,229 - [INFO] - boothVOList.size: 3
2018-07-26 20:49:53,276 - [INFO] - boothVOList.size: 3
2018-07-26 20:54:30,716 - [INFO] - boothVOList.size: 3
2018-07-26 21:01:15,285 - [INFO] - boothVOList.size: 3
2018-07-26 21:01:48,175 - [INFO] - boothVOList.size: 3
2018-07-26 21:03:24,796 - [INFO] - boothVOList.size: 3
2018-07-26 22:10:49,354 - [INFO] - boothVOList.size: 3
2018-07-26 22:48:26,692 - [INFO] - boothVOList.size: 3
2018-07-26 22:53:13,493 - [INFO] - boothVOList.size: 3
2018-07-26 23:00:12,575 - [INFO] - boothVOList.size: 3
2018-07-26 23:00:41,046 - [INFO] - boothVOList.size: 3
2018-07-26 23:09:24,387 - [INFO] - boothVOList.size: 3
2018-07-26 23:21:57,320 - [INFO] - boothVOList.size: 3
2018-07-26 23:22:24,237 - [INFO] - boothVOList.size: 3
2018-07-26 23:22:59,764 - [INFO] - boothVOList.size: 3
2018-07-26 23:23:59,803 - [INFO] - boothVOList.size: 3
2018-07-26 23:26:56,295 - [INFO] - boothVOList.size: 3
2018-07-26 23:41:56,384 - [INFO] - Starting OrdersystemApplication on DESKTOP-3IDJ6KU with PID 20168 (D:\Workspace\IJIDEA\ordersystem\target\classes started by PC in D:\Workspace\IJIDEA\ordersystem)
2018-07-26 23:41:56,592 - [INFO] - No active profile set, falling back to default profiles: default
2018-07-26 23:41:57,509 - [INFO] - Refreshing org.springframework.boot.web.servlet.context.AnnotationConfigServletWebServerApplicationContext@292b08d6: startup date [Thu Jul 26 23:41:57 EDT 2018]; root of context hierarchy
2018-07-26 23:42:09,341 - [INFO] - Bean 'org.springframework.transaction.annotation.ProxyTransactionManagementConfiguration' of type [org.springframework.transaction.annotation.ProxyTransactionManagementConfiguration$$EnhancerBySpringCGLIB$$4b167bc8] is not eligible for getting processed by all BeanPostProcessors (for example: not eligible for auto-proxying)
2018-07-26 23:42:12,125 - [INFO] - Tomcat initialized with port(s): 8080 (http)
2018-07-26 23:42:12,169 - [INFO] - Initializing ProtocolHandler ["http-nio-8080"]
2018-07-26 23:42:12,178 - [INFO] - Starting service [Tomcat]
2018-07-26 23:42:12,178 - [INFO] - Starting Servlet Engine: Apache Tomcat/8.5.31
2018-07-26 23:42:12,208 - [INFO] - The APR based Apache Tomcat Native library which allows optimal performance in production environments was not found on the java.library.path: [C:\Program Files\Java\jdk1.8.0_171\bin;C:\WINDOWS\Sun\Java\bin;C:\WINDOWS\system32;C:\WINDOWS;C:\Program Files (x86)\Common Files\Oracle\Java\javapath;C:\Program Files (x86)\Intel\iCLS Client\;C:\ProgramData\Oracle\Java\javapath;C:\Program Files\Intel\iCLS Client\;C:\Windows\system32;C:\Windows;C:\Windows\System32\Wbem;C:\Windows\System32\WindowsPowerShell\v1.0\;C:\Program Files (x86)\NVIDIA Corporation\PhysX\Common;C:\WINDOWS\system32;C:\WINDOWS;C:\WINDOWS\System32\Wbem;C:\WINDOWS\System32\WindowsPowerShell\v1.0\;C:\Program Files\Java\jdk1.8.0_171\bin;D:\Software\Gwak\GnuWin32\bin;C:\WINDOWS\System32\OpenSSH\;C:\Program Files\Intel\WiFi\bin\;C:\Program Files\Common Files\Intel\WirelessCommon\;C:\Program Files (x86)\Intel\Intel(R) Management Engine Components\DAL;C:\Program Files\Intel\Intel(R) Management Engine Components\DAL;C:\Program Files (x86)\Intel\Intel(R) Management Engine Components\IPT;C:\Program Files\Intel\Intel(R) Management Engine Components\IPT;D:\Software\apache-maven-3.5.3-bin\bin;D:\Software\Git\cmd;C:\Users\PC\AppData\Local\Microsoft\WindowsApps;;.]
2018-07-26 23:42:12,316 - [INFO] - Initializing Spring embedded WebApplicationContext
2018-07-26 23:42:12,316 - [INFO] - Root WebApplicationContext: initialization completed in 14807 ms
2018-07-26 23:42:12,717 - [INFO] - Servlet dispatcherServlet mapped to [/]
2018-07-26 23:42:12,720 - [INFO] - Mapping filter: 'characterEncodingFilter' to: [/*]
2018-07-26 23:42:12,721 - [INFO] - Mapping filter: 'hiddenHttpMethodFilter' to: [/*]
2018-07-26 23:42:12,721 - [INFO] - Mapping filter: 'httpPutFormContentFilter' to: [/*]
2018-07-26 23:42:12,721 - [INFO] - Mapping filter: 'requestContextFilter' to: [/*]
2018-07-26 23:42:14,402 - [INFO] - HikariPool-1 - Starting...
2018-07-26 23:42:15,271 - [INFO] - HikariPool-1 - Start completed.
2018-07-26 23:42:15,492 - [INFO] - Building JPA container EntityManagerFactory for persistence unit 'default'
2018-07-26 23:42:15,825 - [INFO] - HHH000204: Processing PersistenceUnitInfo [
	name: default
	...]
2018-07-26 23:42:17,355 - [INFO] - HHH000412: Hibernate Core {5.2.17.Final}
2018-07-26 23:42:17,357 - [INFO] - HHH000206: hibernate.properties not found
2018-07-26 23:42:17,542 - [INFO] - HCANN000001: Hibernate Commons Annotations {5.0.1.Final}
2018-07-26 23:42:18,139 - [INFO] - HHH000400: Using dialect: org.hibernate.dialect.MySQL5Dialect
2018-07-26 23:42:22,637 - [INFO] - Initialized JPA EntityManagerFactory for persistence unit 'default'
2018-07-26 23:42:24,131 - [INFO] - Mapped URL path [/**/favicon.ico] onto handler of type [class org.springframework.web.servlet.resource.ResourceHttpRequestHandler]
2018-07-26 23:42:25,036 - [INFO] - Looking for @ControllerAdvice: org.springframework.boot.web.servlet.context.AnnotationConfigServletWebServerApplicationContext@292b08d6: startup date [Thu Jul 26 23:41:57 EDT 2018]; root of context hierarchy
2018-07-26 23:42:25,343 - [INFO] - spring.jpa.open-in-view is enabled by default. Therefore, database queries may be performed during view rendering. Explicitly configure spring.jpa.open-in-view to disable this warning
2018-07-26 23:42:25,484 - [INFO] - Mapped "{[/address/list],methods=[GET]}" onto public com.xxy.ordersystem.viewmessage.ResultVO<java.util.List<com.xxy.ordersystem.viewmessage.viewobject.AddressVO>> com.xxy.ordersystem.controller.AddressController.getAllAddress(java.lang.String)
2018-07-26 23:42:25,485 - [INFO] - Mapped "{[/address/addAddress],methods=[POST]}" onto public com.xxy.ordersystem.viewmessage.ResultVO com.xxy.ordersystem.controller.AddressController.addAddress()
2018-07-26 23:42:25,486 - [INFO] - Mapped "{[/booth/list],methods=[GET]}" onto public com.xxy.ordersystem.viewmessage.ResultVO<java.util.List<com.xxy.ordersystem.viewmessage.viewobject.BoothVO>> com.xxy.ordersystem.controller.BoothController.list(java.lang.Integer,java.lang.Integer,java.lang.Integer)
2018-07-26 23:42:25,486 - [INFO] - Mapped "{[/booth/detail],methods=[GET]}" onto public com.xxy.ordersystem.viewmessage.ResultVO<com.xxy.ordersystem.viewmessage.viewobject.BoothVO> com.xxy.ordersystem.controller.BoothController.detail(java.lang.String)
2018-07-26 23:42:25,486 - [INFO] - Mapped "{[/booth/detailByFid],methods=[GET]}" onto public com.xxy.ordersystem.viewmessage.ResultVO<com.xxy.ordersystem.viewmessage.viewobject.BoothVO> com.xxy.ordersystem.controller.BoothController.detailByFid(java.lang.String)
2018-07-26 23:42:25,487 - [INFO] - Mapped "{[/food/list],methods=[GET]}" onto public com.xxy.ordersystem.viewmessage.ResultVO<java.util.List<com.xxy.ordersystem.viewmessage.viewobject.FoodVO>> com.xxy.ordersystem.controller.FoodConttroller.list(java.lang.Integer,java.lang.Integer,java.lang.String)
2018-07-26 23:42:25,487 - [INFO] - Mapped "{[/food/listAllFood],methods=[GET]}" onto public com.xxy.ordersystem.viewmessage.ResultVO com.xxy.ordersystem.controller.FoodConttroller.listAllFood()
2018-07-26 23:42:25,487 - [INFO] - Mapped "{[/info/recommend],methods=[GET]}" onto public com.xxy.ordersystem.viewmessage.ResultVO<java.util.List<com.xxy.ordersystem.viewmessage.viewobject.BoothVO>> com.xxy.ordersystem.controller.InfoController.recommend()
2018-07-26 23:42:25,488 - [INFO] - Mapped "{[/info/adv],methods=[GET]}" onto public com.xxy.ordersystem.viewmessage.ResultVO<java.util.List<java.lang.String>> com.xxy.ordersystem.controller.InfoController.ads()
2018-07-26 23:42:25,489 - [INFO] - Mapped "{[/order/create],methods=[POST]}" onto public com.xxy.ordersystem.viewmessage.ResultVO<java.lang.String> com.xxy.ordersystem.controller.OrderController.create(com.xxy.ordersystem.form.OrderForm,org.springframework.validation.BindingResult)
2018-07-26 23:42:25,490 - [INFO] - Mapped "{[/order/cancel],methods=[POST]}" onto public com.xxy.ordersystem.viewmessage.ResultVO<java.lang.String> com.xxy.ordersystem.controller.OrderController.cancel(java.lang.String,java.lang.String,java.lang.String)
2018-07-26 23:42:25,491 - [INFO] - Mapped "{[/order/confirmDelivered],methods=[POST]}" onto public com.xxy.ordersystem.viewmessage.ResultVO<java.lang.String> com.xxy.ordersystem.controller.OrderController.confirmDelivered(java.lang.String,java.lang.String)
2018-07-26 23:42:25,491 - [INFO] - Mapped "{[/order/startPrepare],methods=[POST]}" onto public com.xxy.ordersystem.viewmessage.ResultVO<java.lang.String> com.xxy.ordersystem.controller.OrderController.startPrepare(java.lang.String,java.lang.String)
2018-07-26 23:42:25,491 - [INFO] - Mapped "{[/order/finishPrepare],methods=[POST]}" onto public com.xxy.ordersystem.viewmessage.ResultVO<java.lang.String> com.xxy.ordersystem.controller.OrderController.finishPrepare(java.lang.String,java.lang.String)
2018-07-26 23:42:25,492 - [INFO] - Mapped "{[/order/confirmReceived],methods=[POST]}" onto public com.xxy.ordersystem.viewmessage.ResultVO<java.lang.String> com.xxy.ordersystem.controller.OrderController.confirmReceived(java.lang.String,java.lang.String)
2018-07-26 23:42:25,492 - [INFO] - Mapped "{[/order/list],methods=[GET]}" onto public com.xxy.ordersystem.viewmessage.ResultVO<java.util.List<com.xxy.ordersystem.viewmessage.viewobject.OrderVO>> com.xxy.ordersystem.controller.OrderController.getAllOrders(java.lang.String,java.lang.Integer,java.lang.Integer,java.lang.Integer)
2018-07-26 23:42:25,492 - [INFO] - Mapped "{[/order/detail],methods=[GET]}" onto public com.xxy.ordersystem.viewmessage.ResultVO<com.xxy.ordersystem.dto.OrderDTO> com.xxy.ordersystem.controller.OrderController.getOrdersById(java.lang.String,java.lang.String)
2018-07-26 23:42:25,492 - [INFO] - Mapped "{[/order/startDeliver],methods=[POST]}" onto public com.xxy.ordersystem.viewmessage.ResultVO<java.lang.String> com.xxy.ordersystem.controller.OrderController.startDeliver(java.lang.String,java.lang.String)
2018-07-26 23:42:25,494 - [INFO] - Mapped "{[/res/img/{filename:.+}],methods=[GET]}" onto public org.springframework.http.ResponseEntity<?> com.xxy.ordersystem.controller.ResourceController.getFile(java.lang.String)
2018-07-26 23:42:25,494 - [INFO] - Mapped "{[/res/addAdvImg],methods=[POST]}" onto public com.xxy.ordersystem.viewmessage.ResultVO<com.xxy.ordersystem.viewmessage.UploadFileResponse> com.xxy.ordersystem.controller.ResourceController.addAdvImg(org.springframework.web.multipart.MultipartFile)
2018-07-26 23:42:25,494 - [INFO] - Mapped "{[/res/getQR],methods=[GET]}" onto public org.springframework.http.ResponseEntity<?> com.xxy.ordersystem.controller.ResourceController.getQR()
2018-07-26 23:42:25,494 - [INFO] - Mapped "{[/res/addBImg],methods=[POST]}" onto public com.xxy.ordersystem.viewmessage.ResultVO<com.xxy.ordersystem.viewmessage.UploadFileResponse> com.xxy.ordersystem.controller.ResourceController.addBImg(org.springframework.web.multipart.MultipartFile,java.lang.String)
2018-07-26 23:42:25,494 - [INFO] - Mapped "{[/res/adv/{filename:.+}],methods=[GET]}" onto public org.springframework.http.ResponseEntity<?> com.xxy.ordersystem.controller.ResourceController.getAdv(java.lang.String)
2018-07-26 23:42:25,495 - [INFO] - Mapped "{[/res/addFImg],methods=[POST]}" onto public com.xxy.ordersystem.viewmessage.ResultVO<com.xxy.ordersystem.viewmessage.UploadFileResponse> com.xxy.ordersystem.controller.ResourceController.addFImg(org.springframework.web.multipart.MultipartFile,java.lang.String,java.lang.String)
2018-07-26 23:42:25,495 - [INFO] - Mapped "{[/search/all],methods=[GET]}" onto public com.xxy.ordersystem.viewmessage.ResultVO<com.xxy.ordersystem.viewmessage.viewobject.SearchResultVO> com.xxy.ordersystem.controller.SearchController.searchAll(java.lang.String,java.lang.String,java.lang.Integer,java.lang.Integer)
2018-07-26 23:42:25,497 - [INFO] - Mapped "{[/error]}" onto public org.springframework.http.ResponseEntity<java.util.Map<java.lang.String, java.lang.Object>> org.springframework.boot.autoconfigure.web.servlet.error.BasicErrorController.error(javax.servlet.http.HttpServletRequest)
2018-07-26 23:42:25,497 - [INFO] - Mapped "{[/error],produces=[text/html]}" onto public org.springframework.web.servlet.ModelAndView org.springframework.boot.autoconfigure.web.servlet.error.BasicErrorController.errorHtml(javax.servlet.http.HttpServletRequest,javax.servlet.http.HttpServletResponse)
2018-07-26 23:42:25,516 - [INFO] - Mapped URL path [/webjars/**] onto handler of type [class org.springframework.web.servlet.resource.ResourceHttpRequestHandler]
2018-07-26 23:42:25,517 - [INFO] - Mapped URL path [/**] onto handler of type [class org.springframework.web.servlet.resource.ResourceHttpRequestHandler]
2018-07-26 23:42:26,180 - [INFO] - Registering beans for JMX exposure on startup
2018-07-26 23:42:26,181 - [INFO] - Bean with name 'dataSource' has been autodetected for JMX exposure
2018-07-26 23:42:26,185 - [INFO] - Located MBean 'dataSource': registering with JMX server as MBean [com.zaxxer.hikari:name=dataSource,type=HikariDataSource]
2018-07-26 23:42:26,194 - [INFO] - Starting ProtocolHandler ["http-nio-8080"]
2018-07-26 23:42:26,209 - [INFO] - Using a shared selector for servlet write/read
2018-07-26 23:42:26,800 - [INFO] - Tomcat started on port(s): 8080 (http) with context path '/os'
2018-07-26 23:42:26,802 - [INFO] - Started OrdersystemApplication in 35.891 seconds (JVM running for 43.297)
2018-07-26 23:55:58,467 - [INFO] - Starting OrdersystemApplication on DESKTOP-3IDJ6KU with PID 11748 (D:\Workspace\IJIDEA\ordersystem\target\classes started by PC in D:\Workspace\IJIDEA\ordersystem)
2018-07-26 23:55:58,559 - [INFO] - No active profile set, falling back to default profiles: default
2018-07-26 23:55:58,731 - [INFO] - Refreshing org.springframework.boot.web.servlet.context.AnnotationConfigServletWebServerApplicationContext@292b08d6: startup date [Thu Jul 26 23:55:58 EDT 2018]; root of context hierarchy
2018-07-26 23:56:03,318 - [INFO] - Bean 'org.springframework.transaction.annotation.ProxyTransactionManagementConfiguration' of type [org.springframework.transaction.annotation.ProxyTransactionManagementConfiguration$$EnhancerBySpringCGLIB$$4b167bc8] is not eligible for getting processed by all BeanPostProcessors (for example: not eligible for auto-proxying)
2018-07-26 23:56:04,069 - [INFO] - Tomcat initialized with port(s): 8080 (http)
2018-07-26 23:56:04,100 - [INFO] - Initializing ProtocolHandler ["http-nio-8080"]
2018-07-26 23:56:04,100 - [INFO] - Starting service [Tomcat]
2018-07-26 23:56:04,100 - [INFO] - Starting Servlet Engine: Apache Tomcat/8.5.31
2018-07-26 23:56:04,147 - [INFO] - The APR based Apache Tomcat Native library which allows optimal performance in production environments was not found on the java.library.path: [C:\Program Files\Java\jdk1.8.0_171\bin;C:\WINDOWS\Sun\Java\bin;C:\WINDOWS\system32;C:\WINDOWS;C:\Program Files (x86)\Common Files\Oracle\Java\javapath;C:\Program Files (x86)\Intel\iCLS Client\;C:\ProgramData\Oracle\Java\javapath;C:\Program Files\Intel\iCLS Client\;C:\Windows\system32;C:\Windows;C:\Windows\System32\Wbem;C:\Windows\System32\WindowsPowerShell\v1.0\;C:\Program Files (x86)\NVIDIA Corporation\PhysX\Common;C:\WINDOWS\system32;C:\WINDOWS;C:\WINDOWS\System32\Wbem;C:\WINDOWS\System32\WindowsPowerShell\v1.0\;C:\Program Files\Java\jdk1.8.0_171\bin;D:\Software\Gwak\GnuWin32\bin;C:\WINDOWS\System32\OpenSSH\;C:\Program Files\Intel\WiFi\bin\;C:\Program Files\Common Files\Intel\WirelessCommon\;C:\Program Files (x86)\Intel\Intel(R) Management Engine Components\DAL;C:\Program Files\Intel\Intel(R) Management Engine Components\DAL;C:\Program Files (x86)\Intel\Intel(R) Management Engine Components\IPT;C:\Program Files\Intel\Intel(R) Management Engine Components\IPT;D:\Software\apache-maven-3.5.3-bin\bin;D:\Software\Git\cmd;C:\Users\PC\AppData\Local\Microsoft\WindowsApps;;.]
2018-07-26 23:56:04,366 - [INFO] - Initializing Spring embedded WebApplicationContext
2018-07-26 23:56:04,366 - [INFO] - Root WebApplicationContext: initialization completed in 5635 ms
2018-07-26 23:56:04,718 - [INFO] - Servlet dispatcherServlet mapped to [/]
2018-07-26 23:56:04,734 - [INFO] - Mapping filter: 'characterEncodingFilter' to: [/*]
2018-07-26 23:56:04,734 - [INFO] - Mapping filter: 'hiddenHttpMethodFilter' to: [/*]
2018-07-26 23:56:04,734 - [INFO] - Mapping filter: 'httpPutFormContentFilter' to: [/*]
2018-07-26 23:56:04,734 - [INFO] - Mapping filter: 'requestContextFilter' to: [/*]
2018-07-26 23:56:05,124 - [INFO] - HikariPool-1 - Starting...
2018-07-26 23:56:06,311 - [INFO] - Unable to determine jdbc url from datasource
org.springframework.jdbc.support.MetaDataAccessException: Could not get Connection for extracting meta-data; nested exception is org.springframework.jdbc.CannotGetJdbcConnectionException: Failed to obtain JDBC Connection; nested exception is com.mysql.jdbc.exceptions.jdbc4.MySQLNonTransientConnectionException: Public Key Retrieval is not allowed
	at org.springframework.jdbc.support.JdbcUtils.extractDatabaseMetaData(JdbcUtils.java:328)
	at org.springframework.jdbc.support.JdbcUtils.extractDatabaseMetaData(JdbcUtils.java:356)
	at org.springframework.boot.autoconfigure.orm.jpa.DatabaseLookup.getDatabase(DatabaseLookup.java:72)
	at org.springframework.boot.autoconfigure.orm.jpa.JpaProperties.determineDatabase(JpaProperties.java:166)
	at org.springframework.boot.autoconfigure.orm.jpa.JpaBaseConfiguration.jpaVendorAdapter(JpaBaseConfiguration.java:111)
	at org.springframework.boot.autoconfigure.orm.jpa.HibernateJpaConfiguration$$EnhancerBySpringCGLIB$$69ed3e37.CGLIB$jpaVendorAdapter$6(<generated>)
	at org.springframework.boot.autoconfigure.orm.jpa.HibernateJpaConfiguration$$EnhancerBySpringCGLIB$$69ed3e37$$FastClassBySpringCGLIB$$e11513c7.invoke(<generated>)
	at org.springframework.cglib.proxy.MethodProxy.invokeSuper(MethodProxy.java:228)
	at org.springframework.context.annotation.ConfigurationClassEnhancer$BeanMethodInterceptor.intercept(ConfigurationClassEnhancer.java:361)
	at org.springframework.boot.autoconfigure.orm.jpa.HibernateJpaConfiguration$$EnhancerBySpringCGLIB$$69ed3e37.jpaVendorAdapter(<generated>)
	at sun.reflect.NativeMethodAccessorImpl.invoke0(Native Method)
	at sun.reflect.NativeMethodAccessorImpl.invoke(NativeMethodAccessorImpl.java:62)
	at sun.reflect.DelegatingMethodAccessorImpl.invoke(DelegatingMethodAccessorImpl.java:43)
	at java.lang.reflect.Method.invoke(Method.java:498)
	at org.springframework.beans.factory.support.SimpleInstantiationStrategy.instantiate(SimpleInstantiationStrategy.java:154)
	at org.springframework.beans.factory.support.ConstructorResolver.instantiateUsingFactoryMethod(ConstructorResolver.java:582)
	at org.springframework.beans.factory.support.AbstractAutowireCapableBeanFactory.instantiateUsingFactoryMethod(AbstractAutowireCapableBeanFactory.java:1256)
	at org.springframework.beans.factory.support.AbstractAutowireCapableBeanFactory.createBeanInstance(AbstractAutowireCapableBeanFactory.java:1105)
	at org.springframework.beans.factory.support.AbstractAutowireCapableBeanFactory.doCreateBean(AbstractAutowireCapableBeanFactory.java:543)
	at org.springframework.beans.factory.support.AbstractAutowireCapableBeanFactory.createBean(AbstractAutowireCapableBeanFactory.java:503)
	at org.springframework.beans.factory.support.AbstractBeanFactory.lambda$doGetBean$0(AbstractBeanFactory.java:317)
	at org.springframework.beans.factory.support.DefaultSingletonBeanRegistry.getSingleton(DefaultSingletonBeanRegistry.java:222)
	at org.springframework.beans.factory.support.AbstractBeanFactory.doGetBean(AbstractBeanFactory.java:315)
	at org.springframework.beans.factory.support.AbstractBeanFactory.getBean(AbstractBeanFactory.java:199)
	at org.springframework.beans.factory.config.DependencyDescriptor.resolveCandidate(DependencyDescriptor.java:251)
	at org.springframework.beans.factory.support.DefaultListableBeanFactory.doResolveDependency(DefaultListableBeanFactory.java:1138)
	at org.springframework.beans.factory.support.DefaultListableBeanFactory.resolveDependency(DefaultListableBeanFactory.java:1065)
	at org.springframework.beans.factory.support.ConstructorResolver.resolveAutowiredArgument(ConstructorResolver.java:818)
	at org.springframework.beans.factory.support.ConstructorResolver.createArgumentArray(ConstructorResolver.java:724)
	at org.springframework.beans.factory.support.ConstructorResolver.instantiateUsingFactoryMethod(ConstructorResolver.java:474)
	at org.springframework.beans.factory.support.AbstractAutowireCapableBeanFactory.instantiateUsingFactoryMethod(AbstractAutowireCapableBeanFactory.java:1256)
	at org.springframework.beans.factory.support.AbstractAutowireCapableBeanFactory.createBeanInstance(AbstractAutowireCapableBeanFactory.java:1105)
	at org.springframework.beans.factory.support.AbstractAutowireCapableBeanFactory.doCreateBean(AbstractAutowireCapableBeanFactory.java:543)
	at org.springframework.beans.factory.support.AbstractAutowireCapableBeanFactory.createBean(AbstractAutowireCapableBeanFactory.java:503)
	at org.springframework.beans.factory.support.AbstractBeanFactory.lambda$doGetBean$0(AbstractBeanFactory.java:317)
	at org.springframework.beans.factory.support.DefaultSingletonBeanRegistry.getSingleton(DefaultSingletonBeanRegistry.java:222)
	at org.springframework.beans.factory.support.AbstractBeanFactory.doGetBean(AbstractBeanFactory.java:315)
	at org.springframework.beans.factory.support.AbstractBeanFactory.getBean(AbstractBeanFactory.java:199)
	at org.springframework.beans.factory.config.DependencyDescriptor.resolveCandidate(DependencyDescriptor.java:251)
	at org.springframework.beans.factory.support.DefaultListableBeanFactory.doResolveDependency(DefaultListableBeanFactory.java:1138)
	at org.springframework.beans.factory.support.DefaultListableBeanFactory.resolveDependency(DefaultListableBeanFactory.java:1065)
	at org.springframework.beans.factory.support.ConstructorResolver.resolveAutowiredArgument(ConstructorResolver.java:818)
	at org.springframework.beans.factory.support.ConstructorResolver.createArgumentArray(ConstructorResolver.java:724)
	at org.springframework.beans.factory.support.ConstructorResolver.instantiateUsingFactoryMethod(ConstructorResolver.java:474)
	at org.springframework.beans.factory.support.AbstractAutowireCapableBeanFactory.instantiateUsingFactoryMethod(AbstractAutowireCapableBeanFactory.java:1256)
	at org.springframework.beans.factory.support.AbstractAutowireCapableBeanFactory.createBeanInstance(AbstractAutowireCapableBeanFactory.java:1105)
	at org.springframework.beans.factory.support.AbstractAutowireCapableBeanFactory.doCreateBean(AbstractAutowireCapableBeanFactory.java:543)
	at org.springframework.beans.factory.support.AbstractAutowireCapableBeanFactory.createBean(AbstractAutowireCapableBeanFactory.java:503)
	at org.springframework.beans.factory.support.AbstractBeanFactory.lambda$doGetBean$0(AbstractBeanFactory.java:317)
	at org.springframework.beans.factory.support.DefaultSingletonBeanRegistry.getSingleton(DefaultSingletonBeanRegistry.java:222)
	at org.springframework.beans.factory.support.AbstractBeanFactory.doGetBean(AbstractBeanFactory.java:315)
	at org.springframework.beans.factory.support.AbstractBeanFactory.getBean(AbstractBeanFactory.java:199)
	at org.springframework.context.support.AbstractApplicationContext.getBean(AbstractApplicationContext.java:1089)
	at org.springframework.context.support.AbstractApplicationContext.finishBeanFactoryInitialization(AbstractApplicationContext.java:859)
	at org.springframework.context.support.AbstractApplicationContext.refresh(AbstractApplicationContext.java:550)
	at org.springframework.boot.web.servlet.context.ServletWebServerApplicationContext.refresh(ServletWebServerApplicationContext.java:140)
	at org.springframework.boot.SpringApplication.refresh(SpringApplication.java:759)
	at org.springframework.boot.SpringApplication.refreshContext(SpringApplication.java:395)
	at org.springframework.boot.SpringApplication.run(SpringApplication.java:327)
	at org.springframework.boot.SpringApplication.run(SpringApplication.java:1255)
	at org.springframework.boot.SpringApplication.run(SpringApplication.java:1243)
	at com.xxy.ordersystem.OrdersystemApplication.main(OrdersystemApplication.java:11)
Caused by: org.springframework.jdbc.CannotGetJdbcConnectionException: Failed to obtain JDBC Connection; nested exception is com.mysql.jdbc.exceptions.jdbc4.MySQLNonTransientConnectionException: Public Key Retrieval is not allowed
	at org.springframework.jdbc.datasource.DataSourceUtils.getConnection(DataSourceUtils.java:81)
	at org.springframework.jdbc.support.JdbcUtils.extractDatabaseMetaData(JdbcUtils.java:319)
	... 61 common frames omitted
Caused by: com.mysql.jdbc.exceptions.jdbc4.MySQLNonTransientConnectionException: Public Key Retrieval is not allowed
	at sun.reflect.NativeConstructorAccessorImpl.newInstance0(Native Method)
	at sun.reflect.NativeConstructorAccessorImpl.newInstance(NativeConstructorAccessorImpl.java:62)
	at sun.reflect.DelegatingConstructorAccessorImpl.newInstance(DelegatingConstructorAccessorImpl.java:45)
	at java.lang.reflect.Constructor.newInstance(Constructor.java:423)
	at com.mysql.jdbc.Util.handleNewInstance(Util.java:425)
	at com.mysql.jdbc.Util.getInstance(Util.java:408)
	at com.mysql.jdbc.SQLError.createSQLException(SQLError.java:919)
	at com.mysql.jdbc.SQLError.createSQLException(SQLError.java:898)
	at com.mysql.jdbc.SQLError.createSQLException(SQLError.java:887)
	at com.mysql.jdbc.SQLError.createSQLException(SQLError.java:861)
	at com.mysql.jdbc.SQLError.createSQLException(SQLError.java:878)
	at com.mysql.jdbc.SQLError.createSQLException(SQLError.java:874)
	at com.mysql.jdbc.MysqlIO.proceedHandshakeWithPluggableAuthentication(MysqlIO.java:1777)
	at com.mysql.jdbc.MysqlIO.doHandshake(MysqlIO.java:1224)
	at com.mysql.jdbc.ConnectionImpl.coreConnect(ConnectionImpl.java:2190)
	at com.mysql.jdbc.ConnectionImpl.connectOneTryOnly(ConnectionImpl.java:2221)
	at com.mysql.jdbc.ConnectionImpl.createNewIO(ConnectionImpl.java:2016)
	at com.mysql.jdbc.ConnectionImpl.<init>(ConnectionImpl.java:776)
	at com.mysql.jdbc.JDBC4Connection.<init>(JDBC4Connection.java:47)
	at sun.reflect.NativeConstructorAccessorImpl.newInstance0(Native Method)
	at sun.reflect.NativeConstructorAccessorImpl.newInstance(NativeConstructorAccessorImpl.java:62)
	at sun.reflect.DelegatingConstructorAccessorImpl.newInstance(DelegatingConstructorAccessorImpl.java:45)
	at java.lang.reflect.Constructor.newInstance(Constructor.java:423)
	at com.mysql.jdbc.Util.handleNewInstance(Util.java:425)
	at com.mysql.jdbc.ConnectionImpl.getInstance(ConnectionImpl.java:386)
	at com.mysql.jdbc.NonRegisteringDriver.connect(NonRegisteringDriver.java:330)
	at com.zaxxer.hikari.util.DriverDataSource.getConnection(DriverDataSource.java:117)
	at com.zaxxer.hikari.util.DriverDataSource.getConnection(DriverDataSource.java:123)
	at com.zaxxer.hikari.pool.PoolBase.newConnection(PoolBase.java:365)
	at com.zaxxer.hikari.pool.PoolBase.newPoolEntry(PoolBase.java:194)
	at com.zaxxer.hikari.pool.HikariPool.createPoolEntry(HikariPool.java:460)
	at com.zaxxer.hikari.pool.HikariPool.checkFailFast(HikariPool.java:534)
	at com.zaxxer.hikari.pool.HikariPool.<init>(HikariPool.java:115)
	at com.zaxxer.hikari.HikariDataSource.getConnection(HikariDataSource.java:112)
	at org.springframework.jdbc.datasource.DataSourceUtils.fetchConnection(DataSourceUtils.java:151)
	at org.springframework.jdbc.datasource.DataSourceUtils.doGetConnection(DataSourceUtils.java:115)
	at org.springframework.jdbc.datasource.DataSourceUtils.getConnection(DataSourceUtils.java:78)
	... 62 common frames omitted
Caused by: com.mysql.jdbc.exceptions.jdbc4.MySQLNonTransientConnectionException: Public Key Retrieval is not allowed
	at sun.reflect.NativeConstructorAccessorImpl.newInstance0(Native Method)
	at sun.reflect.NativeConstructorAccessorImpl.newInstance(NativeConstructorAccessorImpl.java:62)
	at sun.reflect.DelegatingConstructorAccessorImpl.newInstance(DelegatingConstructorAccessorImpl.java:45)
	at java.lang.reflect.Constructor.newInstance(Constructor.java:423)
	at com.mysql.jdbc.Util.handleNewInstance(Util.java:425)
	at com.mysql.jdbc.Util.getInstance(Util.java:408)
	at com.mysql.jdbc.SQLError.createSQLException(SQLError.java:919)
	at com.mysql.jdbc.SQLError.createSQLException(SQLError.java:898)
	at com.mysql.jdbc.SQLError.createSQLException(SQLError.java:887)
	at com.mysql.jdbc.SQLError.createSQLException(SQLError.java:861)
	at com.mysql.jdbc.authentication.CachingSha2PasswordPlugin.nextAuthenticationStep(CachingSha2PasswordPlugin.java:130)
	at com.mysql.jdbc.MysqlIO.proceedHandshakeWithPluggableAuthentication(MysqlIO.java:1775)
	... 86 common frames omitted
2018-07-26 23:56:06,405 - [INFO] - HikariPool-1 - Starting...
2018-07-26 23:56:07,525 - [INFO] - Building JPA container EntityManagerFactory for persistence unit 'default'
2018-07-26 23:56:07,572 - [INFO] - HHH000204: Processing PersistenceUnitInfo [
	name: default
	...]
2018-07-26 23:56:07,905 - [INFO] - HHH000412: Hibernate Core {5.2.17.Final}
2018-07-26 23:56:07,905 - [INFO] - HHH000206: hibernate.properties not found
2018-07-26 23:56:07,990 - [INFO] - HCANN000001: Hibernate Commons Annotations {5.0.1.Final}
2018-07-26 23:56:08,315 - [INFO] - HikariPool-1 - Starting...
2018-07-26 23:56:09,318 - [INFO] - HHH000342: Could not obtain connection to query metadata : Public Key Retrieval is not allowed
2018-07-26 23:56:09,321 - [INFO] - Exception encountered during context initialization - cancelling refresh attempt: org.springframework.beans.factory.BeanCreationException: Error creating bean with name 'entityManagerFactory' defined in class path resource [org/springframework/boot/autoconfigure/orm/jpa/HibernateJpaConfiguration.class]: Invocation of init method failed; nested exception is org.hibernate.service.spi.ServiceException: Unable to create requested service [org.hibernate.engine.jdbc.env.spi.JdbcEnvironment]
2018-07-26 23:56:09,324 - [INFO] - Stopping service [Tomcat]
2018-07-26 23:56:09,386 - [INFO] - 

Error starting ApplicationContext. To display the conditions report re-run your application with 'debug' enabled.
2018-07-26 23:57:01,517 - [INFO] - Starting OrdersystemApplication on DESKTOP-3IDJ6KU with PID 1740 (D:\Workspace\IJIDEA\ordersystem\target\classes started by PC in D:\Workspace\IJIDEA\ordersystem)
2018-07-26 23:57:01,517 - [INFO] - No active profile set, falling back to default profiles: default
2018-07-26 23:57:01,611 - [INFO] - Refreshing org.springframework.boot.web.servlet.context.AnnotationConfigServletWebServerApplicationContext@36ebc363: startup date [Thu Jul 26 23:57:01 EDT 2018]; root of context hierarchy
2018-07-26 23:57:02,735 - [INFO] - Bean 'org.springframework.transaction.annotation.ProxyTransactionManagementConfiguration' of type [org.springframework.transaction.annotation.ProxyTransactionManagementConfiguration$$EnhancerBySpringCGLIB$$e36e8494] is not eligible for getting processed by all BeanPostProcessors (for example: not eligible for auto-proxying)
2018-07-26 23:57:02,939 - [INFO] - Tomcat initialized with port(s): 8080 (http)
2018-07-26 23:57:02,939 - [INFO] - Initializing ProtocolHandler ["http-nio-8080"]
2018-07-26 23:57:02,954 - [INFO] - Starting service [Tomcat]
2018-07-26 23:57:02,954 - [INFO] - Starting Servlet Engine: Apache Tomcat/8.5.31
2018-07-26 23:57:02,954 - [INFO] - The APR based Apache Tomcat Native library which allows optimal performance in production environments was not found on the java.library.path: [C:\Program Files\Java\jdk1.8.0_171\bin;C:\WINDOWS\Sun\Java\bin;C:\WINDOWS\system32;C:\WINDOWS;C:\Program Files (x86)\Common Files\Oracle\Java\javapath;C:\Program Files (x86)\Intel\iCLS Client\;C:\ProgramData\Oracle\Java\javapath;C:\Program Files\Intel\iCLS Client\;C:\Windows\system32;C:\Windows;C:\Windows\System32\Wbem;C:\Windows\System32\WindowsPowerShell\v1.0\;C:\Program Files (x86)\NVIDIA Corporation\PhysX\Common;C:\WINDOWS\system32;C:\WINDOWS;C:\WINDOWS\System32\Wbem;C:\WINDOWS\System32\WindowsPowerShell\v1.0\;C:\Program Files\Java\jdk1.8.0_171\bin;D:\Software\Gwak\GnuWin32\bin;C:\WINDOWS\System32\OpenSSH\;C:\Program Files\Intel\WiFi\bin\;C:\Program Files\Common Files\Intel\WirelessCommon\;C:\Program Files (x86)\Intel\Intel(R) Management Engine Components\DAL;C:\Program Files\Intel\Intel(R) Management Engine Components\DAL;C:\Program Files (x86)\Intel\Intel(R) Management Engine Components\IPT;C:\Program Files\Intel\Intel(R) Management Engine Components\IPT;D:\Software\apache-maven-3.5.3-bin\bin;D:\Software\Git\cmd;C:\Users\PC\AppData\Local\Microsoft\WindowsApps;;.]
2018-07-26 23:57:03,063 - [INFO] - Initializing Spring embedded WebApplicationContext
2018-07-26 23:57:03,063 - [INFO] - Root WebApplicationContext: initialization completed in 1452 ms
2018-07-26 23:57:03,157 - [INFO] - Servlet dispatcherServlet mapped to [/]
2018-07-26 23:57:03,157 - [INFO] - Mapping filter: 'characterEncodingFilter' to: [/*]
2018-07-26 23:57:03,157 - [INFO] - Mapping filter: 'hiddenHttpMethodFilter' to: [/*]
2018-07-26 23:57:03,157 - [INFO] - Mapping filter: 'httpPutFormContentFilter' to: [/*]
2018-07-26 23:57:03,157 - [INFO] - Mapping filter: 'requestContextFilter' to: [/*]
2018-07-26 23:57:03,251 - [INFO] - HikariPool-1 - Starting...
2018-07-26 23:57:03,470 - [INFO] - HikariPool-1 - Start completed.
2018-07-26 23:57:03,688 - [INFO] - Building JPA container EntityManagerFactory for persistence unit 'default'
2018-07-26 23:57:03,704 - [INFO] - HHH000204: Processing PersistenceUnitInfo [
	name: default
	...]
2018-07-26 23:57:03,751 - [INFO] - HHH000412: Hibernate Core {5.2.17.Final}
2018-07-26 23:57:03,751 - [INFO] - HHH000206: hibernate.properties not found
2018-07-26 23:57:03,782 - [INFO] - HCANN000001: Hibernate Commons Annotations {5.0.1.Final}
2018-07-26 23:57:03,923 - [INFO] - HHH000400: Using dialect: org.hibernate.dialect.MySQL5Dialect
2018-07-26 23:57:05,063 - [INFO] - Initialized JPA EntityManagerFactory for persistence unit 'default'
2018-07-26 23:57:06,046 - [INFO] - Mapped URL path [/**/favicon.ico] onto handler of type [class org.springframework.web.servlet.resource.ResourceHttpRequestHandler]
2018-07-26 23:57:06,484 - [INFO] - Looking for @ControllerAdvice: org.springframework.boot.web.servlet.context.AnnotationConfigServletWebServerApplicationContext@36ebc363: startup date [Thu Jul 26 23:57:01 EDT 2018]; root of context hierarchy
2018-07-26 23:57:06,530 - [INFO] - spring.jpa.open-in-view is enabled by default. Therefore, database queries may be performed during view rendering. Explicitly configure spring.jpa.open-in-view to disable this warning
2018-07-26 23:57:06,562 - [INFO] - Mapped "{[/address/list],methods=[GET]}" onto public com.xxy.ordersystem.viewmessage.ResultVO<java.util.List<com.xxy.ordersystem.viewmessage.viewobject.AddressVO>> com.xxy.ordersystem.controller.AddressController.getAllAddress(java.lang.String)
2018-07-26 23:57:06,562 - [INFO] - Mapped "{[/address/addAddress],methods=[POST]}" onto public com.xxy.ordersystem.viewmessage.ResultVO com.xxy.ordersystem.controller.AddressController.addAddress()
2018-07-26 23:57:06,562 - [INFO] - Mapped "{[/booth/list],methods=[GET]}" onto public com.xxy.ordersystem.viewmessage.ResultVO<java.util.List<com.xxy.ordersystem.viewmessage.viewobject.BoothVO>> com.xxy.ordersystem.controller.BoothController.list(java.lang.Integer,java.lang.Integer,java.lang.Integer)
2018-07-26 23:57:06,562 - [INFO] - Mapped "{[/booth/detail],methods=[GET]}" onto public com.xxy.ordersystem.viewmessage.ResultVO<com.xxy.ordersystem.viewmessage.viewobject.BoothVO> com.xxy.ordersystem.controller.BoothController.detail(java.lang.String)
2018-07-26 23:57:06,562 - [INFO] - Mapped "{[/booth/detailByFid],methods=[GET]}" onto public com.xxy.ordersystem.viewmessage.ResultVO<com.xxy.ordersystem.viewmessage.viewobject.BoothVO> com.xxy.ordersystem.controller.BoothController.detailByFid(java.lang.String)
2018-07-26 23:57:06,562 - [INFO] - Mapped "{[/food/list],methods=[GET]}" onto public com.xxy.ordersystem.viewmessage.ResultVO<java.util.List<com.xxy.ordersystem.viewmessage.viewobject.FoodVO>> com.xxy.ordersystem.controller.FoodConttroller.list(java.lang.Integer,java.lang.Integer,java.lang.String)
2018-07-26 23:57:06,562 - [INFO] - Mapped "{[/food/listAllFood],methods=[GET]}" onto public com.xxy.ordersystem.viewmessage.ResultVO com.xxy.ordersystem.controller.FoodConttroller.listAllFood()
2018-07-26 23:57:06,562 - [INFO] - Mapped "{[/info/adv],methods=[GET]}" onto public com.xxy.ordersystem.viewmessage.ResultVO<java.util.List<java.lang.String>> com.xxy.ordersystem.controller.InfoController.ads()
2018-07-26 23:57:06,562 - [INFO] - Mapped "{[/info/recommend],methods=[GET]}" onto public com.xxy.ordersystem.viewmessage.ResultVO<java.util.List<com.xxy.ordersystem.viewmessage.viewobject.BoothVO>> com.xxy.ordersystem.controller.InfoController.recommend()
2018-07-26 23:57:06,562 - [INFO] - Mapped "{[/order/create],methods=[POST]}" onto public com.xxy.ordersystem.viewmessage.ResultVO<java.lang.String> com.xxy.ordersystem.controller.OrderController.create(com.xxy.ordersystem.form.OrderForm,org.springframework.validation.BindingResult)
2018-07-26 23:57:06,562 - [INFO] - Mapped "{[/order/cancel],methods=[POST]}" onto public com.xxy.ordersystem.viewmessage.ResultVO<java.lang.String> com.xxy.ordersystem.controller.OrderController.cancel(java.lang.String,java.lang.String,java.lang.String)
2018-07-26 23:57:06,562 - [INFO] - Mapped "{[/order/confirmDelivered],methods=[POST]}" onto public com.xxy.ordersystem.viewmessage.ResultVO<java.lang.String> com.xxy.ordersystem.controller.OrderController.confirmDelivered(java.lang.String,java.lang.String)
2018-07-26 23:57:06,562 - [INFO] - Mapped "{[/order/startDeliver],methods=[POST]}" onto public com.xxy.ordersystem.viewmessage.ResultVO<java.lang.String> com.xxy.ordersystem.controller.OrderController.startDeliver(java.lang.String,java.lang.String)
2018-07-26 23:57:06,562 - [INFO] - Mapped "{[/order/confirmReceived],methods=[POST]}" onto public com.xxy.ordersystem.viewmessage.ResultVO<java.lang.String> com.xxy.ordersystem.controller.OrderController.confirmReceived(java.lang.String,java.lang.String)
2018-07-26 23:57:06,562 - [INFO] - Mapped "{[/order/detail],methods=[GET]}" onto public com.xxy.ordersystem.viewmessage.ResultVO<com.xxy.ordersystem.dto.OrderDTO> com.xxy.ordersystem.controller.OrderController.getOrdersById(java.lang.String,java.lang.String)
2018-07-26 23:57:06,562 - [INFO] - Mapped "{[/order/list],methods=[GET]}" onto public com.xxy.ordersystem.viewmessage.ResultVO<java.util.List<com.xxy.ordersystem.viewmessage.viewobject.OrderVO>> com.xxy.ordersystem.controller.OrderController.getAllOrders(java.lang.String,java.lang.Integer,java.lang.Integer,java.lang.Integer)
2018-07-26 23:57:06,577 - [INFO] - Mapped "{[/order/startPrepare],methods=[POST]}" onto public com.xxy.ordersystem.viewmessage.ResultVO<java.lang.String> com.xxy.ordersystem.controller.OrderController.startPrepare(java.lang.String,java.lang.String)
2018-07-26 23:57:06,577 - [INFO] - Mapped "{[/order/finishPrepare],methods=[POST]}" onto public com.xxy.ordersystem.viewmessage.ResultVO<java.lang.String> com.xxy.ordersystem.controller.OrderController.finishPrepare(java.lang.String,java.lang.String)
2018-07-26 23:57:06,577 - [INFO] - Mapped "{[/res/img/{filename:.+}],methods=[GET]}" onto public org.springframework.http.ResponseEntity<?> com.xxy.ordersystem.controller.ResourceController.getFile(java.lang.String)
2018-07-26 23:57:06,577 - [INFO] - Mapped "{[/res/addBImg],methods=[POST]}" onto public com.xxy.ordersystem.viewmessage.ResultVO<com.xxy.ordersystem.viewmessage.UploadFileResponse> com.xxy.ordersystem.controller.ResourceController.addBImg(org.springframework.web.multipart.MultipartFile,java.lang.String)
2018-07-26 23:57:06,577 - [INFO] - Mapped "{[/res/adv/{filename:.+}],methods=[GET]}" onto public org.springframework.http.ResponseEntity<?> com.xxy.ordersystem.controller.ResourceController.getAdv(java.lang.String)
2018-07-26 23:57:06,577 - [INFO] - Mapped "{[/res/addAdvImg],methods=[POST]}" onto public com.xxy.ordersystem.viewmessage.ResultVO<com.xxy.ordersystem.viewmessage.UploadFileResponse> com.xxy.ordersystem.controller.ResourceController.addAdvImg(org.springframework.web.multipart.MultipartFile)
2018-07-26 23:57:06,577 - [INFO] - Mapped "{[/res/addFImg],methods=[POST]}" onto public com.xxy.ordersystem.viewmessage.ResultVO<com.xxy.ordersystem.viewmessage.UploadFileResponse> com.xxy.ordersystem.controller.ResourceController.addFImg(org.springframework.web.multipart.MultipartFile,java.lang.String,java.lang.String)
2018-07-26 23:57:06,577 - [INFO] - Mapped "{[/res/getQR],methods=[GET]}" onto public org.springframework.http.ResponseEntity<?> com.xxy.ordersystem.controller.ResourceController.getQR()
2018-07-26 23:57:06,577 - [INFO] - Mapped "{[/search/all],methods=[GET]}" onto public com.xxy.ordersystem.viewmessage.ResultVO<com.xxy.ordersystem.viewmessage.viewobject.SearchResultVO> com.xxy.ordersystem.controller.SearchController.searchAll(java.lang.String,java.lang.String,java.lang.Integer,java.lang.Integer)
2018-07-26 23:57:06,577 - [INFO] - Mapped "{[/error]}" onto public org.springframework.http.ResponseEntity<java.util.Map<java.lang.String, java.lang.Object>> org.springframework.boot.autoconfigure.web.servlet.error.BasicErrorController.error(javax.servlet.http.HttpServletRequest)
2018-07-26 23:57:06,577 - [INFO] - Mapped "{[/error],produces=[text/html]}" onto public org.springframework.web.servlet.ModelAndView org.springframework.boot.autoconfigure.web.servlet.error.BasicErrorController.errorHtml(javax.servlet.http.HttpServletRequest,javax.servlet.http.HttpServletResponse)
2018-07-26 23:57:06,593 - [INFO] - Mapped URL path [/webjars/**] onto handler of type [class org.springframework.web.servlet.resource.ResourceHttpRequestHandler]
2018-07-26 23:57:06,593 - [INFO] - Mapped URL path [/**] onto handler of type [class org.springframework.web.servlet.resource.ResourceHttpRequestHandler]
2018-07-26 23:57:06,921 - [INFO] - Registering beans for JMX exposure on startup
2018-07-26 23:57:06,921 - [INFO] - Bean with name 'dataSource' has been autodetected for JMX exposure
2018-07-26 23:57:06,921 - [INFO] - Located MBean 'dataSource': registering with JMX server as MBean [com.zaxxer.hikari:name=dataSource,type=HikariDataSource]
2018-07-26 23:57:06,936 - [INFO] - Starting ProtocolHandler ["http-nio-8080"]
2018-07-26 23:57:06,936 - [INFO] - Using a shared selector for servlet write/read
2018-07-26 23:57:06,983 - [INFO] - Tomcat started on port(s): 8080 (http) with context path '/os'
2018-07-26 23:57:06,983 - [INFO] - Started OrdersystemApplication in 5.903 seconds (JVM running for 7.336)
2018-07-26 23:58:34,881 - [INFO] - Initializing Spring FrameworkServlet 'dispatcherServlet'
2018-07-26 23:58:34,881 - [INFO] - FrameworkServlet 'dispatcherServlet': initialization started
2018-07-26 23:58:34,886 - [INFO] - FrameworkServlet 'dispatcherServlet': initialization completed in 5 ms
2018-07-26 23:58:51,189 - [INFO] - HHH000397: Using ASTQueryTranslatorFactory
2018-07-26 23:59:30,428 - [INFO] - boothVOList.size: 3
