2018-07-21 12:56:10,679 - [INFO] - Starting OrdersystemApplication on DESKTOP-3IDJ6KU with PID 15608 (D:\Workspace\IJIDEA\ordersystem\target\classes started by PC in D:\Workspace\IJIDEA\ordersystem)
2018-07-21 12:56:10,769 - [INFO] - No active profile set, falling back to default profiles: default
2018-07-21 12:56:11,398 - [INFO] - Refreshing org.springframework.boot.web.servlet.context.AnnotationConfigServletWebServerApplicationContext@557caf28: startup date [Sat Jul 21 12:56:11 EDT 2018]; root of context hierarchy
2018-07-21 12:56:15,968 - [INFO] - Bean 'org.springframework.transaction.annotation.ProxyTransactionManagementConfiguration' of type [org.springframework.transaction.annotation.ProxyTransactionManagementConfiguration$$EnhancerBySpringCGLIB$$b89e96b5] is not eligible for getting processed by all BeanPostProcessors (for example: not eligible for auto-proxying)
2018-07-21 12:56:16,820 - [INFO] - Tomcat initialized with port(s): 8080 (http)
2018-07-21 12:56:16,875 - [INFO] - Initializing ProtocolHandler ["http-nio-8080"]
2018-07-21 12:56:16,886 - [INFO] - Starting service [Tomcat]
2018-07-21 12:56:16,886 - [INFO] - Starting Servlet Engine: Apache Tomcat/8.5.31
2018-07-21 12:56:16,910 - [INFO] - The APR based Apache Tomcat Native library which allows optimal performance in production environments was not found on the java.library.path: [C:\Program Files\Java\jdk1.8.0_171\bin;C:\WINDOWS\Sun\Java\bin;C:\WINDOWS\system32;C:\WINDOWS;C:\Program Files (x86)\Common Files\Oracle\Java\javapath;C:\Program Files (x86)\Intel\iCLS Client\;C:\ProgramData\Oracle\Java\javapath;C:\Program Files\Intel\iCLS Client\;C:\Windows\system32;C:\Windows;C:\Windows\System32\Wbem;C:\Windows\System32\WindowsPowerShell\v1.0\;C:\Program Files (x86)\NVIDIA Corporation\PhysX\Common;C:\WINDOWS\system32;C:\WINDOWS;C:\WINDOWS\System32\Wbem;C:\WINDOWS\System32\WindowsPowerShell\v1.0\;C:\Program Files\Java\jdk1.8.0_171\bin;D:\Software\Gwak\GnuWin32\bin;C:\WINDOWS\System32\OpenSSH\;C:\Program Files\Intel\WiFi\bin\;C:\Program Files\Common Files\Intel\WirelessCommon\;C:\Program Files (x86)\Intel\Intel(R) Management Engine Components\DAL;C:\Program Files\Intel\Intel(R) Management Engine Components\DAL;C:\Program Files (x86)\Intel\Intel(R) Management Engine Components\IPT;C:\Program Files\Intel\Intel(R) Management Engine Components\IPT;D:\Software\apache-maven-3.5.3-bin\bin;D:\Software\Git\cmd;C:\Users\PC\AppData\Local\Microsoft\WindowsApps;;.]
2018-07-21 12:56:17,099 - [INFO] - Initializing Spring embedded WebApplicationContext
2018-07-21 12:56:17,099 - [INFO] - Root WebApplicationContext: initialization completed in 5701 ms
2018-07-21 12:56:17,300 - [INFO] - Servlet dispatcherServlet mapped to [/]
2018-07-21 12:56:17,376 - [INFO] - Mapping filter: 'characterEncodingFilter' to: [/*]
2018-07-21 12:56:17,377 - [INFO] - Mapping filter: 'hiddenHttpMethodFilter' to: [/*]
2018-07-21 12:56:17,377 - [INFO] - Mapping filter: 'httpPutFormContentFilter' to: [/*]
2018-07-21 12:56:17,377 - [INFO] - Mapping filter: 'requestContextFilter' to: [/*]
2018-07-21 12:56:18,473 - [INFO] - HikariPool-1 - Starting...
2018-07-21 12:56:20,587 - [INFO] - Unable to determine jdbc url from datasource
org.springframework.jdbc.support.MetaDataAccessException: Could not get Connection for extracting meta-data; nested exception is org.springframework.jdbc.CannotGetJdbcConnectionException: Failed to obtain JDBC Connection; nested exception is com.mysql.jdbc.exceptions.jdbc4.MySQLNonTransientConnectionException: Public Key Retrieval is not allowed
	at org.springframework.jdbc.support.JdbcUtils.extractDatabaseMetaData(JdbcUtils.java:328)
	at org.springframework.jdbc.support.JdbcUtils.extractDatabaseMetaData(JdbcUtils.java:356)
	at org.springframework.boot.autoconfigure.orm.jpa.DatabaseLookup.getDatabase(DatabaseLookup.java:72)
	at org.springframework.boot.autoconfigure.orm.jpa.JpaProperties.determineDatabase(JpaProperties.java:166)
	at org.springframework.boot.autoconfigure.orm.jpa.JpaBaseConfiguration.jpaVendorAdapter(JpaBaseConfiguration.java:111)
	at org.springframework.boot.autoconfigure.orm.jpa.HibernateJpaConfiguration$$EnhancerBySpringCGLIB$$d7755924.CGLIB$jpaVendorAdapter$5(<generated>)
	at org.springframework.boot.autoconfigure.orm.jpa.HibernateJpaConfiguration$$EnhancerBySpringCGLIB$$d7755924$$FastClassBySpringCGLIB$$d0a9b386.invoke(<generated>)
	at org.springframework.cglib.proxy.MethodProxy.invokeSuper(MethodProxy.java:228)
	at org.springframework.context.annotation.ConfigurationClassEnhancer$BeanMethodInterceptor.intercept(ConfigurationClassEnhancer.java:361)
	at org.springframework.boot.autoconfigure.orm.jpa.HibernateJpaConfiguration$$EnhancerBySpringCGLIB$$d7755924.jpaVendorAdapter(<generated>)
	at sun.reflect.NativeMethodAccessorImpl.invoke0(Native Method)
	at sun.reflect.NativeMethodAccessorImpl.invoke(NativeMethodAccessorImpl.java:62)
	at sun.reflect.DelegatingMethodAccessorImpl.invoke(DelegatingMethodAccessorImpl.java:43)
	at java.lang.reflect.Method.invoke(Method.java:498)
	at org.springframework.beans.factory.support.SimpleInstantiationStrategy.instantiate(SimpleInstantiationStrategy.java:154)
	at org.springframework.beans.factory.support.ConstructorResolver.instantiateUsingFactoryMethod(ConstructorResolver.java:582)
	at org.springframework.beans.factory.support.AbstractAutowireCapableBeanFactory.instantiateUsingFactoryMethod(AbstractAutowireCapableBeanFactory.java:1256)
	at org.springframework.beans.factory.support.AbstractAutowireCapableBeanFactory.createBeanInstance(AbstractAutowireCapableBeanFactory.java:1105)
	at org.springframework.beans.factory.support.AbstractAutowireCapableBeanFactory.doCreateBean(AbstractAutowireCapableBeanFactory.java:543)
	at org.springframework.beans.factory.support.AbstractAutowireCapableBeanFactory.createBean(AbstractAutowireCapableBeanFactory.java:503)
	at org.springframework.beans.factory.support.AbstractBeanFactory.lambda$doGetBean$0(AbstractBeanFactory.java:317)
	at org.springframework.beans.factory.support.DefaultSingletonBeanRegistry.getSingleton(DefaultSingletonBeanRegistry.java:222)
	at org.springframework.beans.factory.support.AbstractBeanFactory.doGetBean(AbstractBeanFactory.java:315)
	at org.springframework.beans.factory.support.AbstractBeanFactory.getBean(AbstractBeanFactory.java:199)
	at org.springframework.beans.factory.config.DependencyDescriptor.resolveCandidate(DependencyDescriptor.java:251)
	at org.springframework.beans.factory.support.DefaultListableBeanFactory.doResolveDependency(DefaultListableBeanFactory.java:1138)
	at org.springframework.beans.factory.support.DefaultListableBeanFactory.resolveDependency(DefaultListableBeanFactory.java:1065)
	at org.springframework.beans.factory.support.ConstructorResolver.resolveAutowiredArgument(ConstructorResolver.java:818)
	at org.springframework.beans.factory.support.ConstructorResolver.createArgumentArray(ConstructorResolver.java:724)
	at org.springframework.beans.factory.support.ConstructorResolver.instantiateUsingFactoryMethod(ConstructorResolver.java:474)
	at org.springframework.beans.factory.support.AbstractAutowireCapableBeanFactory.instantiateUsingFactoryMethod(AbstractAutowireCapableBeanFactory.java:1256)
	at org.springframework.beans.factory.support.AbstractAutowireCapableBeanFactory.createBeanInstance(AbstractAutowireCapableBeanFactory.java:1105)
	at org.springframework.beans.factory.support.AbstractAutowireCapableBeanFactory.doCreateBean(AbstractAutowireCapableBeanFactory.java:543)
	at org.springframework.beans.factory.support.AbstractAutowireCapableBeanFactory.createBean(AbstractAutowireCapableBeanFactory.java:503)
	at org.springframework.beans.factory.support.AbstractBeanFactory.lambda$doGetBean$0(AbstractBeanFactory.java:317)
	at org.springframework.beans.factory.support.DefaultSingletonBeanRegistry.getSingleton(DefaultSingletonBeanRegistry.java:222)
	at org.springframework.beans.factory.support.AbstractBeanFactory.doGetBean(AbstractBeanFactory.java:315)
	at org.springframework.beans.factory.support.AbstractBeanFactory.getBean(AbstractBeanFactory.java:199)
	at org.springframework.beans.factory.config.DependencyDescriptor.resolveCandidate(DependencyDescriptor.java:251)
	at org.springframework.beans.factory.support.DefaultListableBeanFactory.doResolveDependency(DefaultListableBeanFactory.java:1138)
	at org.springframework.beans.factory.support.DefaultListableBeanFactory.resolveDependency(DefaultListableBeanFactory.java:1065)
	at org.springframework.beans.factory.support.ConstructorResolver.resolveAutowiredArgument(ConstructorResolver.java:818)
	at org.springframework.beans.factory.support.ConstructorResolver.createArgumentArray(ConstructorResolver.java:724)
	at org.springframework.beans.factory.support.ConstructorResolver.instantiateUsingFactoryMethod(ConstructorResolver.java:474)
	at org.springframework.beans.factory.support.AbstractAutowireCapableBeanFactory.instantiateUsingFactoryMethod(AbstractAutowireCapableBeanFactory.java:1256)
	at org.springframework.beans.factory.support.AbstractAutowireCapableBeanFactory.createBeanInstance(AbstractAutowireCapableBeanFactory.java:1105)
	at org.springframework.beans.factory.support.AbstractAutowireCapableBeanFactory.doCreateBean(AbstractAutowireCapableBeanFactory.java:543)
	at org.springframework.beans.factory.support.AbstractAutowireCapableBeanFactory.createBean(AbstractAutowireCapableBeanFactory.java:503)
	at org.springframework.beans.factory.support.AbstractBeanFactory.lambda$doGetBean$0(AbstractBeanFactory.java:317)
	at org.springframework.beans.factory.support.DefaultSingletonBeanRegistry.getSingleton(DefaultSingletonBeanRegistry.java:222)
	at org.springframework.beans.factory.support.AbstractBeanFactory.doGetBean(AbstractBeanFactory.java:315)
	at org.springframework.beans.factory.support.AbstractBeanFactory.getBean(AbstractBeanFactory.java:199)
	at org.springframework.context.support.AbstractApplicationContext.getBean(AbstractApplicationContext.java:1089)
	at org.springframework.context.support.AbstractApplicationContext.finishBeanFactoryInitialization(AbstractApplicationContext.java:859)
	at org.springframework.context.support.AbstractApplicationContext.refresh(AbstractApplicationContext.java:550)
	at org.springframework.boot.web.servlet.context.ServletWebServerApplicationContext.refresh(ServletWebServerApplicationContext.java:140)
	at org.springframework.boot.SpringApplication.refresh(SpringApplication.java:759)
	at org.springframework.boot.SpringApplication.refreshContext(SpringApplication.java:395)
	at org.springframework.boot.SpringApplication.run(SpringApplication.java:327)
	at org.springframework.boot.SpringApplication.run(SpringApplication.java:1255)
	at org.springframework.boot.SpringApplication.run(SpringApplication.java:1243)
	at com.xxy.ordersystem.OrdersystemApplication.main(OrdersystemApplication.java:10)
Caused by: org.springframework.jdbc.CannotGetJdbcConnectionException: Failed to obtain JDBC Connection; nested exception is com.mysql.jdbc.exceptions.jdbc4.MySQLNonTransientConnectionException: Public Key Retrieval is not allowed
	at org.springframework.jdbc.datasource.DataSourceUtils.getConnection(DataSourceUtils.java:81)
	at org.springframework.jdbc.support.JdbcUtils.extractDatabaseMetaData(JdbcUtils.java:319)
	... 61 common frames omitted
Caused by: com.mysql.jdbc.exceptions.jdbc4.MySQLNonTransientConnectionException: Public Key Retrieval is not allowed
	at sun.reflect.NativeConstructorAccessorImpl.newInstance0(Native Method)
	at sun.reflect.NativeConstructorAccessorImpl.newInstance(NativeConstructorAccessorImpl.java:62)
	at sun.reflect.DelegatingConstructorAccessorImpl.newInstance(DelegatingConstructorAccessorImpl.java:45)
	at java.lang.reflect.Constructor.newInstance(Constructor.java:423)
	at com.mysql.jdbc.Util.handleNewInstance(Util.java:425)
	at com.mysql.jdbc.Util.getInstance(Util.java:408)
	at com.mysql.jdbc.SQLError.createSQLException(SQLError.java:919)
	at com.mysql.jdbc.SQLError.createSQLException(SQLError.java:898)
	at com.mysql.jdbc.SQLError.createSQLException(SQLError.java:887)
	at com.mysql.jdbc.SQLError.createSQLException(SQLError.java:861)
	at com.mysql.jdbc.SQLError.createSQLException(SQLError.java:878)
	at com.mysql.jdbc.SQLError.createSQLException(SQLError.java:874)
	at com.mysql.jdbc.MysqlIO.proceedHandshakeWithPluggableAuthentication(MysqlIO.java:1777)
	at com.mysql.jdbc.MysqlIO.doHandshake(MysqlIO.java:1224)
	at com.mysql.jdbc.ConnectionImpl.coreConnect(ConnectionImpl.java:2190)
	at com.mysql.jdbc.ConnectionImpl.connectOneTryOnly(ConnectionImpl.java:2221)
	at com.mysql.jdbc.ConnectionImpl.createNewIO(ConnectionImpl.java:2016)
	at com.mysql.jdbc.ConnectionImpl.<init>(ConnectionImpl.java:776)
	at com.mysql.jdbc.JDBC4Connection.<init>(JDBC4Connection.java:47)
	at sun.reflect.NativeConstructorAccessorImpl.newInstance0(Native Method)
	at sun.reflect.NativeConstructorAccessorImpl.newInstance(NativeConstructorAccessorImpl.java:62)
	at sun.reflect.DelegatingConstructorAccessorImpl.newInstance(DelegatingConstructorAccessorImpl.java:45)
	at java.lang.reflect.Constructor.newInstance(Constructor.java:423)
	at com.mysql.jdbc.Util.handleNewInstance(Util.java:425)
	at com.mysql.jdbc.ConnectionImpl.getInstance(ConnectionImpl.java:386)
	at com.mysql.jdbc.NonRegisteringDriver.connect(NonRegisteringDriver.java:330)
	at com.zaxxer.hikari.util.DriverDataSource.getConnection(DriverDataSource.java:117)
	at com.zaxxer.hikari.util.DriverDataSource.getConnection(DriverDataSource.java:123)
	at com.zaxxer.hikari.pool.PoolBase.newConnection(PoolBase.java:365)
	at com.zaxxer.hikari.pool.PoolBase.newPoolEntry(PoolBase.java:194)
	at com.zaxxer.hikari.pool.HikariPool.createPoolEntry(HikariPool.java:460)
	at com.zaxxer.hikari.pool.HikariPool.checkFailFast(HikariPool.java:534)
	at com.zaxxer.hikari.pool.HikariPool.<init>(HikariPool.java:115)
	at com.zaxxer.hikari.HikariDataSource.getConnection(HikariDataSource.java:112)
	at org.springframework.jdbc.datasource.DataSourceUtils.fetchConnection(DataSourceUtils.java:151)
	at org.springframework.jdbc.datasource.DataSourceUtils.doGetConnection(DataSourceUtils.java:115)
	at org.springframework.jdbc.datasource.DataSourceUtils.getConnection(DataSourceUtils.java:78)
	... 62 common frames omitted
Caused by: com.mysql.jdbc.exceptions.jdbc4.MySQLNonTransientConnectionException: Public Key Retrieval is not allowed
	at sun.reflect.NativeConstructorAccessorImpl.newInstance0(Native Method)
	at sun.reflect.NativeConstructorAccessorImpl.newInstance(NativeConstructorAccessorImpl.java:62)
	at sun.reflect.DelegatingConstructorAccessorImpl.newInstance(DelegatingConstructorAccessorImpl.java:45)
	at java.lang.reflect.Constructor.newInstance(Constructor.java:423)
	at com.mysql.jdbc.Util.handleNewInstance(Util.java:425)
	at com.mysql.jdbc.Util.getInstance(Util.java:408)
	at com.mysql.jdbc.SQLError.createSQLException(SQLError.java:919)
	at com.mysql.jdbc.SQLError.createSQLException(SQLError.java:898)
	at com.mysql.jdbc.SQLError.createSQLException(SQLError.java:887)
	at com.mysql.jdbc.SQLError.createSQLException(SQLError.java:861)
	at com.mysql.jdbc.authentication.CachingSha2PasswordPlugin.nextAuthenticationStep(CachingSha2PasswordPlugin.java:130)
	at com.mysql.jdbc.MysqlIO.proceedHandshakeWithPluggableAuthentication(MysqlIO.java:1775)
	... 86 common frames omitted
2018-07-21 12:56:20,641 - [INFO] - HikariPool-1 - Starting...
2018-07-21 12:56:21,766 - [INFO] - Building JPA container EntityManagerFactory for persistence unit 'default'
2018-07-21 12:56:21,947 - [INFO] - HHH000204: Processing PersistenceUnitInfo [
	name: default
	...]
2018-07-21 12:56:22,603 - [INFO] - HHH000412: Hibernate Core {5.2.17.Final}
2018-07-21 12:56:22,604 - [INFO] - HHH000206: hibernate.properties not found
2018-07-21 12:56:23,028 - [INFO] - HCANN000001: Hibernate Commons Annotations {5.0.1.Final}
2018-07-21 12:56:24,068 - [INFO] - HikariPool-1 - Starting...
2018-07-21 12:56:25,076 - [INFO] - HHH000342: Could not obtain connection to query metadata : Public Key Retrieval is not allowed
2018-07-21 12:56:25,079 - [INFO] - Exception encountered during context initialization - cancelling refresh attempt: org.springframework.beans.factory.BeanCreationException: Error creating bean with name 'entityManagerFactory' defined in class path resource [org/springframework/boot/autoconfigure/orm/jpa/HibernateJpaConfiguration.class]: Invocation of init method failed; nested exception is org.hibernate.service.spi.ServiceException: Unable to create requested service [org.hibernate.engine.jdbc.env.spi.JdbcEnvironment]
2018-07-21 12:56:25,081 - [INFO] - Stopping service [Tomcat]
2018-07-21 12:56:25,103 - [INFO] - 

Error starting ApplicationContext. To display the conditions report re-run your application with 'debug' enabled.
2018-07-21 12:57:24,137 - [INFO] - Starting OrdersystemApplication on DESKTOP-3IDJ6KU with PID 14768 (D:\Workspace\IJIDEA\ordersystem\target\classes started by PC in D:\Workspace\IJIDEA\ordersystem)
2018-07-21 12:57:24,139 - [INFO] - No active profile set, falling back to default profiles: default
2018-07-21 12:57:24,204 - [INFO] - Refreshing org.springframework.boot.web.servlet.context.AnnotationConfigServletWebServerApplicationContext@6c6cb480: startup date [Sat Jul 21 12:57:24 EDT 2018]; root of context hierarchy
2018-07-21 12:57:25,122 - [INFO] - Bean 'org.springframework.transaction.annotation.ProxyTransactionManagementConfiguration' of type [org.springframework.transaction.annotation.ProxyTransactionManagementConfiguration$$EnhancerBySpringCGLIB$$dc6f4580] is not eligible for getting processed by all BeanPostProcessors (for example: not eligible for auto-proxying)
2018-07-21 12:57:25,313 - [INFO] - Tomcat initialized with port(s): 8080 (http)
2018-07-21 12:57:25,324 - [INFO] - Initializing ProtocolHandler ["http-nio-8080"]
2018-07-21 12:57:25,332 - [INFO] - Starting service [Tomcat]
2018-07-21 12:57:25,332 - [INFO] - Starting Servlet Engine: Apache Tomcat/8.5.31
2018-07-21 12:57:25,336 - [INFO] - The APR based Apache Tomcat Native library which allows optimal performance in production environments was not found on the java.library.path: [C:\Program Files\Java\jdk1.8.0_171\bin;C:\WINDOWS\Sun\Java\bin;C:\WINDOWS\system32;C:\WINDOWS;C:\Program Files (x86)\Common Files\Oracle\Java\javapath;C:\Program Files (x86)\Intel\iCLS Client\;C:\ProgramData\Oracle\Java\javapath;C:\Program Files\Intel\iCLS Client\;C:\Windows\system32;C:\Windows;C:\Windows\System32\Wbem;C:\Windows\System32\WindowsPowerShell\v1.0\;C:\Program Files (x86)\NVIDIA Corporation\PhysX\Common;C:\WINDOWS\system32;C:\WINDOWS;C:\WINDOWS\System32\Wbem;C:\WINDOWS\System32\WindowsPowerShell\v1.0\;C:\Program Files\Java\jdk1.8.0_171\bin;D:\Software\Gwak\GnuWin32\bin;C:\WINDOWS\System32\OpenSSH\;C:\Program Files\Intel\WiFi\bin\;C:\Program Files\Common Files\Intel\WirelessCommon\;C:\Program Files (x86)\Intel\Intel(R) Management Engine Components\DAL;C:\Program Files\Intel\Intel(R) Management Engine Components\DAL;C:\Program Files (x86)\Intel\Intel(R) Management Engine Components\IPT;C:\Program Files\Intel\Intel(R) Management Engine Components\IPT;D:\Software\apache-maven-3.5.3-bin\bin;D:\Software\Git\cmd;C:\Users\PC\AppData\Local\Microsoft\WindowsApps;;.]
2018-07-21 12:57:25,468 - [INFO] - Initializing Spring embedded WebApplicationContext
2018-07-21 12:57:25,468 - [INFO] - Root WebApplicationContext: initialization completed in 1264 ms
2018-07-21 12:57:25,557 - [INFO] - Servlet dispatcherServlet mapped to [/]
2018-07-21 12:57:25,560 - [INFO] - Mapping filter: 'characterEncodingFilter' to: [/*]
2018-07-21 12:57:25,560 - [INFO] - Mapping filter: 'hiddenHttpMethodFilter' to: [/*]
2018-07-21 12:57:25,560 - [INFO] - Mapping filter: 'httpPutFormContentFilter' to: [/*]
2018-07-21 12:57:25,560 - [INFO] - Mapping filter: 'requestContextFilter' to: [/*]
2018-07-21 12:57:25,649 - [INFO] - HikariPool-1 - Starting...
2018-07-21 12:57:26,755 - [INFO] - Unable to determine jdbc url from datasource
org.springframework.jdbc.support.MetaDataAccessException: Could not get Connection for extracting meta-data; nested exception is org.springframework.jdbc.CannotGetJdbcConnectionException: Failed to obtain JDBC Connection; nested exception is com.mysql.jdbc.exceptions.jdbc4.MySQLNonTransientConnectionException: Public Key Retrieval is not allowed
	at org.springframework.jdbc.support.JdbcUtils.extractDatabaseMetaData(JdbcUtils.java:328)
	at org.springframework.jdbc.support.JdbcUtils.extractDatabaseMetaData(JdbcUtils.java:356)
	at org.springframework.boot.autoconfigure.orm.jpa.DatabaseLookup.getDatabase(DatabaseLookup.java:72)
	at org.springframework.boot.autoconfigure.orm.jpa.JpaProperties.determineDatabase(JpaProperties.java:166)
	at org.springframework.boot.autoconfigure.orm.jpa.JpaBaseConfiguration.jpaVendorAdapter(JpaBaseConfiguration.java:111)
	at org.springframework.boot.autoconfigure.orm.jpa.HibernateJpaConfiguration$$EnhancerBySpringCGLIB$$fb4607ef.CGLIB$jpaVendorAdapter$5(<generated>)
	at org.springframework.boot.autoconfigure.orm.jpa.HibernateJpaConfiguration$$EnhancerBySpringCGLIB$$fb4607ef$$FastClassBySpringCGLIB$$7e0547d5.invoke(<generated>)
	at org.springframework.cglib.proxy.MethodProxy.invokeSuper(MethodProxy.java:228)
	at org.springframework.context.annotation.ConfigurationClassEnhancer$BeanMethodInterceptor.intercept(ConfigurationClassEnhancer.java:361)
	at org.springframework.boot.autoconfigure.orm.jpa.HibernateJpaConfiguration$$EnhancerBySpringCGLIB$$fb4607ef.jpaVendorAdapter(<generated>)
	at sun.reflect.NativeMethodAccessorImpl.invoke0(Native Method)
	at sun.reflect.NativeMethodAccessorImpl.invoke(NativeMethodAccessorImpl.java:62)
	at sun.reflect.DelegatingMethodAccessorImpl.invoke(DelegatingMethodAccessorImpl.java:43)
	at java.lang.reflect.Method.invoke(Method.java:498)
	at org.springframework.beans.factory.support.SimpleInstantiationStrategy.instantiate(SimpleInstantiationStrategy.java:154)
	at org.springframework.beans.factory.support.ConstructorResolver.instantiateUsingFactoryMethod(ConstructorResolver.java:582)
	at org.springframework.beans.factory.support.AbstractAutowireCapableBeanFactory.instantiateUsingFactoryMethod(AbstractAutowireCapableBeanFactory.java:1256)
	at org.springframework.beans.factory.support.AbstractAutowireCapableBeanFactory.createBeanInstance(AbstractAutowireCapableBeanFactory.java:1105)
	at org.springframework.beans.factory.support.AbstractAutowireCapableBeanFactory.doCreateBean(AbstractAutowireCapableBeanFactory.java:543)
	at org.springframework.beans.factory.support.AbstractAutowireCapableBeanFactory.createBean(AbstractAutowireCapableBeanFactory.java:503)
	at org.springframework.beans.factory.support.AbstractBeanFactory.lambda$doGetBean$0(AbstractBeanFactory.java:317)
	at org.springframework.beans.factory.support.DefaultSingletonBeanRegistry.getSingleton(DefaultSingletonBeanRegistry.java:222)
	at org.springframework.beans.factory.support.AbstractBeanFactory.doGetBean(AbstractBeanFactory.java:315)
	at org.springframework.beans.factory.support.AbstractBeanFactory.getBean(AbstractBeanFactory.java:199)
	at org.springframework.beans.factory.config.DependencyDescriptor.resolveCandidate(DependencyDescriptor.java:251)
	at org.springframework.beans.factory.support.DefaultListableBeanFactory.doResolveDependency(DefaultListableBeanFactory.java:1138)
	at org.springframework.beans.factory.support.DefaultListableBeanFactory.resolveDependency(DefaultListableBeanFactory.java:1065)
	at org.springframework.beans.factory.support.ConstructorResolver.resolveAutowiredArgument(ConstructorResolver.java:818)
	at org.springframework.beans.factory.support.ConstructorResolver.createArgumentArray(ConstructorResolver.java:724)
	at org.springframework.beans.factory.support.ConstructorResolver.instantiateUsingFactoryMethod(ConstructorResolver.java:474)
	at org.springframework.beans.factory.support.AbstractAutowireCapableBeanFactory.instantiateUsingFactoryMethod(AbstractAutowireCapableBeanFactory.java:1256)
	at org.springframework.beans.factory.support.AbstractAutowireCapableBeanFactory.createBeanInstance(AbstractAutowireCapableBeanFactory.java:1105)
	at org.springframework.beans.factory.support.AbstractAutowireCapableBeanFactory.doCreateBean(AbstractAutowireCapableBeanFactory.java:543)
	at org.springframework.beans.factory.support.AbstractAutowireCapableBeanFactory.createBean(AbstractAutowireCapableBeanFactory.java:503)
	at org.springframework.beans.factory.support.AbstractBeanFactory.lambda$doGetBean$0(AbstractBeanFactory.java:317)
	at org.springframework.beans.factory.support.DefaultSingletonBeanRegistry.getSingleton(DefaultSingletonBeanRegistry.java:222)
	at org.springframework.beans.factory.support.AbstractBeanFactory.doGetBean(AbstractBeanFactory.java:315)
	at org.springframework.beans.factory.support.AbstractBeanFactory.getBean(AbstractBeanFactory.java:199)
	at org.springframework.beans.factory.config.DependencyDescriptor.resolveCandidate(DependencyDescriptor.java:251)
	at org.springframework.beans.factory.support.DefaultListableBeanFactory.doResolveDependency(DefaultListableBeanFactory.java:1138)
	at org.springframework.beans.factory.support.DefaultListableBeanFactory.resolveDependency(DefaultListableBeanFactory.java:1065)
	at org.springframework.beans.factory.support.ConstructorResolver.resolveAutowiredArgument(ConstructorResolver.java:818)
	at org.springframework.beans.factory.support.ConstructorResolver.createArgumentArray(ConstructorResolver.java:724)
	at org.springframework.beans.factory.support.ConstructorResolver.instantiateUsingFactoryMethod(ConstructorResolver.java:474)
	at org.springframework.beans.factory.support.AbstractAutowireCapableBeanFactory.instantiateUsingFactoryMethod(AbstractAutowireCapableBeanFactory.java:1256)
	at org.springframework.beans.factory.support.AbstractAutowireCapableBeanFactory.createBeanInstance(AbstractAutowireCapableBeanFactory.java:1105)
	at org.springframework.beans.factory.support.AbstractAutowireCapableBeanFactory.doCreateBean(AbstractAutowireCapableBeanFactory.java:543)
	at org.springframework.beans.factory.support.AbstractAutowireCapableBeanFactory.createBean(AbstractAutowireCapableBeanFactory.java:503)
	at org.springframework.beans.factory.support.AbstractBeanFactory.lambda$doGetBean$0(AbstractBeanFactory.java:317)
	at org.springframework.beans.factory.support.DefaultSingletonBeanRegistry.getSingleton(DefaultSingletonBeanRegistry.java:222)
	at org.springframework.beans.factory.support.AbstractBeanFactory.doGetBean(AbstractBeanFactory.java:315)
	at org.springframework.beans.factory.support.AbstractBeanFactory.getBean(AbstractBeanFactory.java:199)
	at org.springframework.context.support.AbstractApplicationContext.getBean(AbstractApplicationContext.java:1089)
	at org.springframework.context.support.AbstractApplicationContext.finishBeanFactoryInitialization(AbstractApplicationContext.java:859)
	at org.springframework.context.support.AbstractApplicationContext.refresh(AbstractApplicationContext.java:550)
	at org.springframework.boot.web.servlet.context.ServletWebServerApplicationContext.refresh(ServletWebServerApplicationContext.java:140)
	at org.springframework.boot.SpringApplication.refresh(SpringApplication.java:759)
	at org.springframework.boot.SpringApplication.refreshContext(SpringApplication.java:395)
	at org.springframework.boot.SpringApplication.run(SpringApplication.java:327)
	at org.springframework.boot.SpringApplication.run(SpringApplication.java:1255)
	at org.springframework.boot.SpringApplication.run(SpringApplication.java:1243)
	at com.xxy.ordersystem.OrdersystemApplication.main(OrdersystemApplication.java:10)
Caused by: org.springframework.jdbc.CannotGetJdbcConnectionException: Failed to obtain JDBC Connection; nested exception is com.mysql.jdbc.exceptions.jdbc4.MySQLNonTransientConnectionException: Public Key Retrieval is not allowed
	at org.springframework.jdbc.datasource.DataSourceUtils.getConnection(DataSourceUtils.java:81)
	at org.springframework.jdbc.support.JdbcUtils.extractDatabaseMetaData(JdbcUtils.java:319)
	... 61 common frames omitted
Caused by: com.mysql.jdbc.exceptions.jdbc4.MySQLNonTransientConnectionException: Public Key Retrieval is not allowed
	at sun.reflect.NativeConstructorAccessorImpl.newInstance0(Native Method)
	at sun.reflect.NativeConstructorAccessorImpl.newInstance(NativeConstructorAccessorImpl.java:62)
	at sun.reflect.DelegatingConstructorAccessorImpl.newInstance(DelegatingConstructorAccessorImpl.java:45)
	at java.lang.reflect.Constructor.newInstance(Constructor.java:423)
	at com.mysql.jdbc.Util.handleNewInstance(Util.java:425)
	at com.mysql.jdbc.Util.getInstance(Util.java:408)
	at com.mysql.jdbc.SQLError.createSQLException(SQLError.java:919)
	at com.mysql.jdbc.SQLError.createSQLException(SQLError.java:898)
	at com.mysql.jdbc.SQLError.createSQLException(SQLError.java:887)
	at com.mysql.jdbc.SQLError.createSQLException(SQLError.java:861)
	at com.mysql.jdbc.SQLError.createSQLException(SQLError.java:878)
	at com.mysql.jdbc.SQLError.createSQLException(SQLError.java:874)
	at com.mysql.jdbc.MysqlIO.proceedHandshakeWithPluggableAuthentication(MysqlIO.java:1777)
	at com.mysql.jdbc.MysqlIO.doHandshake(MysqlIO.java:1224)
	at com.mysql.jdbc.ConnectionImpl.coreConnect(ConnectionImpl.java:2190)
	at com.mysql.jdbc.ConnectionImpl.connectOneTryOnly(ConnectionImpl.java:2221)
	at com.mysql.jdbc.ConnectionImpl.createNewIO(ConnectionImpl.java:2016)
	at com.mysql.jdbc.ConnectionImpl.<init>(ConnectionImpl.java:776)
	at com.mysql.jdbc.JDBC4Connection.<init>(JDBC4Connection.java:47)
	at sun.reflect.NativeConstructorAccessorImpl.newInstance0(Native Method)
	at sun.reflect.NativeConstructorAccessorImpl.newInstance(NativeConstructorAccessorImpl.java:62)
	at sun.reflect.DelegatingConstructorAccessorImpl.newInstance(DelegatingConstructorAccessorImpl.java:45)
	at java.lang.reflect.Constructor.newInstance(Constructor.java:423)
	at com.mysql.jdbc.Util.handleNewInstance(Util.java:425)
	at com.mysql.jdbc.ConnectionImpl.getInstance(ConnectionImpl.java:386)
	at com.mysql.jdbc.NonRegisteringDriver.connect(NonRegisteringDriver.java:330)
	at com.zaxxer.hikari.util.DriverDataSource.getConnection(DriverDataSource.java:117)
	at com.zaxxer.hikari.util.DriverDataSource.getConnection(DriverDataSource.java:123)
	at com.zaxxer.hikari.pool.PoolBase.newConnection(PoolBase.java:365)
	at com.zaxxer.hikari.pool.PoolBase.newPoolEntry(PoolBase.java:194)
	at com.zaxxer.hikari.pool.HikariPool.createPoolEntry(HikariPool.java:460)
	at com.zaxxer.hikari.pool.HikariPool.checkFailFast(HikariPool.java:534)
	at com.zaxxer.hikari.pool.HikariPool.<init>(HikariPool.java:115)
	at com.zaxxer.hikari.HikariDataSource.getConnection(HikariDataSource.java:112)
	at org.springframework.jdbc.datasource.DataSourceUtils.fetchConnection(DataSourceUtils.java:151)
	at org.springframework.jdbc.datasource.DataSourceUtils.doGetConnection(DataSourceUtils.java:115)
	at org.springframework.jdbc.datasource.DataSourceUtils.getConnection(DataSourceUtils.java:78)
	... 62 common frames omitted
Caused by: com.mysql.jdbc.exceptions.jdbc4.MySQLNonTransientConnectionException: Public Key Retrieval is not allowed
	at sun.reflect.NativeConstructorAccessorImpl.newInstance0(Native Method)
	at sun.reflect.NativeConstructorAccessorImpl.newInstance(NativeConstructorAccessorImpl.java:62)
	at sun.reflect.DelegatingConstructorAccessorImpl.newInstance(DelegatingConstructorAccessorImpl.java:45)
	at java.lang.reflect.Constructor.newInstance(Constructor.java:423)
	at com.mysql.jdbc.Util.handleNewInstance(Util.java:425)
	at com.mysql.jdbc.Util.getInstance(Util.java:408)
	at com.mysql.jdbc.SQLError.createSQLException(SQLError.java:919)
	at com.mysql.jdbc.SQLError.createSQLException(SQLError.java:898)
	at com.mysql.jdbc.SQLError.createSQLException(SQLError.java:887)
	at com.mysql.jdbc.SQLError.createSQLException(SQLError.java:861)
	at com.mysql.jdbc.authentication.CachingSha2PasswordPlugin.nextAuthenticationStep(CachingSha2PasswordPlugin.java:130)
	at com.mysql.jdbc.MysqlIO.proceedHandshakeWithPluggableAuthentication(MysqlIO.java:1775)
	... 86 common frames omitted
2018-07-21 12:57:26,766 - [INFO] - HikariPool-1 - Starting...
2018-07-21 12:57:27,801 - [INFO] - Building JPA container EntityManagerFactory for persistence unit 'default'
2018-07-21 12:57:27,809 - [INFO] - HHH000204: Processing PersistenceUnitInfo [
	name: default
	...]
2018-07-21 12:57:27,920 - [INFO] - HHH000412: Hibernate Core {5.2.17.Final}
2018-07-21 12:57:27,921 - [INFO] - HHH000206: hibernate.properties not found
2018-07-21 12:57:27,945 - [INFO] - HCANN000001: Hibernate Commons Annotations {5.0.1.Final}
2018-07-21 12:57:28,177 - [INFO] - HikariPool-1 - Starting...
2018-07-21 12:57:29,182 - [INFO] - HHH000342: Could not obtain connection to query metadata : Public Key Retrieval is not allowed
2018-07-21 12:57:29,187 - [INFO] - Exception encountered during context initialization - cancelling refresh attempt: org.springframework.beans.factory.BeanCreationException: Error creating bean with name 'entityManagerFactory' defined in class path resource [org/springframework/boot/autoconfigure/orm/jpa/HibernateJpaConfiguration.class]: Invocation of init method failed; nested exception is org.hibernate.service.spi.ServiceException: Unable to create requested service [org.hibernate.engine.jdbc.env.spi.JdbcEnvironment]
2018-07-21 12:57:29,194 - [INFO] - Stopping service [Tomcat]
2018-07-21 12:57:29,216 - [INFO] - 

Error starting ApplicationContext. To display the conditions report re-run your application with 'debug' enabled.
2018-07-21 12:58:50,816 - [INFO] - Starting OrdersystemApplication on DESKTOP-3IDJ6KU with PID 15372 (D:\Workspace\IJIDEA\ordersystem\target\classes started by PC in D:\Workspace\IJIDEA\ordersystem)
2018-07-21 12:58:50,819 - [INFO] - No active profile set, falling back to default profiles: default
2018-07-21 12:58:50,931 - [INFO] - Refreshing org.springframework.boot.web.servlet.context.AnnotationConfigServletWebServerApplicationContext@6c6cb480: startup date [Sat Jul 21 12:58:50 EDT 2018]; root of context hierarchy
2018-07-21 12:58:51,838 - [INFO] - Bean 'org.springframework.transaction.annotation.ProxyTransactionManagementConfiguration' of type [org.springframework.transaction.annotation.ProxyTransactionManagementConfiguration$$EnhancerBySpringCGLIB$$224c0262] is not eligible for getting processed by all BeanPostProcessors (for example: not eligible for auto-proxying)
2018-07-21 12:58:52,042 - [INFO] - Tomcat initialized with port(s): 8080 (http)
2018-07-21 12:58:52,054 - [INFO] - Initializing ProtocolHandler ["http-nio-8080"]
2018-07-21 12:58:52,060 - [INFO] - Starting service [Tomcat]
2018-07-21 12:58:52,060 - [INFO] - Starting Servlet Engine: Apache Tomcat/8.5.31
2018-07-21 12:58:52,064 - [INFO] - The APR based Apache Tomcat Native library which allows optimal performance in production environments was not found on the java.library.path: [C:\Program Files\Java\jdk1.8.0_171\bin;C:\WINDOWS\Sun\Java\bin;C:\WINDOWS\system32;C:\WINDOWS;C:\Program Files (x86)\Common Files\Oracle\Java\javapath;C:\Program Files (x86)\Intel\iCLS Client\;C:\ProgramData\Oracle\Java\javapath;C:\Program Files\Intel\iCLS Client\;C:\Windows\system32;C:\Windows;C:\Windows\System32\Wbem;C:\Windows\System32\WindowsPowerShell\v1.0\;C:\Program Files (x86)\NVIDIA Corporation\PhysX\Common;C:\WINDOWS\system32;C:\WINDOWS;C:\WINDOWS\System32\Wbem;C:\WINDOWS\System32\WindowsPowerShell\v1.0\;C:\Program Files\Java\jdk1.8.0_171\bin;D:\Software\Gwak\GnuWin32\bin;C:\WINDOWS\System32\OpenSSH\;C:\Program Files\Intel\WiFi\bin\;C:\Program Files\Common Files\Intel\WirelessCommon\;C:\Program Files (x86)\Intel\Intel(R) Management Engine Components\DAL;C:\Program Files\Intel\Intel(R) Management Engine Components\DAL;C:\Program Files (x86)\Intel\Intel(R) Management Engine Components\IPT;C:\Program Files\Intel\Intel(R) Management Engine Components\IPT;D:\Software\apache-maven-3.5.3-bin\bin;D:\Software\Git\cmd;C:\Users\PC\AppData\Local\Microsoft\WindowsApps;;.]
2018-07-21 12:58:52,180 - [INFO] - Initializing Spring embedded WebApplicationContext
2018-07-21 12:58:52,180 - [INFO] - Root WebApplicationContext: initialization completed in 1249 ms
2018-07-21 12:58:52,270 - [INFO] - Servlet dispatcherServlet mapped to [/]
2018-07-21 12:58:52,273 - [INFO] - Mapping filter: 'characterEncodingFilter' to: [/*]
2018-07-21 12:58:52,273 - [INFO] - Mapping filter: 'hiddenHttpMethodFilter' to: [/*]
2018-07-21 12:58:52,273 - [INFO] - Mapping filter: 'httpPutFormContentFilter' to: [/*]
2018-07-21 12:58:52,273 - [INFO] - Mapping filter: 'requestContextFilter' to: [/*]
2018-07-21 12:58:52,361 - [INFO] - HikariPool-1 - Starting...
2018-07-21 12:58:52,857 - [INFO] - HikariPool-1 - Start completed.
2018-07-21 12:58:53,058 - [INFO] - Building JPA container EntityManagerFactory for persistence unit 'default'
2018-07-21 12:58:53,070 - [INFO] - HHH000204: Processing PersistenceUnitInfo [
	name: default
	...]
2018-07-21 12:58:53,115 - [INFO] - HHH000412: Hibernate Core {5.2.17.Final}
2018-07-21 12:58:53,116 - [INFO] - HHH000206: hibernate.properties not found
2018-07-21 12:58:53,143 - [INFO] - HCANN000001: Hibernate Commons Annotations {5.0.1.Final}
2018-07-21 12:58:53,629 - [INFO] - HHH000400: Using dialect: org.hibernate.dialect.MySQL5Dialect
2018-07-21 12:58:56,216 - [INFO] - Initialized JPA EntityManagerFactory for persistence unit 'default'
2018-07-21 12:58:58,692 - [INFO] - Mapped URL path [/**/favicon.ico] onto handler of type [class org.springframework.web.servlet.resource.ResourceHttpRequestHandler]
2018-07-21 12:58:59,612 - [INFO] - Looking for @ControllerAdvice: org.springframework.boot.web.servlet.context.AnnotationConfigServletWebServerApplicationContext@6c6cb480: startup date [Sat Jul 21 12:58:50 EDT 2018]; root of context hierarchy
2018-07-21 12:58:59,864 - [INFO] - spring.jpa.open-in-view is enabled by default. Therefore, database queries may be performed during view rendering. Explicitly configure spring.jpa.open-in-view to disable this warning
2018-07-21 12:58:59,963 - [INFO] - Mapped "{[/booth/list],methods=[GET]}" onto public com.xxy.ordersystem.viewmessage.ResultVO<java.util.List<com.xxy.ordersystem.viewmessage.viewobject.BoothVO>> com.xxy.ordersystem.controller.BoothController.list(java.lang.Integer,java.lang.Integer,java.lang.Integer)
2018-07-21 12:58:59,963 - [INFO] - Mapped "{[/booth/recommend],methods=[GET]}" onto public com.xxy.ordersystem.viewmessage.ResultVO<java.util.List<com.xxy.ordersystem.viewmessage.viewobject.BoothVO>> com.xxy.ordersystem.controller.BoothController.recommend()
2018-07-21 12:58:59,964 - [INFO] - Mapped "{[/food/list],methods=[GET]}" onto public com.xxy.ordersystem.viewmessage.ResultVO<java.util.List<com.xxy.ordersystem.viewmessage.viewobject.FoodVO>> com.xxy.ordersystem.controller.FoodConttroller.list(java.lang.Integer,java.lang.Integer,java.lang.String)
2018-07-21 12:58:59,964 - [INFO] - Mapped "{[/food/listAllFood],methods=[GET]}" onto public com.xxy.ordersystem.viewmessage.ResultVO com.xxy.ordersystem.controller.FoodConttroller.listAllFood()
2018-07-21 12:58:59,966 - [INFO] - Mapped "{[/order/create],methods=[POST]}" onto public com.xxy.ordersystem.viewmessage.ResultVO<java.lang.String> com.xxy.ordersystem.controller.OrderController.create(com.xxy.ordersystem.form.OrderForm,org.springframework.validation.BindingResult)
2018-07-21 12:58:59,967 - [INFO] - Mapped "{[/order/cancel],methods=[POST]}" onto public com.xxy.ordersystem.viewmessage.ResultVO<java.lang.String> com.xxy.ordersystem.controller.OrderController.cancel(java.lang.String,java.lang.String,java.lang.String)
2018-07-21 12:58:59,967 - [INFO] - Mapped "{[/order/detail],methods=[GET]}" onto public com.xxy.ordersystem.viewmessage.ResultVO<com.xxy.ordersystem.dto.OrderDTO> com.xxy.ordersystem.controller.OrderController.getOrdersById(java.lang.String,java.lang.String)
2018-07-21 12:58:59,967 - [INFO] - Mapped "{[/order/list],methods=[GET]}" onto public com.xxy.ordersystem.viewmessage.ResultVO<java.util.List<com.xxy.ordersystem.viewmessage.viewobject.OrderVO>> com.xxy.ordersystem.controller.OrderController.getAllOrders(java.lang.String,java.lang.Integer,java.lang.Integer,java.lang.Integer)
2018-07-21 12:58:59,967 - [INFO] - Mapped "{[/order/startPrepare],methods=[POST]}" onto public com.xxy.ordersystem.viewmessage.ResultVO<java.lang.String> com.xxy.ordersystem.controller.OrderController.startPrepare(java.lang.String,java.lang.String)
2018-07-21 12:58:59,967 - [INFO] - Mapped "{[/order/confirmReceived],methods=[POST]}" onto public com.xxy.ordersystem.viewmessage.ResultVO<java.lang.String> com.xxy.ordersystem.controller.OrderController.confirmReceived(java.lang.String,java.lang.String)
2018-07-21 12:58:59,967 - [INFO] - Mapped "{[/order/confirmDelivered],methods=[POST]}" onto public com.xxy.ordersystem.viewmessage.ResultVO<java.lang.String> com.xxy.ordersystem.controller.OrderController.confirmDelivered(java.lang.String,java.lang.String)
2018-07-21 12:58:59,968 - [INFO] - Mapped "{[/order/finishPrepare],methods=[POST]}" onto public com.xxy.ordersystem.viewmessage.ResultVO<java.lang.String> com.xxy.ordersystem.controller.OrderController.finishPrepare(java.lang.String,java.lang.String)
2018-07-21 12:58:59,968 - [INFO] - Mapped "{[/order/startDeliver],methods=[POST]}" onto public com.xxy.ordersystem.viewmessage.ResultVO<java.lang.String> com.xxy.ordersystem.controller.OrderController.startDeliver(java.lang.String,java.lang.String)
2018-07-21 12:58:59,969 - [INFO] - Mapped "{[/search/all],methods=[GET]}" onto public com.xxy.ordersystem.viewmessage.ResultVO<com.xxy.ordersystem.viewmessage.viewobject.SearchResultVO> com.xxy.ordersystem.controller.SearchController.searchAll(java.lang.String,java.lang.String,java.lang.Integer,java.lang.Integer)
2018-07-21 12:58:59,970 - [INFO] - Mapped "{[/error]}" onto public org.springframework.http.ResponseEntity<java.util.Map<java.lang.String, java.lang.Object>> org.springframework.boot.autoconfigure.web.servlet.error.BasicErrorController.error(javax.servlet.http.HttpServletRequest)
2018-07-21 12:58:59,971 - [INFO] - Mapped "{[/error],produces=[text/html]}" onto public org.springframework.web.servlet.ModelAndView org.springframework.boot.autoconfigure.web.servlet.error.BasicErrorController.errorHtml(javax.servlet.http.HttpServletRequest,javax.servlet.http.HttpServletResponse)
2018-07-21 12:58:59,988 - [INFO] - Mapped URL path [/webjars/**] onto handler of type [class org.springframework.web.servlet.resource.ResourceHttpRequestHandler]
2018-07-21 12:58:59,988 - [INFO] - Mapped URL path [/**] onto handler of type [class org.springframework.web.servlet.resource.ResourceHttpRequestHandler]
2018-07-21 12:59:00,973 - [INFO] - Registering beans for JMX exposure on startup
2018-07-21 12:59:00,974 - [INFO] - Bean with name 'dataSource' has been autodetected for JMX exposure
2018-07-21 12:59:00,978 - [INFO] - Located MBean 'dataSource': registering with JMX server as MBean [com.zaxxer.hikari:name=dataSource,type=HikariDataSource]
2018-07-21 12:59:00,999 - [INFO] - Starting ProtocolHandler ["http-nio-8080"]
2018-07-21 12:59:01,007 - [INFO] - Using a shared selector for servlet write/read
2018-07-21 12:59:01,205 - [INFO] - Tomcat started on port(s): 8080 (http) with context path '/os'
2018-07-21 12:59:01,207 - [INFO] - Started OrdersystemApplication in 10.754 seconds (JVM running for 11.748)
2018-07-21 13:01:02,617 - [INFO] - Initializing Spring FrameworkServlet 'dispatcherServlet'
2018-07-21 13:01:02,617 - [INFO] - FrameworkServlet 'dispatcherServlet': initialization started
2018-07-21 13:01:02,639 - [INFO] - FrameworkServlet 'dispatcherServlet': initialization completed in 22 ms
2018-07-21 13:02:09,121 - [INFO] - HHH000397: Using ASTQueryTranslatorFactory
2018-07-21 13:46:09,136 - [INFO] - boothVOList.size: 3
2018-07-21 13:49:57,086 - [INFO] - boothVOList.size: 3
2018-07-21 13:50:50,175 - [INFO] - boothVOList.size: 3
2018-07-21 13:51:00,355 - [INFO] - boothVOList.size: 3
2018-07-21 13:51:07,148 - [INFO] - boothVOList.size: 3
2018-07-21 13:51:57,462 - [INFO] - boothVOList.size: 3
2018-07-21 13:54:12,636 - [INFO] - boothVOList.size: 3
2018-07-21 13:57:40,213 - [INFO] - boothVOList.size: 3
2018-07-21 13:58:54,077 - [INFO] - boothVOList.size: 3
2018-07-21 14:01:04,630 - [INFO] - Starting OrdersystemApplication on DESKTOP-3IDJ6KU with PID 17412 (D:\Workspace\IJIDEA\ordersystem\target\classes started by PC in D:\Workspace\IJIDEA\ordersystem)
2018-07-21 14:01:04,634 - [INFO] - No active profile set, falling back to default profiles: default
2018-07-21 14:01:04,704 - [INFO] - Refreshing org.springframework.boot.web.servlet.context.AnnotationConfigServletWebServerApplicationContext@130dca52: startup date [Sat Jul 21 14:01:04 EDT 2018]; root of context hierarchy
2018-07-21 14:01:05,533 - [INFO] - Bean 'org.springframework.transaction.annotation.ProxyTransactionManagementConfiguration' of type [org.springframework.transaction.annotation.ProxyTransactionManagementConfiguration$$EnhancerBySpringCGLIB$$c2f31782] is not eligible for getting processed by all BeanPostProcessors (for example: not eligible for auto-proxying)
2018-07-21 14:01:05,775 - [INFO] - Tomcat initialized with port(s): 8080 (http)
2018-07-21 14:01:05,789 - [INFO] - Initializing ProtocolHandler ["http-nio-8080"]
2018-07-21 14:01:05,797 - [INFO] - Starting service [Tomcat]
2018-07-21 14:01:05,797 - [INFO] - Starting Servlet Engine: Apache Tomcat/8.5.31
2018-07-21 14:01:05,801 - [INFO] - The APR based Apache Tomcat Native library which allows optimal performance in production environments was not found on the java.library.path: [C:\Program Files\Java\jdk1.8.0_171\bin;C:\WINDOWS\Sun\Java\bin;C:\WINDOWS\system32;C:\WINDOWS;C:\Program Files (x86)\Common Files\Oracle\Java\javapath;C:\Program Files (x86)\Intel\iCLS Client\;C:\ProgramData\Oracle\Java\javapath;C:\Program Files\Intel\iCLS Client\;C:\Windows\system32;C:\Windows;C:\Windows\System32\Wbem;C:\Windows\System32\WindowsPowerShell\v1.0\;C:\Program Files (x86)\NVIDIA Corporation\PhysX\Common;C:\WINDOWS\system32;C:\WINDOWS;C:\WINDOWS\System32\Wbem;C:\WINDOWS\System32\WindowsPowerShell\v1.0\;C:\Program Files\Java\jdk1.8.0_171\bin;D:\Software\Gwak\GnuWin32\bin;C:\WINDOWS\System32\OpenSSH\;C:\Program Files\Intel\WiFi\bin\;C:\Program Files\Common Files\Intel\WirelessCommon\;C:\Program Files (x86)\Intel\Intel(R) Management Engine Components\DAL;C:\Program Files\Intel\Intel(R) Management Engine Components\DAL;C:\Program Files (x86)\Intel\Intel(R) Management Engine Components\IPT;C:\Program Files\Intel\Intel(R) Management Engine Components\IPT;D:\Software\apache-maven-3.5.3-bin\bin;D:\Software\Git\cmd;C:\Users\PC\AppData\Local\Microsoft\WindowsApps;;.]
2018-07-21 14:01:05,911 - [INFO] - Initializing Spring embedded WebApplicationContext
2018-07-21 14:01:05,911 - [INFO] - Root WebApplicationContext: initialization completed in 1207 ms
2018-07-21 14:01:06,030 - [INFO] - Servlet dispatcherServlet mapped to [/]
2018-07-21 14:01:06,035 - [INFO] - Mapping filter: 'characterEncodingFilter' to: [/*]
2018-07-21 14:01:06,035 - [INFO] - Mapping filter: 'hiddenHttpMethodFilter' to: [/*]
2018-07-21 14:01:06,035 - [INFO] - Mapping filter: 'httpPutFormContentFilter' to: [/*]
2018-07-21 14:01:06,035 - [INFO] - Mapping filter: 'requestContextFilter' to: [/*]
2018-07-21 14:01:06,167 - [INFO] - HikariPool-1 - Starting...
2018-07-21 14:01:06,355 - [INFO] - HikariPool-1 - Start completed.
2018-07-21 14:01:06,403 - [INFO] - Building JPA container EntityManagerFactory for persistence unit 'default'
2018-07-21 14:01:06,412 - [INFO] - HHH000204: Processing PersistenceUnitInfo [
	name: default
	...]
2018-07-21 14:01:06,469 - [INFO] - HHH000412: Hibernate Core {5.2.17.Final}
2018-07-21 14:01:06,471 - [INFO] - HHH000206: hibernate.properties not found
2018-07-21 14:01:06,506 - [INFO] - HCANN000001: Hibernate Commons Annotations {5.0.1.Final}
2018-07-21 14:01:06,654 - [INFO] - HHH000400: Using dialect: org.hibernate.dialect.MySQL5Dialect
2018-07-21 14:01:07,093 - [INFO] - Initialized JPA EntityManagerFactory for persistence unit 'default'
2018-07-21 14:01:08,281 - [INFO] - Mapped URL path [/**/favicon.ico] onto handler of type [class org.springframework.web.servlet.resource.ResourceHttpRequestHandler]
2018-07-21 14:01:08,483 - [INFO] - Looking for @ControllerAdvice: org.springframework.boot.web.servlet.context.AnnotationConfigServletWebServerApplicationContext@130dca52: startup date [Sat Jul 21 14:01:04 EDT 2018]; root of context hierarchy
2018-07-21 14:01:08,511 - [INFO] - spring.jpa.open-in-view is enabled by default. Therefore, database queries may be performed during view rendering. Explicitly configure spring.jpa.open-in-view to disable this warning
2018-07-21 14:01:08,540 - [INFO] - Mapped "{[/booth/list],methods=[GET]}" onto public com.xxy.ordersystem.viewmessage.ResultVO<java.util.List<com.xxy.ordersystem.viewmessage.viewobject.BoothVO>> com.xxy.ordersystem.controller.BoothController.list(java.lang.Integer,java.lang.Integer,java.lang.Integer)
2018-07-21 14:01:08,541 - [INFO] - Mapped "{[/booth/recommend],methods=[GET]}" onto public com.xxy.ordersystem.viewmessage.ResultVO<java.util.List<com.xxy.ordersystem.viewmessage.viewobject.BoothVO>> com.xxy.ordersystem.controller.BoothController.recommend()
2018-07-21 14:01:08,542 - [INFO] - Mapped "{[/food/list],methods=[GET]}" onto public com.xxy.ordersystem.viewmessage.ResultVO<java.util.List<com.xxy.ordersystem.viewmessage.viewobject.FoodVO>> com.xxy.ordersystem.controller.FoodConttroller.list(java.lang.Integer,java.lang.Integer,java.lang.String)
2018-07-21 14:01:08,542 - [INFO] - Mapped "{[/food/listAllFood],methods=[GET]}" onto public com.xxy.ordersystem.viewmessage.ResultVO com.xxy.ordersystem.controller.FoodConttroller.listAllFood()
2018-07-21 14:01:08,544 - [INFO] - Mapped "{[/order/create],methods=[POST]}" onto public com.xxy.ordersystem.viewmessage.ResultVO<java.lang.String> com.xxy.ordersystem.controller.OrderController.create(com.xxy.ordersystem.form.OrderForm,org.springframework.validation.BindingResult)
2018-07-21 14:01:08,544 - [INFO] - Mapped "{[/order/cancel],methods=[POST]}" onto public com.xxy.ordersystem.viewmessage.ResultVO<java.lang.String> com.xxy.ordersystem.controller.OrderController.cancel(java.lang.String,java.lang.String,java.lang.String)
2018-07-21 14:01:08,545 - [INFO] - Mapped "{[/order/startPrepare],methods=[POST]}" onto public com.xxy.ordersystem.viewmessage.ResultVO<java.lang.String> com.xxy.ordersystem.controller.OrderController.startPrepare(java.lang.String,java.lang.String)
2018-07-21 14:01:08,545 - [INFO] - Mapped "{[/order/startDeliver],methods=[POST]}" onto public com.xxy.ordersystem.viewmessage.ResultVO<java.lang.String> com.xxy.ordersystem.controller.OrderController.startDeliver(java.lang.String,java.lang.String)
2018-07-21 14:01:08,545 - [INFO] - Mapped "{[/order/confirmDelivered],methods=[POST]}" onto public com.xxy.ordersystem.viewmessage.ResultVO<java.lang.String> com.xxy.ordersystem.controller.OrderController.confirmDelivered(java.lang.String,java.lang.String)
2018-07-21 14:01:08,545 - [INFO] - Mapped "{[/order/confirmReceived],methods=[POST]}" onto public com.xxy.ordersystem.viewmessage.ResultVO<java.lang.String> com.xxy.ordersystem.controller.OrderController.confirmReceived(java.lang.String,java.lang.String)
2018-07-21 14:01:08,545 - [INFO] - Mapped "{[/order/finishPrepare],methods=[POST]}" onto public com.xxy.ordersystem.viewmessage.ResultVO<java.lang.String> com.xxy.ordersystem.controller.OrderController.finishPrepare(java.lang.String,java.lang.String)
2018-07-21 14:01:08,546 - [INFO] - Mapped "{[/order/list],methods=[GET]}" onto public com.xxy.ordersystem.viewmessage.ResultVO<java.util.List<com.xxy.ordersystem.viewmessage.viewobject.OrderVO>> com.xxy.ordersystem.controller.OrderController.getAllOrders(java.lang.String,java.lang.Integer,java.lang.Integer,java.lang.Integer)
2018-07-21 14:01:08,546 - [INFO] - Mapped "{[/order/detail],methods=[GET]}" onto public com.xxy.ordersystem.viewmessage.ResultVO<com.xxy.ordersystem.dto.OrderDTO> com.xxy.ordersystem.controller.OrderController.getOrdersById(java.lang.String,java.lang.String)
2018-07-21 14:01:08,546 - [INFO] - Mapped "{[/search/all],methods=[GET]}" onto public com.xxy.ordersystem.viewmessage.ResultVO<com.xxy.ordersystem.viewmessage.viewobject.SearchResultVO> com.xxy.ordersystem.controller.SearchController.searchAll(java.lang.String,java.lang.String,java.lang.Integer,java.lang.Integer)
2018-07-21 14:01:08,548 - [INFO] - Mapped "{[/error]}" onto public org.springframework.http.ResponseEntity<java.util.Map<java.lang.String, java.lang.Object>> org.springframework.boot.autoconfigure.web.servlet.error.BasicErrorController.error(javax.servlet.http.HttpServletRequest)
2018-07-21 14:01:08,548 - [INFO] - Mapped "{[/error],produces=[text/html]}" onto public org.springframework.web.servlet.ModelAndView org.springframework.boot.autoconfigure.web.servlet.error.BasicErrorController.errorHtml(javax.servlet.http.HttpServletRequest,javax.servlet.http.HttpServletResponse)
2018-07-21 14:01:08,571 - [INFO] - Mapped URL path [/webjars/**] onto handler of type [class org.springframework.web.servlet.resource.ResourceHttpRequestHandler]
2018-07-21 14:01:08,571 - [INFO] - Mapped URL path [/**] onto handler of type [class org.springframework.web.servlet.resource.ResourceHttpRequestHandler]
2018-07-21 14:01:08,836 - [INFO] - Registering beans for JMX exposure on startup
2018-07-21 14:01:08,837 - [INFO] - Bean with name 'dataSource' has been autodetected for JMX exposure
2018-07-21 14:01:08,841 - [INFO] - Located MBean 'dataSource': registering with JMX server as MBean [com.zaxxer.hikari:name=dataSource,type=HikariDataSource]
2018-07-21 14:01:08,851 - [INFO] - Starting ProtocolHandler ["http-nio-8080"]
2018-07-21 14:01:08,859 - [INFO] - Using a shared selector for servlet write/read
2018-07-21 14:01:08,869 - [INFO] - Tomcat started on port(s): 8080 (http) with context path '/os'
2018-07-21 14:01:08,871 - [INFO] - Started OrdersystemApplication in 4.804 seconds (JVM running for 6.126)
2018-07-21 14:01:15,317 - [INFO] - Initializing Spring FrameworkServlet 'dispatcherServlet'
2018-07-21 14:01:15,317 - [INFO] - FrameworkServlet 'dispatcherServlet': initialization started
2018-07-21 14:01:15,343 - [INFO] - FrameworkServlet 'dispatcherServlet': initialization completed in 26 ms
2018-07-21 14:01:15,398 - [INFO] - HHH000397: Using ASTQueryTranslatorFactory
2018-07-21 14:03:07,447 - [INFO] - HikariPool-1 - Thread starvation or clock leap detected (housekeeper delta=1m30s719ms324s922ns).
2018-07-21 14:11:51,565 - [INFO] - boothVOList.size: 3
2018-07-21 14:12:28,750 - [INFO] - boothVOList.size: 3
2018-07-21 14:15:14,429 - [INFO] - boothVOList.size: 3
2018-07-21 14:15:23,451 - [INFO] - boothVOList.size: 3
2018-07-21 14:21:19,731 - [INFO] - boothVOList.size: 3
